[parsing started RegularFileObject[/home/js/dev/repo/ridill/zrlog/web/src/main/java/com/zrlog/web/plugin/UpdateVersionHandler.java]]
[parsing completed 19ms]
[parsing started RegularFileObject[/home/js/dev/repo/ridill/zrlog/web/src/main/java/com/zrlog/web/render/BlogFrontendFreeMarkerRender.java]]
[parsing completed 7ms]
[parsing started RegularFileObject[/home/js/dev/repo/ridill/zrlog/web/src/main/java/com/zrlog/web/version/V6UpgradeVersionHandler.java]]
[parsing completed 1ms]
[parsing started RegularFileObject[/home/js/dev/repo/ridill/zrlog/web/src/main/java/com/zrlog/web/controller/admin/api/WebSiteController.java]]
[parsing completed 1ms]
[parsing started RegularFileObject[/home/js/dev/repo/ridill/zrlog/web/src/main/java/com/zrlog/web/controller/blog/ApiArticleController.java]]
[parsing completed 0ms]
[parsing started RegularFileObject[/home/js/dev/repo/ridill/zrlog/web/src/main/java/com/zrlog/web/controller/admin/page/AdminTemplatePageController.java]]
[parsing completed 3ms]
[parsing started RegularFileObject[/home/js/dev/repo/ridill/zrlog/web/src/main/java/com/zrlog/web/cache/vo/Archive.java]]
[parsing completed 1ms]
[parsing started RegularFileObject[/home/js/dev/repo/ridill/zrlog/web/src/main/java/com/zrlog/web/version/V5UpgradeVersionHandler.java]]
[parsing completed 1ms]
[parsing started RegularFileObject[/home/js/dev/repo/ridill/zrlog/web/src/main/java/com/zrlog/web/controller/BaseController.java]]
[parsing completed 2ms]
[parsing started RegularFileObject[/home/js/dev/repo/ridill/zrlog/web/src/main/java/com/zrlog/web/annotation/RefreshCache.java]]
[parsing completed 0ms]
[parsing started RegularFileObject[/home/js/dev/repo/ridill/zrlog/web/src/main/java/com/zrlog/web/interceptor/InitDataInterceptor.java]]
[parsing completed 1ms]
[parsing started RegularFileObject[/home/js/dev/repo/ridill/zrlog/web/src/main/java/com/zrlog/web/plugin/PluginGhostThread.java]]
[parsing completed 1ms]
[parsing started RegularFileObject[/home/js/dev/repo/ridill/zrlog/web/src/main/java/com/zrlog/web/plugin/PluginCorePlugin.java]]
[parsing completed 1ms]
[parsing started RegularFileObject[/home/js/dev/repo/ridill/zrlog/web/src/main/java/com/zrlog/web/controller/admin/api/UploadController.java]]
[parsing completed 1ms]
[parsing started RegularFileObject[/home/js/dev/repo/ridill/zrlog/web/src/main/java/com/zrlog/web/controller/admin/api/BlogNavController.java]]
[parsing completed 1ms]
[parsing started RegularFileObject[/home/js/dev/repo/ridill/zrlog/web/src/main/java/com/zrlog/web/handler/PluginHandler.java]]
[parsing completed 1ms]
[parsing started RegularFileObject[/home/js/dev/repo/ridill/zrlog/web/src/main/java/com/zrlog/web/controller/admin/page/AdminPageController.java]]
[parsing completed 1ms]
[parsing started RegularFileObject[/home/js/dev/repo/ridill/zrlog/web/src/main/java/com/zrlog/web/plugin/RequestStatisticsPlugin.java]]
[parsing completed 3ms]
[parsing started RegularFileObject[/home/js/dev/repo/ridill/zrlog/web/src/main/java/com/zrlog/web/plugin/RequestInfo.java]]
[parsing completed 1ms]
[parsing started RegularFileObject[/home/js/dev/repo/ridill/zrlog/web/src/main/java/com/zrlog/web/token/AdminTokenService.java]]
[parsing completed 3ms]
[parsing started RegularFileObject[/home/js/dev/repo/ridill/zrlog/web/src/main/java/com/zrlog/web/handler/ResponseRenderPrintWriter.java]]
[parsing completed 3ms]
[parsing started RegularFileObject[/home/js/dev/repo/ridill/zrlog/web/src/main/java/com/zrlog/web/controller/admin/api/AdminController.java]]
[parsing completed 1ms]
[parsing started RegularFileObject[/home/js/dev/repo/ridill/zrlog/web/src/main/java/com/zrlog/web/plugin/ZipUpdateVersionThread.java]]
[parsing completed 1ms]
[parsing started RegularFileObject[/home/js/dev/repo/ridill/zrlog/web/src/main/java/com/zrlog/web/interceptor/BlackListInterceptor.java]]
[parsing completed 1ms]
[parsing started RegularFileObject[/home/js/dev/repo/ridill/zrlog/web/src/main/java/com/zrlog/web/controller/blog/InstallController.java]]
[parsing completed 1ms]
[parsing started RegularFileObject[/home/js/dev/repo/ridill/zrlog/web/src/main/java/com/zrlog/web/plugin/WarUpdateVersionThread.java]]
[parsing completed 2ms]
[parsing started RegularFileObject[/home/js/dev/repo/ridill/zrlog/web/src/main/java/com/zrlog/web/controller/admin/api/CommentController.java]]
[parsing completed 1ms]
[parsing started RegularFileObject[/home/js/dev/repo/ridill/zrlog/web/src/main/java/com/zrlog/web/handler/GlobalResourceHandler.java]]
[parsing completed 2ms]
[parsing started RegularFileObject[/home/js/dev/repo/ridill/zrlog/web/src/main/java/com/zrlog/web/config/AdminRoutes.java]]
[parsing completed 1ms]
[parsing started RegularFileObject[/home/js/dev/repo/ridill/zrlog/web/src/main/java/com/zrlog/web/interceptor/MyI18nInterceptor.java]]
[parsing completed 0ms]
[parsing started RegularFileObject[/home/js/dev/repo/ridill/zrlog/web/src/main/java/com/zrlog/web/interceptor/AdminInterceptor.java]]
[parsing completed 2ms]
[parsing started RegularFileObject[/home/js/dev/repo/ridill/zrlog/web/src/main/java/com/zrlog/web/plugin/CacheCleanerPlugin.java]]
[parsing completed 1ms]
[parsing started RegularFileObject[/home/js/dev/repo/ridill/zrlog/web/src/main/java/com/zrlog/web/controller/admin/api/UpgradeController.java]]
[parsing completed 2ms]
[parsing started RegularFileObject[/home/js/dev/repo/ridill/zrlog/web/src/main/java/com/zrlog/web/Application.java]]
[parsing completed 1ms]
[parsing started RegularFileObject[/home/js/dev/repo/ridill/zrlog/web/src/main/java/com/zrlog/web/handler/MyHttpServletResponseWrapper.java]]
[parsing completed 0ms]
[parsing started RegularFileObject[/home/js/dev/repo/ridill/zrlog/web/src/main/java/com/zrlog/web/plugin/PluginCoreProcess.java]]
[parsing completed 2ms]
[parsing started RegularFileObject[/home/js/dev/repo/ridill/zrlog/web/src/main/java/com/zrlog/web/controller/blog/ArticleController.java]]
[parsing completed 2ms]
[parsing started RegularFileObject[/home/js/dev/repo/ridill/zrlog/web/src/main/java/com/zrlog/web/controller/admin/page/AdminArticlePageController.java]]
[parsing completed 1ms]
[parsing started RegularFileObject[/home/js/dev/repo/ridill/zrlog/web/src/main/java/com/zrlog/web/controller/admin/api/TypeController.java]]
[parsing completed 0ms]
[parsing started RegularFileObject[/home/js/dev/repo/ridill/zrlog/web/src/main/java/com/zrlog/web/version/UpgradeVersionHandler.java]]
[parsing completed 0ms]
[parsing started RegularFileObject[/home/js/dev/repo/ridill/zrlog/web/src/main/java/com/zrlog/web/controller/admin/api/AdminArticleController.java]]
[parsing completed 1ms]
[parsing started RegularFileObject[/home/js/dev/repo/ridill/zrlog/web/src/main/java/com/zrlog/web/plugin/UpdateVersionTimerTask.java]]
[parsing completed 1ms]
[parsing started RegularFileObject[/home/js/dev/repo/ridill/zrlog/web/src/main/java/com/zrlog/web/interceptor/TemplateHelper.java]]
[parsing completed 3ms]
[parsing started RegularFileObject[/home/js/dev/repo/ridill/zrlog/web/src/main/java/com/zrlog/web/interceptor/VisitorInterceptor.java]]
[parsing completed 1ms]
[parsing started RegularFileObject[/home/js/dev/repo/ridill/zrlog/web/src/main/java/com/zrlog/web/plugin/UpdateVersionPlugin.java]]
[parsing completed 0ms]
[parsing started RegularFileObject[/home/js/dev/repo/ridill/zrlog/web/src/main/java/com/zrlog/web/cache/CacheService.java]]
[parsing completed 1ms]
[parsing started RegularFileObject[/home/js/dev/repo/ridill/zrlog/web/src/main/java/com/zrlog/web/controller/admin/api/TemplateController.java]]
[parsing completed 3ms]
[parsing started RegularFileObject[/home/js/dev/repo/ridill/zrlog/web/src/main/java/com/zrlog/web/cache/vo/BaseDataInitVO.java]]
[parsing completed 0ms]
[parsing started RegularFileObject[/home/js/dev/repo/ridill/zrlog/web/src/main/java/com/zrlog/web/interceptor/RouterInterceptor.java]]
[parsing completed 1ms]
[parsing started RegularFileObject[/home/js/dev/repo/ridill/zrlog/web/src/main/java/com/zrlog/web/token/AdminTokenThreadLocal.java]]
[parsing completed 0ms]
[parsing started RegularFileObject[/home/js/dev/repo/ridill/zrlog/web/src/main/java/com/zrlog/web/controller/admin/api/LinkController.java]]
[parsing completed 0ms]
[parsing started RegularFileObject[/home/js/dev/repo/ridill/zrlog/web/src/main/java/com/zrlog/web/config/ZrLogConfig.java]]
[parsing completed 1ms]
[search path for source files: /home/js/dev/repo/ridill/zrlog/web/src/main/java,/home/js/dev/repo/ridill/zrlog/web/target/generated-sources/annotations]
[search path for class files: /usr/lib/jvm/java-8-openjdk-amd64/jre/lib/resources.jar,/usr/lib/jvm/java-8-openjdk-amd64/jre/lib/rt.jar,/usr/lib/jvm/java-8-openjdk-amd64/jre/lib/sunrsasign.jar,/usr/lib/jvm/java-8-openjdk-amd64/jre/lib/jsse.jar,/usr/lib/jvm/java-8-openjdk-amd64/jre/lib/jce.jar,/usr/lib/jvm/java-8-openjdk-amd64/jre/lib/charsets.jar,/usr/lib/jvm/java-8-openjdk-amd64/jre/lib/jfr.jar,/usr/lib/jvm/java-8-openjdk-amd64/jre/classes,/usr/lib/jvm/java-8-openjdk-amd64/jre/lib/ext/sunjce_provider.jar,/usr/lib/jvm/java-8-openjdk-amd64/jre/lib/ext/jaccess.jar,/usr/lib/jvm/java-8-openjdk-amd64/jre/lib/ext/nashorn.jar,/usr/lib/jvm/java-8-openjdk-amd64/jre/lib/ext/sunec.jar,/usr/lib/jvm/java-8-openjdk-amd64/jre/lib/ext/sunpkcs11.jar,/usr/lib/jvm/java-8-openjdk-amd64/jre/lib/ext/icedtea-sound.jar,/usr/lib/jvm/java-8-openjdk-amd64/jre/lib/ext/dnsns.jar,/usr/lib/jvm/java-8-openjdk-amd64/jre/lib/ext/zipfs.jar,/usr/lib/jvm/java-8-openjdk-amd64/jre/lib/ext/cldrdata.jar,/usr/lib/jvm/java-8-openjdk-amd64/jre/lib/ext/localedata.jar,/home/js/dev/repo/ridill/zrlog/web/target/classes,/home/js/dev/repo/ridill/zrlog/service/target/classes,/home/js/dev/repo/ridill/zrlog/data/target/classes,/home/js/dev/repo/ridill/zrlog/common/target/classes,/home/js/.m2/repository/com/hibegin/common-util/0.0.10/common-util-0.0.10.jar,/home/js/.m2/repository/com/google/code/gson/gson/2.8.6/gson-2.8.6.jar,/home/js/.m2/repository/org/jsoup/jsoup/1.12.1/jsoup-1.12.1.jar,/home/js/.m2/repository/net/coobird/thumbnailator/0.4.8/thumbnailator-0.4.8.jar,/home/js/.m2/repository/org/apache/httpcomponents/httpclient/4.5.3/httpclient-4.5.3.jar,/home/js/.m2/repository/org/apache/httpcomponents/httpcore/4.4.6/httpcore-4.4.6.jar,/home/js/.m2/repository/commons-logging/commons-logging/1.2/commons-logging-1.2.jar,/home/js/.m2/repository/commons-codec/commons-codec/1.9/commons-codec-1.9.jar,/home/js/.m2/repository/com/atlassian/commonmark/commonmark/0.11.0/commonmark-0.11.0.jar,/home/js/.m2/repository/eu/bitwalker/UserAgentUtils/1.21/UserAgentUtils-1.21.jar,/home/js/.m2/repository/com/zaxxer/HikariCP/3.4.1/HikariCP-3.4.1.jar,/home/js/.m2/repository/mysql/mysql-connector-java/8.0.17/mysql-connector-java-8.0.17.jar,/home/js/.m2/repository/com/google/protobuf/protobuf-java/3.6.1/protobuf-java-3.6.1.jar,/home/js/.m2/repository/com/jfinal/jfinal/4.8/jfinal-4.8.jar,/home/js/.m2/repository/com/jfinal/cos/2019.8/cos-2019.8.jar,/home/js/.m2/repository/jstl/jstl/1.2/jstl-1.2.jar,/home/js/.m2/repository/net/sourceforge/htmlcleaner/htmlcleaner/2.21/htmlcleaner-2.21.jar,/home/js/.m2/repository/org/jdom/jdom2/2.0.5/jdom2-2.0.5.jar,/home/js/.m2/repository/javax/servlet/javax.servlet-api/3.1.0/javax.servlet-api-3.1.0.jar,/home/js/.m2/repository/org/freemarker/freemarker/2.3.23/freemarker-2.3.23.jar,/home/js/.m2/repository/org/apache/tomcat/embed/tomcat-embed-core/9.0.35/tomcat-embed-core-9.0.35.jar,/home/js/.m2/repository/org/apache/tomcat/tomcat-annotations-api/9.0.35/tomcat-annotations-api-9.0.35.jar,/home/js/.m2/repository/org/apache/tomcat/embed/tomcat-embed-jasper/9.0.35/tomcat-embed-jasper-9.0.35.jar,/home/js/.m2/repository/org/apache/tomcat/embed/tomcat-embed-el/9.0.35/tomcat-embed-el-9.0.35.jar,/home/js/.m2/repository/org/eclipse/jdt/ecj/3.18.0/ecj-3.18.0.jar,/home/js/.m2/repository/org/slf4j/slf4j-api/1.7.12/slf4j-api-1.7.12.jar,/home/js/.m2/repository/org/slf4j/slf4j-log4j12/1.7.12/slf4j-log4j12-1.7.12.jar,/home/js/.m2/repository/log4j/log4j/1.2.17/log4j-1.2.17.jar,.]
[loading ZipFileIndexFileObject[/usr/lib/jvm/java-8-openjdk-amd64/lib/ct.sym(META-INF/sym/rt.jar/java/lang/Object.class)]]
[loading ZipFileIndexFileObject[/usr/lib/jvm/java-8-openjdk-amd64/lib/ct.sym(META-INF/sym/rt.jar/java/lang/String.class)]]
[loading ZipFileIndexFileObject[/home/js/.m2/repository/com/jfinal/jfinal/4.8/jfinal-4.8.jar(com/jfinal/render/FreeMarkerRender.class)]]
[loading ZipFileIndexFileObject[/home/js/.m2/repository/com/jfinal/jfinal/4.8/jfinal-4.8.jar(com/jfinal/render/Render.class)]]
[loading ZipFileIndexFileObject[/home/js/.m2/repository/com/jfinal/jfinal/4.8/jfinal-4.8.jar(com/jfinal/render/RenderException.class)]]
[loading ZipFileIndexFileObject[/home/js/.m2/repository/javax/servlet/javax.servlet-api/3.1.0/javax.servlet-api-3.1.0.jar(javax/servlet/ServletContext.class)]]
[loading ZipFileIndexFileObject[/usr/lib/jvm/java-8-openjdk-amd64/lib/ct.sym(META-INF/sym/rt.jar/java/io/PrintWriter.class)]]
[loading ZipFileIndexFileObject[/home/js/.m2/repository/org/freemarker/freemarker/2.3.23/freemarker-2.3.23.jar(freemarker/template/Configuration.class)]]
[loading ZipFileIndexFileObject[/usr/lib/jvm/java-8-openjdk-amd64/lib/ct.sym(META-INF/sym/rt.jar/java/util/Properties.class)]]
[loading ZipFileIndexFileObject[/usr/lib/jvm/java-8-openjdk-amd64/lib/ct.sym(META-INF/sym/rt.jar/java/util/Locale.class)]]
[loading RegularFileObject[/home/js/dev/repo/ridill/zrlog/service/target/classes/com/zrlog/service/ArticleService.class]]
[loading ZipFileIndexFileObject[/usr/lib/jvm/java-8-openjdk-amd64/lib/ct.sym(META-INF/sym/rt.jar/java/sql/Connection.class)]]
[loading ZipFileIndexFileObject[/usr/lib/jvm/java-8-openjdk-amd64/lib/ct.sym(META-INF/sym/rt.jar/java/sql/PreparedStatement.class)]]
[loading ZipFileIndexFileObject[/usr/lib/jvm/java-8-openjdk-amd64/lib/ct.sym(META-INF/sym/rt.jar/java/sql/ResultSet.class)]]
[loading ZipFileIndexFileObject[/usr/lib/jvm/java-8-openjdk-amd64/lib/ct.sym(META-INF/sym/rt.jar/java/sql/SQLException.class)]]
[loading ZipFileIndexFileObject[/usr/lib/jvm/java-8-openjdk-amd64/lib/ct.sym(META-INF/sym/rt.jar/java/lang/InterruptedException.class)]]
[loading ZipFileIndexFileObject[/usr/lib/jvm/java-8-openjdk-amd64/lib/ct.sym(META-INF/sym/rt.jar/java/lang/Exception.class)]]
[loading RegularFileObject[/home/js/dev/repo/ridill/zrlog/common/target/classes/com/zrlog/common/response/VersionResponse.class]]
[loading RegularFileObject[/home/js/dev/repo/ridill/zrlog/common/target/classes/com/zrlog/common/response/WebSiteSettingUpdateResponse.class]]
[loading RegularFileObject[/home/js/dev/repo/ridill/zrlog/data/target/classes/com/zrlog/model/WebSite.class]]
[loading RegularFileObject[/home/js/dev/repo/ridill/zrlog/common/target/classes/com/zrlog/util/BlogBuildInfoUtil.class]]
[loading RegularFileObject[/home/js/dev/repo/ridill/zrlog/common/target/classes/com/zrlog/util/ZrLogUtil.class]]
[loading ZipFileIndexFileObject[/usr/lib/jvm/java-8-openjdk-amd64/lib/ct.sym(META-INF/sym/rt.jar/java/util/HashMap.class)]]
[loading ZipFileIndexFileObject[/usr/lib/jvm/java-8-openjdk-amd64/lib/ct.sym(META-INF/sym/rt.jar/java/util/Map.class)]]
[loading ZipFileIndexFileObject[/usr/lib/jvm/java-8-openjdk-amd64/lib/ct.sym(META-INF/sym/rt.jar/java/util/Map$Entry.class)]]
[loading ZipFileIndexFileObject[/home/js/.m2/repository/com/google/code/gson/gson/2.8.6/gson-2.8.6.jar(com/google/gson/Gson.class)]]
[loading ZipFileIndexFileObject[/home/js/.m2/repository/com/jfinal/jfinal/4.8/jfinal-4.8.jar(com/jfinal/core/Controller.class)]]
[loading ZipFileIndexFileObject[/home/js/.m2/repository/com/jfinal/jfinal/4.8/jfinal-4.8.jar(com/jfinal/kit/PathKit.class)]]
[loading RegularFileObject[/home/js/dev/repo/ridill/zrlog/common/target/classes/com/zrlog/common/Constants.class]]
[loading RegularFileObject[/home/js/dev/repo/ridill/zrlog/common/target/classes/com/zrlog/common/request/PageableRequest.class]]
[loading ZipFileIndexFileObject[/home/js/.m2/repository/org/slf4j/slf4j-api/1.7.12/slf4j-api-1.7.12.jar(org/slf4j/Logger.class)]]
[loading ZipFileIndexFileObject[/home/js/.m2/repository/org/slf4j/slf4j-api/1.7.12/slf4j-api-1.7.12.jar(org/slf4j/LoggerFactory.class)]]
[loading ZipFileIndexFileObject[/usr/lib/jvm/java-8-openjdk-amd64/lib/ct.sym(META-INF/sym/rt.jar/java/io/File.class)]]
[loading ZipFileIndexFileObject[/usr/lib/jvm/java-8-openjdk-amd64/lib/ct.sym(META-INF/sym/rt.jar/java/io/UnsupportedEncodingException.class)]]
[loading ZipFileIndexFileObject[/usr/lib/jvm/java-8-openjdk-amd64/lib/ct.sym(META-INF/sym/rt.jar/java/net/URLDecoder.class)]]
[loading ZipFileIndexFileObject[/usr/lib/jvm/java-8-openjdk-amd64/lib/ct.sym(META-INF/sym/rt.jar/java/nio/charset/StandardCharsets.class)]]
[loading ZipFileIndexFileObject[/usr/lib/jvm/java-8-openjdk-amd64/lib/ct.sym(META-INF/sym/rt.jar/java/lang/Integer.class)]]
[loading RegularFileObject[/home/js/dev/repo/ridill/zrlog/common/target/classes/com/zrlog/common/request/CreateCommentRequest.class]]
[loading RegularFileObject[/home/js/dev/repo/ridill/zrlog/common/target/classes/com/zrlog/common/response/CreateCommentResponse.class]]
[loading RegularFileObject[/home/js/dev/repo/ridill/zrlog/data/target/classes/com/zrlog/model/Comment.class]]
[loading RegularFileObject[/home/js/dev/repo/ridill/zrlog/data/target/classes/com/zrlog/model/Log.class]]
[loading RegularFileObject[/home/js/dev/repo/ridill/zrlog/data/target/classes/com/zrlog/model/Type.class]]
[loading RegularFileObject[/home/js/dev/repo/ridill/zrlog/service/target/classes/com/zrlog/service/CommentService.class]]
[loading RegularFileObject[/home/js/dev/repo/ridill/zrlog/common/target/classes/com/zrlog/util/I18nUtil.class]]
[loading RegularFileObject[/home/js/dev/repo/ridill/zrlog/common/target/classes/com/zrlog/util/PagerUtil.class]]
[loading RegularFileObject[/home/js/dev/repo/ridill/zrlog/common/target/classes/com/zrlog/util/ParseUtil.class]]
[loading RegularFileObject[/home/js/dev/repo/ridill/zrlog/common/target/classes/com/zrlog/web/util/WebTools.class]]
[loading ZipFileIndexFileObject[/home/js/.m2/repository/org/jsoup/jsoup/1.12.1/jsoup-1.12.1.jar(org/jsoup/Jsoup.class)]]
[loading ZipFileIndexFileObject[/home/js/.m2/repository/org/jsoup/jsoup/1.12.1/jsoup-1.12.1.jar(org/jsoup/safety/Whitelist.class)]]
[loading ZipFileIndexFileObject[/home/js/.m2/repository/com/hibegin/common-util/0.0.10/common-util-0.0.10.jar(com/hibegin/common/util/FileUtils.class)]]
[loading ZipFileIndexFileObject[/home/js/.m2/repository/com/hibegin/common-util/0.0.10/common-util-0.0.10.jar(com/hibegin/common/util/ZipUtil.class)]]
[loading ZipFileIndexFileObject[/home/js/.m2/repository/com/hibegin/common-util/0.0.10/common-util-0.0.10.jar(com/hibegin/common/util/http/HttpUtil.class)]]
[loading ZipFileIndexFileObject[/home/js/.m2/repository/com/hibegin/common-util/0.0.10/common-util-0.0.10.jar(com/hibegin/common/util/http/handle/HttpFileHandle.class)]]
[loading ZipFileIndexFileObject[/home/js/.m2/repository/com/jfinal/jfinal/4.8/jfinal-4.8.jar(com/jfinal/core/JFinal.class)]]
[loading RegularFileObject[/home/js/dev/repo/ridill/zrlog/common/target/classes/com/zrlog/common/vo/TemplateVO.class]]
[loading RegularFileObject[/home/js/dev/repo/ridill/zrlog/service/target/classes/com/zrlog/service/TemplateService.class]]
[loading ZipFileIndexFileObject[/home/js/.m2/repository/javax/servlet/javax.servlet-api/3.1.0/javax.servlet-api-3.1.0.jar(javax/servlet/http/Cookie.class)]]
[loading ZipFileIndexFileObject[/usr/lib/jvm/java-8-openjdk-amd64/lib/ct.sym(META-INF/sym/rt.jar/java/io/Serializable.class)]]
[loading ZipFileIndexFileObject[/usr/lib/jvm/java-8-openjdk-amd64/lib/ct.sym(META-INF/sym/rt.jar/java/lang/Long.class)]]
[loading RegularFileObject[/home/js/dev/repo/ridill/zrlog/common/target/classes/com/zrlog/common/vo/AdminTokenVO.class]]
[loading ZipFileIndexFileObject[/usr/lib/jvm/java-8-openjdk-amd64/lib/ct.sym(META-INF/sym/rt.jar/java/lang/annotation/ElementType.class)]]
[loading ZipFileIndexFileObject[/usr/lib/jvm/java-8-openjdk-amd64/lib/ct.sym(META-INF/sym/rt.jar/java/lang/annotation/Retention.class)]]
[loading ZipFileIndexFileObject[/usr/lib/jvm/java-8-openjdk-amd64/lib/ct.sym(META-INF/sym/rt.jar/java/lang/annotation/RetentionPolicy.class)]]
[loading ZipFileIndexFileObject[/usr/lib/jvm/java-8-openjdk-amd64/lib/ct.sym(META-INF/sym/rt.jar/java/lang/annotation/Target.class)]]
[loading ZipFileIndexFileObject[/usr/lib/jvm/java-8-openjdk-amd64/lib/ct.sym(META-INF/sym/rt.jar/java/lang/annotation/Annotation.class)]]
[loading ZipFileIndexFileObject[/home/js/.m2/repository/com/jfinal/jfinal/4.8/jfinal-4.8.jar(com/jfinal/aop/Interceptor.class)]]
[loading ZipFileIndexFileObject[/home/js/.m2/repository/com/jfinal/jfinal/4.8/jfinal-4.8.jar(com/jfinal/aop/Invocation.class)]]
[loading ZipFileIndexFileObject[/home/js/.m2/repository/javax/servlet/javax.servlet-api/3.1.0/javax.servlet-api-3.1.0.jar(javax/servlet/http/HttpServletRequest.class)]]
[loading ZipFileIndexFileObject[/home/js/.m2/repository/com/hibegin/common-util/0.0.10/common-util-0.0.10.jar(com/hibegin/common/util/IOUtil.class)]]
[loading ZipFileIndexFileObject[/home/js/.m2/repository/com/hibegin/common-util/0.0.10/common-util-0.0.10.jar(com/hibegin/common/util/StringUtils.class)]]
[loading ZipFileIndexFileObject[/home/js/.m2/repository/com/jfinal/jfinal/4.8/jfinal-4.8.jar(com/jfinal/core/Const.class)]]
[loading ZipFileIndexFileObject[/home/js/.m2/repository/com/jfinal/jfinal/4.8/jfinal-4.8.jar(com/jfinal/plugin/IPlugin.class)]]
[loading ZipFileIndexFileObject[/home/js/.m2/repository/com/jfinal/jfinal/4.8/jfinal-4.8.jar(com/jfinal/plugin/activerecord/ActiveRecordPlugin.class)]]
[loading ZipFileIndexFileObject[/home/js/.m2/repository/com/jfinal/jfinal/4.8/jfinal-4.8.jar(com/jfinal/plugin/activerecord/IDataSourceProvider.class)]]
[loading ZipFileIndexFileObject[/home/js/.m2/repository/com/jfinal/jfinal/4.8/jfinal-4.8.jar(com/jfinal/plugin/hikaricp/HikariCpPlugin.class)]]
[loading ZipFileIndexFileObject[/home/js/.m2/repository/com/jfinal/jfinal/4.8/jfinal-4.8.jar(com/jfinal/render/ViewType.class)]]
[loading ZipFileIndexFileObject[/home/js/.m2/repository/com/jfinal/jfinal/4.8/jfinal-4.8.jar(com/jfinal/template/Engine.class)]]
[loading RegularFileObject[/home/js/dev/repo/ridill/zrlog/service/target/classes/com/zrlog/service/InstallService.class]]
[loading ZipFileIndexFileObject[/usr/lib/jvm/java-8-openjdk-amd64/lib/ct.sym(META-INF/sym/rt.jar/java/io/FileInputStream.class)]]
[loading ZipFileIndexFileObject[/usr/lib/jvm/java-8-openjdk-amd64/lib/ct.sym(META-INF/sym/rt.jar/java/io/FileOutputStream.class)]]
[loading ZipFileIndexFileObject[/usr/lib/jvm/java-8-openjdk-amd64/lib/ct.sym(META-INF/sym/rt.jar/java/io/IOException.class)]]
[loading ZipFileIndexFileObject[/usr/lib/jvm/java-8-openjdk-amd64/lib/ct.sym(META-INF/sym/rt.jar/java/sql/Statement.class)]]
[loading ZipFileIndexFileObject[/usr/lib/jvm/java-8-openjdk-amd64/lib/ct.sym(META-INF/sym/rt.jar/java/text/SimpleDateFormat.class)]]
[loading ZipFileIndexFileObject[/home/js/.m2/repository/com/jfinal/jfinal/4.8/jfinal-4.8.jar(com/jfinal/config/JFinalConfig.class)]]
[loading ZipFileIndexFileObject[/usr/lib/jvm/java-8-openjdk-amd64/lib/ct.sym(META-INF/sym/rt.jar/java/util/stream/Collectors.class)]]
[loading ZipFileIndexFileObject[/home/js/.m2/repository/com/jfinal/jfinal/4.8/jfinal-4.8.jar(com/jfinal/config/Plugins.class)]]
[loading ZipFileIndexFileObject[/home/js/.m2/repository/com/jfinal/jfinal/4.8/jfinal-4.8.jar(com/jfinal/config/Routes.class)]]
[loading ZipFileIndexFileObject[/home/js/.m2/repository/com/jfinal/jfinal/4.8/jfinal-4.8.jar(com/jfinal/config/Constants.class)]]
[loading ZipFileIndexFileObject[/home/js/.m2/repository/com/jfinal/jfinal/4.8/jfinal-4.8.jar(com/jfinal/config/Handlers.class)]]
[loading ZipFileIndexFileObject[/home/js/.m2/repository/com/jfinal/jfinal/4.8/jfinal-4.8.jar(com/jfinal/config/Interceptors.class)]]
[loading ZipFileIndexFileObject[/usr/lib/jvm/java-8-openjdk-amd64/lib/ct.sym(META-INF/sym/rt.jar/java/util/List.class)]]
[loading ZipFileIndexFileObject[/usr/lib/jvm/java-8-openjdk-amd64/lib/ct.sym(META-INF/sym/rt.jar/java/net/Socket.class)]]
[loading ZipFileIndexFileObject[/usr/lib/jvm/java-8-openjdk-amd64/lib/ct.sym(META-INF/sym/rt.jar/java/lang/Thread.class)]]
[loading ZipFileIndexFileObject[/usr/lib/jvm/java-8-openjdk-amd64/lib/ct.sym(META-INF/sym/rt.jar/java/lang/Runnable.class)]]
[loading RegularFileObject[/home/js/dev/repo/ridill/zrlog/common/target/classes/com/zrlog/common/response/UploadFileResponse.class]]
[loading RegularFileObject[/home/js/dev/repo/ridill/zrlog/service/target/classes/com/zrlog/service/UploadService.class]]
[loading RegularFileObject[/home/js/dev/repo/ridill/zrlog/common/target/classes/com/zrlog/util/ThumbnailUtil.class]]
[loading ZipFileIndexFileObject[/usr/lib/jvm/java-8-openjdk-amd64/lib/ct.sym(META-INF/sym/rt.jar/javax/imageio/ImageIO.class)]]
[loading ZipFileIndexFileObject[/usr/lib/jvm/java-8-openjdk-amd64/lib/ct.sym(META-INF/sym/rt.jar/java/awt/image/BufferedImage.class)]]
[loading ZipFileIndexFileObject[/usr/lib/jvm/java-8-openjdk-amd64/lib/ct.sym(META-INF/sym/rt.jar/java/util/Date.class)]]
[loading ZipFileIndexFileObject[/usr/lib/jvm/java-8-openjdk-amd64/lib/ct.sym(META-INF/sym/rt.jar/java/util/Random.class)]]
[loading RegularFileObject[/home/js/dev/repo/ridill/zrlog/common/target/classes/com/zrlog/common/response/UpdateRecordResponse.class]]
[loading RegularFileObject[/home/js/dev/repo/ridill/zrlog/data/target/classes/com/zrlog/model/LogNav.class]]
[loading ZipFileIndexFileObject[/home/js/.m2/repository/com/jfinal/jfinal/4.8/jfinal-4.8.jar(com/jfinal/handler/Handler.class)]]
[loading RegularFileObject[/home/js/dev/repo/ridill/zrlog/common/target/classes/com/zrlog/web/util/PluginHelper.class]]
[loading ZipFileIndexFileObject[/home/js/.m2/repository/javax/servlet/javax.servlet-api/3.1.0/javax.servlet-api-3.1.0.jar(javax/servlet/http/HttpServletResponse.class)]]
[loading ZipFileIndexFileObject[/usr/lib/jvm/java-8-openjdk-amd64/lib/ct.sym(META-INF/sym/rt.jar/java/util/Arrays.class)]]
[loading ZipFileIndexFileObject[/home/js/.m2/repository/com/hibegin/common-util/0.0.10/common-util-0.0.10.jar(com/hibegin/common/util/ByteUtils.class)]]
[loading ZipFileIndexFileObject[/home/js/.m2/repository/com/hibegin/common-util/0.0.10/common-util-0.0.10.jar(com/hibegin/common/util/SecurityUtils.class)]]
[loading RegularFileObject[/home/js/dev/repo/ridill/zrlog/data/target/classes/com/zrlog/model/User.class]]
[loading ZipFileIndexFileObject[/home/js/.m2/repository/commons-codec/commons-codec/1.9/commons-codec-1.9.jar(org/apache/commons/codec/binary/Base64.class)]]
[loading ZipFileIndexFileObject[/usr/lib/jvm/java-8-openjdk-amd64/jre/lib/jce.jar(javax/crypto/BadPaddingException.class)]]
[loading ZipFileIndexFileObject[/usr/lib/jvm/java-8-openjdk-amd64/jre/lib/jce.jar(javax/crypto/Cipher.class)]]
[loading ZipFileIndexFileObject[/usr/lib/jvm/java-8-openjdk-amd64/jre/lib/jce.jar(javax/crypto/spec/IvParameterSpec.class)]]
[loading ZipFileIndexFileObject[/usr/lib/jvm/java-8-openjdk-amd64/jre/lib/jce.jar(javax/crypto/spec/SecretKeySpec.class)]]
[loading ZipFileIndexFileObject[/usr/lib/jvm/java-8-openjdk-amd64/lib/ct.sym(META-INF/sym/rt.jar/java/lang/InstantiationException.class)]]
[loading RegularFileObject[/home/js/dev/repo/ridill/zrlog/common/target/classes/com/zrlog/common/response/CheckVersionResponse.class]]
[loading ZipFileIndexFileObject[/home/js/.m2/repository/com/google/code/gson/gson/2.8.6/gson-2.8.6.jar(com/google/gson/reflect/TypeToken.class)]]
[loading ZipFileIndexFileObject[/usr/lib/jvm/java-8-openjdk-amd64/lib/ct.sym(META-INF/sym/rt.jar/java/util/concurrent/ScheduledExecutorService.class)]]
[loading ZipFileIndexFileObject[/usr/lib/jvm/java-8-openjdk-amd64/lib/ct.sym(META-INF/sym/rt.jar/java/util/concurrent/ScheduledThreadPoolExecutor.class)]]
[loading ZipFileIndexFileObject[/usr/lib/jvm/java-8-openjdk-amd64/lib/ct.sym(META-INF/sym/rt.jar/java/util/concurrent/ThreadFactory.class)]]
[loading ZipFileIndexFileObject[/usr/lib/jvm/java-8-openjdk-amd64/lib/ct.sym(META-INF/sym/rt.jar/java/util/concurrent/TimeUnit.class)]]
[loading ZipFileIndexFileObject[/usr/lib/jvm/java-8-openjdk-amd64/lib/ct.sym(META-INF/sym/rt.jar/java/util/concurrent/locks/ReentrantLock.class)]]
[loading ZipFileIndexFileObject[/usr/lib/jvm/java-8-openjdk-amd64/lib/ct.sym(META-INF/sym/rt.jar/java/util/Set.class)]]
[loading ZipFileIndexFileObject[/home/js/.m2/repository/com/hibegin/common-util/0.0.10/common-util-0.0.10.jar(com/hibegin/common/util/http/handle/CloseResponseHandle.class)]]
[loading ZipFileIndexFileObject[/home/js/.m2/repository/net/sourceforge/htmlcleaner/htmlcleaner/2.21/htmlcleaner-2.21.jar(org/htmlcleaner/HtmlCleaner.class)]]
[loading ZipFileIndexFileObject[/home/js/.m2/repository/net/sourceforge/htmlcleaner/htmlcleaner/2.21/htmlcleaner-2.21.jar(org/htmlcleaner/SimpleHtmlSerializer.class)]]
[loading ZipFileIndexFileObject[/home/js/.m2/repository/net/sourceforge/htmlcleaner/htmlcleaner/2.21/htmlcleaner-2.21.jar(org/htmlcleaner/TagNode.class)]]
[loading ZipFileIndexFileObject[/usr/lib/jvm/java-8-openjdk-amd64/lib/ct.sym(META-INF/sym/rt.jar/java/io/OutputStream.class)]]
[loading ZipFileIndexFileObject[/usr/lib/jvm/java-8-openjdk-amd64/lib/ct.sym(META-INF/sym/rt.jar/java/io/StringWriter.class)]]
[loading ZipFileIndexFileObject[/usr/lib/jvm/java-8-openjdk-amd64/lib/ct.sym(META-INF/sym/rt.jar/java/util/LinkedHashMap.class)]]
[loading ZipFileIndexFileObject[/usr/lib/jvm/java-8-openjdk-amd64/lib/ct.sym(META-INF/sym/rt.jar/java/io/Writer.class)]]
[loading ZipFileIndexFileObject[/usr/lib/jvm/java-8-openjdk-amd64/lib/ct.sym(META-INF/sym/rt.jar/java/lang/Appendable.class)]]
[loading ZipFileIndexFileObject[/usr/lib/jvm/java-8-openjdk-amd64/lib/ct.sym(META-INF/sym/rt.jar/java/io/Closeable.class)]]
[loading ZipFileIndexFileObject[/usr/lib/jvm/java-8-openjdk-amd64/lib/ct.sym(META-INF/sym/rt.jar/java/lang/AutoCloseable.class)]]
[loading ZipFileIndexFileObject[/usr/lib/jvm/java-8-openjdk-amd64/lib/ct.sym(META-INF/sym/rt.jar/java/io/Flushable.class)]]
[loading ZipFileIndexFileObject[/usr/lib/jvm/java-8-openjdk-amd64/lib/ct.sym(META-INF/sym/rt.jar/java/lang/StringBuilder.class)]]
[loading RegularFileObject[/home/js/dev/repo/ridill/zrlog/common/target/classes/com/zrlog/common/request/ChangePasswordRequest.class]]
[loading RegularFileObject[/home/js/dev/repo/ridill/zrlog/common/target/classes/com/zrlog/common/request/LoginRequest.class]]
[loading RegularFileObject[/home/js/dev/repo/ridill/zrlog/common/target/classes/com/zrlog/common/request/UpdateAdminRequest.class]]
[loading RegularFileObject[/home/js/dev/repo/ridill/zrlog/common/target/classes/com/zrlog/common/response/LoginResponse.class]]
[loading RegularFileObject[/home/js/dev/repo/ridill/zrlog/service/target/classes/com/zrlog/service/UserService.class]]
[loading ZipFileIndexFileObject[/usr/lib/jvm/java-8-openjdk-amd64/lib/ct.sym(META-INF/sym/rt.jar/java/util/concurrent/atomic/AtomicInteger.class)]]
[loading ZipFileIndexFileObject[/home/js/.m2/repository/com/hibegin/common-util/0.0.10/common-util-0.0.10.jar(com/hibegin/common/util/ExceptionUtils.class)]]
[loading ZipFileIndexFileObject[/usr/lib/jvm/java-8-openjdk-amd64/lib/ct.sym(META-INF/sym/rt.jar/java/util/UUID.class)]]
[loading ZipFileIndexFileObject[/usr/lib/jvm/java-8-openjdk-amd64/lib/ct.sym(META-INF/sym/rt.jar/java/lang/Throwable.class)]]
[loading ZipFileIndexFileObject[/usr/lib/jvm/java-8-openjdk-amd64/lib/ct.sym(META-INF/sym/rt.jar/java/util/HashSet.class)]]
[loading RegularFileObject[/home/js/dev/repo/ridill/zrlog/common/target/classes/com/zrlog/common/type/TestConnectDbResult.class]]
[loading ZipFileIndexFileObject[/home/js/.m2/repository/com/hibegin/common-util/0.0.10/common-util-0.0.10.jar(com/hibegin/common/util/JarPackageUtil.class)]]
[loading RegularFileObject[/home/js/dev/repo/ridill/zrlog/common/target/classes/com/zrlog/common/request/ReadCommentRequest.class]]
[loading RegularFileObject[/home/js/dev/repo/ridill/zrlog/common/target/classes/com/zrlog/common/response/StandardResponse.class]]
[loading ZipFileIndexFileObject[/home/js/.m2/repository/org/apache/tomcat/embed/tomcat-embed-core/9.0.35/tomcat-embed-core-9.0.35.jar(org/apache/catalina/connector/Response.class)]]
[loading ZipFileIndexFileObject[/home/js/.m2/repository/org/apache/tomcat/embed/tomcat-embed-core/9.0.35/tomcat-embed-core-9.0.35.jar(org/apache/catalina/connector/ResponseFacade.class)]]
[loading ZipFileIndexFileObject[/home/js/.m2/repository/javax/servlet/javax.servlet-api/3.1.0/javax.servlet-api-3.1.0.jar(javax/servlet/ServletResponse.class)]]
[loading ZipFileIndexFileObject[/home/js/.m2/repository/javax/servlet/javax.servlet-api/3.1.0/javax.servlet-api-3.1.0.jar(javax/servlet/http/HttpServletResponseWrapper.class)]]
[loading ZipFileIndexFileObject[/usr/lib/jvm/java-8-openjdk-amd64/lib/ct.sym(META-INF/sym/rt.jar/java/lang/ThreadLocal.class)]]
[loading ZipFileIndexFileObject[/home/js/.m2/repository/com/jfinal/jfinal/4.8/jfinal-4.8.jar(com/jfinal/kit/JsonKit.class)]]
[loading ZipFileIndexFileObject[/home/js/.m2/repository/com/jfinal/jfinal/4.8/jfinal-4.8.jar(com/jfinal/render/JsonRender.class)]]
[loading RegularFileObject[/home/js/dev/repo/ridill/zrlog/common/target/classes/com/zrlog/common/response/ExceptionResponse.class]]
[loading ZipFileIndexFileObject[/usr/lib/jvm/java-8-openjdk-amd64/lib/ct.sym(META-INF/sym/rt.jar/java/net/MalformedURLException.class)]]
[loading ZipFileIndexFileObject[/usr/lib/jvm/java-8-openjdk-amd64/lib/ct.sym(META-INF/sym/rt.jar/java/net/URL.class)]]
[loading ZipFileIndexFileObject[/usr/lib/jvm/java-8-openjdk-amd64/lib/ct.sym(META-INF/sym/rt.jar/java/util/TimerTask.class)]]
[loading ZipFileIndexFileObject[/home/js/.m2/repository/com/hibegin/common-util/0.0.10/common-util-0.0.10.jar(com/hibegin/common/util/http/handle/DownloadProcessHandle.class)]]
[loading RegularFileObject[/home/js/dev/repo/ridill/zrlog/common/target/classes/com/zrlog/common/request/UpgradeSettingRequest.class]]
[loading RegularFileObject[/home/js/dev/repo/ridill/zrlog/common/target/classes/com/zrlog/common/response/DownloadUpdatePackageResponse.class]]
[loading RegularFileObject[/home/js/dev/repo/ridill/zrlog/common/target/classes/com/zrlog/common/response/UpgradeProcessResponse.class]]
[loading RegularFileObject[/home/js/dev/repo/ridill/zrlog/common/target/classes/com/zrlog/common/type/AutoUpgradeVersionType.class]]
[loading RegularFileObject[/home/js/dev/repo/ridill/zrlog/common/target/classes/com/zrlog/common/vo/Version.class]]
[loading ZipFileIndexFileObject[/usr/lib/jvm/java-8-openjdk-amd64/lib/ct.sym(META-INF/sym/rt.jar/java/util/concurrent/ConcurrentHashMap.class)]]
[loading ZipFileIndexFileObject[/home/js/.m2/repository/org/apache/tomcat/embed/tomcat-embed-core/9.0.35/tomcat-embed-core-9.0.35.jar(org/apache/catalina/LifecycleException.class)]]
[loading ZipFileIndexFileObject[/home/js/.m2/repository/org/apache/tomcat/embed/tomcat-embed-core/9.0.35/tomcat-embed-core-9.0.35.jar(org/apache/catalina/startup/Tomcat.class)]]
[loading ZipFileIndexFileObject[/home/js/.m2/repository/javax/servlet/javax.servlet-api/3.1.0/javax.servlet-api-3.1.0.jar(javax/servlet/ServletResponseWrapper.class)]]
[loading ZipFileIndexFileObject[/home/js/.m2/repository/com/hibegin/common-util/0.0.10/common-util-0.0.10.jar(com/hibegin/common/util/CmdUtil.class)]]
[loading ZipFileIndexFileObject[/usr/lib/jvm/java-8-openjdk-amd64/lib/ct.sym(META-INF/sym/rt.jar/java/lang/Process.class)]]
[loading RegularFileObject[/home/js/dev/repo/ridill/zrlog/common/target/classes/com/zrlog/common/request/CreateArticleRequest.class]]
[loading RegularFileObject[/home/js/dev/repo/ridill/zrlog/common/target/classes/com/zrlog/common/request/UpdateArticleRequest.class]]
[loading RegularFileObject[/home/js/dev/repo/ridill/zrlog/common/target/classes/com/zrlog/common/response/ArticleResponseEntry.class]]
[loading RegularFileObject[/home/js/dev/repo/ridill/zrlog/common/target/classes/com/zrlog/common/response/CreateOrUpdateArticleResponse.class]]
[loading RegularFileObject[/home/js/dev/repo/ridill/zrlog/common/target/classes/com/zrlog/common/response/DeleteLogResponse.class]]
[loading RegularFileObject[/home/js/dev/repo/ridill/zrlog/common/target/classes/com/zrlog/common/response/PageableResponse.class]]
[loading ZipFileIndexFileObject[/usr/lib/jvm/java-8-openjdk-amd64/lib/ct.sym(META-INF/sym/rt.jar/java/text/ParseException.class)]]
[loading ZipFileIndexFileObject[/home/js/.m2/repository/com/hibegin/common-util/0.0.10/common-util-0.0.10.jar(com/hibegin/common/util/BeanUtil.class)]]
[loading RegularFileObject[/home/js/dev/repo/ridill/zrlog/common/target/classes/com/zrlog/common/vo/OutlineVO.class]]
[loading RegularFileObject[/home/js/dev/repo/ridill/zrlog/data/target/classes/com/zrlog/model/Tag.class]]
[loading ZipFileIndexFileObject[/usr/lib/jvm/java-8-openjdk-amd64/lib/ct.sym(META-INF/sym/rt.jar/java/net/URLEncoder.class)]]
[loading ZipFileIndexFileObject[/usr/lib/jvm/java-8-openjdk-amd64/lib/ct.sym(META-INF/sym/rt.jar/java/util/ArrayList.class)]]
[loading RegularFileObject[/home/js/dev/repo/ridill/zrlog/data/target/classes/com/zrlog/model/Link.class]]
[loading RegularFileObject[/home/js/dev/repo/ridill/zrlog/data/target/classes/com/zrlog/model/Plugin.class]]
[loading ZipFileIndexFileObject[/home/js/.m2/repository/com/jfinal/jfinal/4.8/jfinal-4.8.jar(com/jfinal/json/Json.class)]]
[loading RegularFileObject[/home/js/dev/repo/ridill/zrlog/common/target/classes/com/zrlog/common/response/ApiStandardResponse.class]]
[loading ZipFileIndexFileObject[/usr/lib/jvm/java-8-openjdk-amd64/lib/ct.sym(META-INF/sym/rt.jar/java/util/Enumeration.class)]]
[loading ZipFileIndexFileObject[/usr/lib/jvm/java-8-openjdk-amd64/lib/ct.sym(META-INF/sym/rt.jar/java/io/FileNotFoundException.class)]]
[loading RegularFileObject[/home/js/dev/repo/ridill/zrlog/common/target/classes/com/zrlog/common/response/LoadFileResponse.class]]
[loading ZipFileIndexFileObject[/usr/lib/jvm/java-8-openjdk-amd64/lib/ct.sym(META-INF/sym/rt.jar/java/lang/IllegalAccessException.class)]]
[loading RegularFileObject[/home/js/dev/repo/ridill/zrlog/common/target/classes/com/zrlog/common/response/UploadTemplateResponse.class]]
[loading RegularFileObject[/home/js/dev/repo/ridill/zrlog/common/target/classes/com/zrlog/common/response/ListFileResponse.class]]
[loading ZipFileIndexFileObject[/usr/lib/jvm/java-8-openjdk-amd64/lib/ct.sym(META-INF/sym/rt.jar/java/lang/SuppressWarnings.class)]]
[loading ZipFileIndexFileObject[/usr/lib/jvm/java-8-openjdk-amd64/lib/ct.sym(META-INF/sym/rt.jar/java/lang/Override.class)]]
[loading ZipFileIndexFileObject[/home/js/.m2/repository/com/google/code/gson/gson/2.8.6/gson-2.8.6.jar(com/google/gson/annotations/SerializedName.class)]]
[loading ZipFileIndexFileObject[/usr/lib/jvm/java-8-openjdk-amd64/lib/ct.sym(META-INF/sym/rt.jar/sun/misc/Contended.class)]]
[loading ZipFileIndexFileObject[/usr/lib/jvm/java-8-openjdk-amd64/lib/ct.sym(META-INF/sym/rt.jar/java/lang/Deprecated.class)]]
[checking com.zrlog.web.plugin.UpdateVersionHandler]
[wrote RegularFileObject[/home/js/dev/repo/ridill/zrlog/web/target/classes/com/zrlog/web/plugin/UpdateVersionHandler.class]]
[checking com.zrlog.web.render.BlogFrontendFreeMarkerRender]
[loading ZipFileIndexFileObject[/usr/lib/jvm/java-8-openjdk-amd64/lib/ct.sym(META-INF/sym/rt.jar/java/lang/Comparable.class)]]
[loading ZipFileIndexFileObject[/usr/lib/jvm/java-8-openjdk-amd64/lib/ct.sym(META-INF/sym/rt.jar/java/lang/CharSequence.class)]]
[loading ZipFileIndexFileObject[/usr/lib/jvm/java-8-openjdk-amd64/lib/ct.sym(META-INF/sym/rt.jar/java/lang/Cloneable.class)]]
[loading ZipFileIndexFileObject[/home/js/.m2/repository/org/freemarker/freemarker/2.3.23/freemarker-2.3.23.jar(freemarker/core/Configurable.class)]]
[loading ZipFileIndexFileObject[/usr/lib/jvm/java-8-openjdk-amd64/lib/ct.sym(META-INF/sym/rt.jar/java/util/Hashtable.class)]]
[loading ZipFileIndexFileObject[/usr/lib/jvm/java-8-openjdk-amd64/lib/ct.sym(META-INF/sym/rt.jar/java/util/Dictionary.class)]]
[loading ZipFileIndexFileObject[/usr/lib/jvm/java-8-openjdk-amd64/lib/ct.sym(META-INF/sym/rt.jar/java/io/InputStream.class)]]
[loading ZipFileIndexFileObject[/home/js/.m2/repository/org/freemarker/freemarker/2.3.23/freemarker-2.3.23.jar(freemarker/template/TemplateException.class)]]
[loading ZipFileIndexFileObject[/usr/lib/jvm/java-8-openjdk-amd64/lib/ct.sym(META-INF/sym/rt.jar/java/lang/RuntimeException.class)]]
[loading ZipFileIndexFileObject[/usr/lib/jvm/java-8-openjdk-amd64/lib/ct.sym(META-INF/sym/rt.jar/java/lang/Byte.class)]]
[loading ZipFileIndexFileObject[/usr/lib/jvm/java-8-openjdk-amd64/lib/ct.sym(META-INF/sym/rt.jar/java/lang/Character.class)]]
[loading ZipFileIndexFileObject[/usr/lib/jvm/java-8-openjdk-amd64/lib/ct.sym(META-INF/sym/rt.jar/java/lang/Short.class)]]
[loading ZipFileIndexFileObject[/usr/lib/jvm/java-8-openjdk-amd64/lib/ct.sym(META-INF/sym/rt.jar/java/lang/Float.class)]]
[loading ZipFileIndexFileObject[/usr/lib/jvm/java-8-openjdk-amd64/lib/ct.sym(META-INF/sym/rt.jar/java/lang/Double.class)]]
[loading ZipFileIndexFileObject[/usr/lib/jvm/java-8-openjdk-amd64/lib/ct.sym(META-INF/sym/rt.jar/java/lang/Boolean.class)]]
[loading ZipFileIndexFileObject[/usr/lib/jvm/java-8-openjdk-amd64/lib/ct.sym(META-INF/sym/rt.jar/java/lang/Void.class)]]
[loading ZipFileIndexFileObject[/home/js/.m2/repository/org/freemarker/freemarker/2.3.23/freemarker-2.3.23.jar(freemarker/template/TemplateExceptionHandler.class)]]
[loading ZipFileIndexFileObject[/home/js/.m2/repository/org/freemarker/freemarker/2.3.23/freemarker-2.3.23.jar(freemarker/template/ObjectWrapper.class)]]
[loading ZipFileIndexFileObject[/usr/lib/jvm/java-8-openjdk-amd64/lib/ct.sym(META-INF/sym/rt.jar/java/util/AbstractMap.class)]]
[loading ZipFileIndexFileObject[/home/js/.m2/repository/javax/servlet/javax.servlet-api/3.1.0/javax.servlet-api-3.1.0.jar(javax/servlet/ServletRequest.class)]]
[loading ZipFileIndexFileObject[/home/js/.m2/repository/org/freemarker/freemarker/2.3.23/freemarker-2.3.23.jar(freemarker/template/Template.class)]]
[loading ZipFileIndexFileObject[/usr/lib/jvm/java-8-openjdk-amd64/lib/ct.sym(META-INF/sym/rt.jar/java/lang/Error.class)]]
[loading ZipFileIndexFileObject[/home/js/.m2/repository/org/freemarker/freemarker/2.3.23/freemarker-2.3.23.jar(freemarker/template/TemplateNotFoundException.class)]]
[loading ZipFileIndexFileObject[/home/js/.m2/repository/org/freemarker/freemarker/2.3.23/freemarker-2.3.23.jar(freemarker/template/MalformedTemplateNameException.class)]]
[loading ZipFileIndexFileObject[/home/js/.m2/repository/org/freemarker/freemarker/2.3.23/freemarker-2.3.23.jar(freemarker/core/ParseException.class)]]
[loading ZipFileIndexFileObject[/usr/lib/jvm/java-8-openjdk-amd64/lib/ct.sym(META-INF/sym/rt.jar/java/lang/AbstractStringBuilder.class)]]
[loading ZipFileIndexFileObject[/usr/lib/jvm/java-8-openjdk-amd64/lib/ct.sym(META-INF/sym/rt.jar/java/lang/StringBuffer.class)]]
[wrote RegularFileObject[/home/js/dev/repo/ridill/zrlog/web/target/classes/com/zrlog/web/render/BlogFrontendFreeMarkerRender.class]]
[checking com.zrlog.web.version.V6UpgradeVersionHandler]
[loading ZipFileIndexFileObject[/usr/lib/jvm/java-8-openjdk-amd64/lib/ct.sym(META-INF/sym/rt.jar/java/sql/Wrapper.class)]]
[wrote RegularFileObject[/home/js/dev/repo/ridill/zrlog/web/target/classes/com/zrlog/web/version/V6UpgradeVersionHandler.class]]
[checking com.zrlog.web.version.UpgradeVersionHandler]
[wrote RegularFileObject[/home/js/dev/repo/ridill/zrlog/web/target/classes/com/zrlog/web/version/UpgradeVersionHandler.class]]
[checking com.zrlog.web.controller.admin.api.WebSiteController]
[loading ZipFileIndexFileObject[/usr/lib/jvm/java-8-openjdk-amd64/lib/ct.sym(META-INF/sym/rt.jar/java/lang/Class.class)]]
[loading ZipFileIndexFileObject[/usr/lib/jvm/java-8-openjdk-amd64/lib/ct.sym(META-INF/sym/rt.jar/java/net/URI.class)]]
[loading ZipFileIndexFileObject[/usr/lib/jvm/java-8-openjdk-amd64/lib/ct.sym(META-INF/sym/rt.jar/java/lang/Number.class)]]
[loading ZipFileIndexFileObject[/usr/lib/jvm/java-8-openjdk-amd64/lib/ct.sym(META-INF/sym/rt.jar/java/nio/charset/Charset.class)]]
[loading ZipFileIndexFileObject[/home/js/.m2/repository/org/slf4j/slf4j-api/1.7.12/slf4j-api-1.7.12.jar(org/slf4j/Marker.class)]]
[loading ZipFileIndexFileObject[/usr/lib/jvm/java-8-openjdk-amd64/lib/ct.sym(META-INF/sym/rt.jar/java/util/stream/IntStream.class)]]
[loading ZipFileIndexFileObject[/usr/lib/jvm/java-8-openjdk-amd64/lib/ct.sym(META-INF/sym/rt.jar/java/util/function/IntPredicate.class)]]
[loading ZipFileIndexFileObject[/usr/lib/jvm/java-8-openjdk-amd64/lib/ct.sym(META-INF/sym/rt.jar/java/util/stream/BaseStream.class)]]
[loading ZipFileIndexFileObject[/usr/lib/jvm/java-8-openjdk-amd64/lib/ct.sym(META-INF/sym/rt.jar/java/lang/Character$UnicodeScript.class)]]
[loading ZipFileIndexFileObject[/usr/lib/jvm/java-8-openjdk-amd64/lib/ct.sym(META-INF/sym/rt.jar/java/lang/Enum.class)]]
[loading ZipFileIndexFileObject[/home/js/.m2/repository/com/google/code/gson/gson/2.8.6/gson-2.8.6.jar(com/google/gson/JsonSyntaxException.class)]]
[loading ZipFileIndexFileObject[/home/js/.m2/repository/com/google/code/gson/gson/2.8.6/gson-2.8.6.jar(com/google/gson/JsonIOException.class)]]
[loading ZipFileIndexFileObject[/home/js/.m2/repository/com/google/code/gson/gson/2.8.6/gson-2.8.6.jar(com/google/gson/JsonElement.class)]]
[loading ZipFileIndexFileObject[/home/js/.m2/repository/com/google/code/gson/gson/2.8.6/gson-2.8.6.jar(com/google/gson/stream/JsonReader.class)]]
[loading ZipFileIndexFileObject[/usr/lib/jvm/java-8-openjdk-amd64/lib/ct.sym(META-INF/sym/rt.jar/java/io/Reader.class)]]
[loading ZipFileIndexFileObject[/usr/lib/jvm/java-8-openjdk-amd64/lib/ct.sym(META-INF/sym/rt.jar/java/lang/reflect/Type.class)]]
[loading ZipFileIndexFileObject[/usr/lib/jvm/java-8-openjdk-amd64/lib/ct.sym(META-INF/sym/rt.jar/java/lang/reflect/GenericDeclaration.class)]]
[loading ZipFileIndexFileObject[/usr/lib/jvm/java-8-openjdk-amd64/lib/ct.sym(META-INF/sym/rt.jar/java/lang/reflect/AnnotatedElement.class)]]
[loading ZipFileIndexFileObject[/usr/lib/jvm/java-8-openjdk-amd64/lib/ct.sym(META-INF/sym/rt.jar/java/lang/Iterable.class)]]
[loading ZipFileIndexFileObject[/usr/lib/jvm/java-8-openjdk-amd64/lib/ct.sym(META-INF/sym/rt.jar/java/util/Collection.class)]]
[loading ZipFileIndexFileObject[/home/js/.m2/repository/com/jfinal/jfinal/4.8/jfinal-4.8.jar(com/jfinal/plugin/activerecord/Model.class)]]
[checking com.zrlog.web.controller.BaseController]
[loading ZipFileIndexFileObject[/usr/lib/jvm/java-8-openjdk-amd64/lib/ct.sym(META-INF/sym/rt.jar/java/lang/NumberFormatException.class)]]
[loading ZipFileIndexFileObject[/usr/lib/jvm/java-8-openjdk-amd64/lib/ct.sym(META-INF/sym/rt.jar/java/lang/IllegalArgumentException.class)]]
[loading ZipFileIndexFileObject[/home/js/.m2/repository/com/google/code/gson/gson/2.8.6/gson-2.8.6.jar(com/google/gson/JsonParseException.class)]]
[loading ZipFileIndexFileObject[/usr/lib/jvm/java-8-openjdk-amd64/lib/ct.sym(META-INF/sym/rt.jar/java/lang/invoke/LambdaMetafactory.class)]]
[loading ZipFileIndexFileObject[/usr/lib/jvm/java-8-openjdk-amd64/lib/ct.sym(META-INF/sym/rt.jar/java/lang/invoke/MethodHandles.class)]]
[loading ZipFileIndexFileObject[/usr/lib/jvm/java-8-openjdk-amd64/lib/ct.sym(META-INF/sym/rt.jar/java/lang/invoke/MethodHandles$Lookup.class)]]
[loading ZipFileIndexFileObject[/usr/lib/jvm/java-8-openjdk-amd64/lib/ct.sym(META-INF/sym/rt.jar/java/lang/invoke/MethodType.class)]]
[loading ZipFileIndexFileObject[/usr/lib/jvm/java-8-openjdk-amd64/lib/ct.sym(META-INF/sym/rt.jar/java/lang/invoke/MethodHandle.class)]]
[loading ZipFileIndexFileObject[/usr/lib/jvm/java-8-openjdk-amd64/lib/ct.sym(META-INF/sym/rt.jar/java/util/Iterator.class)]]
[wrote RegularFileObject[/home/js/dev/repo/ridill/zrlog/web/target/classes/com/zrlog/web/controller/admin/api/WebSiteController.class]]
[loading ZipFileIndexFileObject[/usr/lib/jvm/java-8-openjdk-amd64/lib/ct.sym(META-INF/sym/rt.jar/java/lang/invoke/CallSite.class)]]
[wrote RegularFileObject[/home/js/dev/repo/ridill/zrlog/web/target/classes/com/zrlog/web/controller/BaseController.class]]
[checking com.zrlog.web.controller.blog.ApiArticleController]
[loading RegularFileObject[/home/js/dev/repo/ridill/zrlog/common/target/classes/com/zrlog/util/PagerVO.class]]
[checking com.zrlog.web.controller.blog.ArticleController]
[wrote RegularFileObject[/home/js/dev/repo/ridill/zrlog/web/target/classes/com/zrlog/web/controller/blog/ApiArticleController.class]]
[wrote RegularFileObject[/home/js/dev/repo/ridill/zrlog/web/target/classes/com/zrlog/web/controller/blog/ArticleController.class]]
[checking com.zrlog.web.controller.admin.page.AdminTemplatePageController]
[loading ZipFileIndexFileObject[/home/js/.m2/repository/com/hibegin/common-util/0.0.10/common-util-0.0.10.jar(com/hibegin/common/util/http/handle/HttpHandle.class)]]
[wrote RegularFileObject[/home/js/dev/repo/ridill/zrlog/web/target/classes/com/zrlog/web/controller/admin/page/AdminTemplatePageController.class]]
[checking com.zrlog.web.cache.vo.Archive]
[wrote RegularFileObject[/home/js/dev/repo/ridill/zrlog/web/target/classes/com/zrlog/web/cache/vo/Archive.class]]
[checking com.zrlog.web.version.V5UpgradeVersionHandler]
[wrote RegularFileObject[/home/js/dev/repo/ridill/zrlog/web/target/classes/com/zrlog/web/version/V5UpgradeVersionHandler.class]]
[checking com.zrlog.web.annotation.RefreshCache]
[wrote RegularFileObject[/home/js/dev/repo/ridill/zrlog/web/target/classes/com/zrlog/web/annotation/RefreshCache.class]]
[checking com.zrlog.web.config.ZrLogConfig]
[loading ZipFileIndexFileObject[/usr/lib/jvm/java-8-openjdk-amd64/lib/ct.sym(META-INF/sym/rt.jar/java/lang/System.class)]]
[loading ZipFileIndexFileObject[/usr/lib/jvm/java-8-openjdk-amd64/lib/ct.sym(META-INF/sym/rt.jar/javax/sql/DataSource.class)]]
[loading ZipFileIndexFileObject[/usr/lib/jvm/java-8-openjdk-amd64/lib/ct.sym(META-INF/sym/rt.jar/java/io/FileDescriptor.class)]]
[loading ZipFileIndexFileObject[/usr/lib/jvm/java-8-openjdk-amd64/lib/ct.sym(META-INF/sym/rt.jar/java/text/DateFormat.class)]]
[loading ZipFileIndexFileObject[/usr/lib/jvm/java-8-openjdk-amd64/lib/ct.sym(META-INF/sym/rt.jar/java/text/Format.class)]]
[loading ZipFileIndexFileObject[/usr/lib/jvm/java-8-openjdk-amd64/lib/ct.sym(META-INF/sym/rt.jar/java/lang/reflect/Constructor.class)]]
[loading ZipFileIndexFileObject[/usr/lib/jvm/java-8-openjdk-amd64/lib/ct.sym(META-INF/sym/rt.jar/java/lang/NoSuchMethodException.class)]]
[loading ZipFileIndexFileObject[/usr/lib/jvm/java-8-openjdk-amd64/lib/ct.sym(META-INF/sym/rt.jar/java/lang/SecurityException.class)]]
[loading ZipFileIndexFileObject[/usr/lib/jvm/java-8-openjdk-amd64/lib/ct.sym(META-INF/sym/rt.jar/java/lang/reflect/InvocationTargetException.class)]]
[loading ZipFileIndexFileObject[/usr/lib/jvm/java-8-openjdk-amd64/lib/ct.sym(META-INF/sym/rt.jar/java/lang/reflect/Executable.class)]]
[loading ZipFileIndexFileObject[/usr/lib/jvm/java-8-openjdk-amd64/lib/ct.sym(META-INF/sym/rt.jar/java/lang/reflect/Member.class)]]
[loading ZipFileIndexFileObject[/usr/lib/jvm/java-8-openjdk-amd64/lib/ct.sym(META-INF/sym/rt.jar/java/lang/reflect/AccessibleObject.class)]]
[loading ZipFileIndexFileObject[/usr/lib/jvm/java-8-openjdk-amd64/lib/ct.sym(META-INF/sym/rt.jar/java/lang/ClassNotFoundException.class)]]
[loading ZipFileIndexFileObject[/usr/lib/jvm/java-8-openjdk-amd64/lib/ct.sym(META-INF/sym/rt.jar/java/lang/ReflectiveOperationException.class)]]
[loading ZipFileIndexFileObject[/usr/lib/jvm/java-8-openjdk-amd64/lib/ct.sym(META-INF/sym/rt.jar/java/util/Collections.class)]]
[wrote RegularFileObject[/home/js/dev/repo/ridill/zrlog/web/target/classes/com/zrlog/web/config/ZrLogConfig.class]]
[checking com.zrlog.web.interceptor.InitDataInterceptor]
[wrote RegularFileObject[/home/js/dev/repo/ridill/zrlog/web/target/classes/com/zrlog/web/interceptor/InitDataInterceptor.class]]
[checking com.zrlog.web.cache.CacheService]
[loading ZipFileIndexFileObject[/usr/lib/jvm/java-8-openjdk-amd64/lib/ct.sym(META-INF/sym/rt.jar/java/util/TreeMap.class)]]
[loading ZipFileIndexFileObject[/usr/lib/jvm/java-8-openjdk-amd64/lib/ct.sym(META-INF/sym/rt.jar/java/util/SortedMap.class)]]
[loading ZipFileIndexFileObject[/usr/lib/jvm/java-8-openjdk-amd64/lib/ct.sym(META-INF/sym/rt.jar/java/util/Comparator.class)]]
[loading ZipFileIndexFileObject[/usr/lib/jvm/java-8-openjdk-amd64/lib/ct.sym(META-INF/sym/rt.jar/java/util/AbstractList.class)]]
[loading ZipFileIndexFileObject[/usr/lib/jvm/java-8-openjdk-amd64/lib/ct.sym(META-INF/sym/rt.jar/java/util/AbstractCollection.class)]]
[loading ZipFileIndexFileObject[/usr/lib/jvm/java-8-openjdk-amd64/lib/ct.sym(META-INF/sym/rt.jar/java/util/stream/Stream.class)]]
[loading ZipFileIndexFileObject[/usr/lib/jvm/java-8-openjdk-amd64/lib/ct.sym(META-INF/sym/rt.jar/java/util/function/Predicate.class)]]
[loading ZipFileIndexFileObject[/usr/lib/jvm/java-8-openjdk-amd64/lib/ct.sym(META-INF/sym/rt.jar/java/util/Optional.class)]]
[loading ZipFileIndexFileObject[/usr/lib/jvm/java-8-openjdk-amd64/lib/ct.sym(META-INF/sym/rt.jar/java/util/function/Consumer.class)]]
[wrote RegularFileObject[/home/js/dev/repo/ridill/zrlog/web/target/classes/com/zrlog/web/cache/CacheService.class]]
[checking com.zrlog.web.plugin.PluginGhostThread]
[loading ZipFileIndexFileObject[/usr/lib/jvm/java-8-openjdk-amd64/lib/ct.sym(META-INF/sym/rt.jar/java/net/InetAddress.class)]]
[loading ZipFileIndexFileObject[/usr/lib/jvm/java-8-openjdk-amd64/lib/ct.sym(META-INF/sym/rt.jar/java/net/UnknownHostException.class)]]
[wrote RegularFileObject[/home/js/dev/repo/ridill/zrlog/web/target/classes/com/zrlog/web/plugin/PluginGhostThread.class]]
[checking com.zrlog.web.plugin.PluginCorePlugin]
[wrote RegularFileObject[/home/js/dev/repo/ridill/zrlog/web/target/classes/com/zrlog/web/plugin/PluginCorePlugin.class]]
[checking com.zrlog.web.controller.admin.api.UploadController]
[loading ZipFileIndexFileObject[/home/js/.m2/repository/com/jfinal/jfinal/4.8/jfinal-4.8.jar(com/jfinal/upload/UploadFile.class)]]
[loading ZipFileIndexFileObject[/usr/lib/jvm/java-8-openjdk-amd64/lib/ct.sym(META-INF/sym/rt.jar/javax/imageio/stream/ImageInputStream.class)]]
[loading ZipFileIndexFileObject[/usr/lib/jvm/java-8-openjdk-amd64/lib/ct.sym(META-INF/sym/rt.jar/java/awt/image/WritableRenderedImage.class)]]
[loading ZipFileIndexFileObject[/usr/lib/jvm/java-8-openjdk-amd64/lib/ct.sym(META-INF/sym/rt.jar/java/awt/image/RenderedImage.class)]]
[loading ZipFileIndexFileObject[/usr/lib/jvm/java-8-openjdk-amd64/lib/ct.sym(META-INF/sym/rt.jar/java/awt/Transparency.class)]]
[loading ZipFileIndexFileObject[/usr/lib/jvm/java-8-openjdk-amd64/lib/ct.sym(META-INF/sym/rt.jar/java/awt/Image.class)]]
[wrote RegularFileObject[/home/js/dev/repo/ridill/zrlog/web/target/classes/com/zrlog/web/controller/admin/api/UploadController.class]]
[checking com.zrlog.web.controller.admin.api.BlogNavController]
[loading ZipFileIndexFileObject[/home/js/.m2/repository/com/jfinal/jfinal/4.8/jfinal-4.8.jar(com/jfinal/plugin/activerecord/SqlPara.class)]]
[wrote RegularFileObject[/home/js/dev/repo/ridill/zrlog/web/target/classes/com/zrlog/web/controller/admin/api/BlogNavController.class]]
[checking com.zrlog.web.handler.PluginHandler]
[wrote RegularFileObject[/home/js/dev/repo/ridill/zrlog/web/target/classes/com/zrlog/web/handler/PluginHandler.class]]
[checking com.zrlog.web.token.AdminTokenService]
[loading ZipFileIndexFileObject[/usr/lib/jvm/java-8-openjdk-amd64/lib/ct.sym(META-INF/sym/rt.jar/java/security/cert/Certificate.class)]]
[loading ZipFileIndexFileObject[/usr/lib/jvm/java-8-openjdk-amd64/lib/ct.sym(META-INF/sym/rt.jar/java/security/Key.class)]]
[loading ZipFileIndexFileObject[/usr/lib/jvm/java-8-openjdk-amd64/lib/ct.sym(META-INF/sym/rt.jar/java/security/spec/KeySpec.class)]]
[loading ZipFileIndexFileObject[/usr/lib/jvm/java-8-openjdk-amd64/jre/lib/jce.jar(javax/crypto/SecretKey.class)]]
[loading ZipFileIndexFileObject[/usr/lib/jvm/java-8-openjdk-amd64/lib/ct.sym(META-INF/sym/rt.jar/java/security/AlgorithmParameters.class)]]
[loading ZipFileIndexFileObject[/usr/lib/jvm/java-8-openjdk-amd64/lib/ct.sym(META-INF/sym/rt.jar/java/security/spec/AlgorithmParameterSpec.class)]]
[loading ZipFileIndexFileObject[/usr/lib/jvm/java-8-openjdk-amd64/lib/ct.sym(META-INF/sym/rt.jar/java/security/SecureRandom.class)]]
[loading ZipFileIndexFileObject[/home/js/.m2/repository/commons-codec/commons-codec/1.9/commons-codec-1.9.jar(org/apache/commons/codec/binary/BaseNCodec.class)]]
[loading ZipFileIndexFileObject[/home/js/.m2/repository/commons-codec/commons-codec/1.9/commons-codec-1.9.jar(org/apache/commons/codec/BinaryEncoder.class)]]
[loading ZipFileIndexFileObject[/home/js/.m2/repository/commons-codec/commons-codec/1.9/commons-codec-1.9.jar(org/apache/commons/codec/Encoder.class)]]
[loading ZipFileIndexFileObject[/home/js/.m2/repository/commons-codec/commons-codec/1.9/commons-codec-1.9.jar(org/apache/commons/codec/BinaryDecoder.class)]]
[loading ZipFileIndexFileObject[/home/js/.m2/repository/commons-codec/commons-codec/1.9/commons-codec-1.9.jar(org/apache/commons/codec/Decoder.class)]]
[loading ZipFileIndexFileObject[/usr/lib/jvm/java-8-openjdk-amd64/lib/ct.sym(META-INF/sym/rt.jar/java/security/GeneralSecurityException.class)]]
[loading ZipFileIndexFileObject[/usr/lib/jvm/java-8-openjdk-amd64/lib/ct.sym(META-INF/sym/rt.jar/java/security/NoSuchAlgorithmException.class)]]
[loading ZipFileIndexFileObject[/usr/lib/jvm/java-8-openjdk-amd64/jre/lib/jce.jar(javax/crypto/NoSuchPaddingException.class)]]
[loading ZipFileIndexFileObject[/usr/lib/jvm/java-8-openjdk-amd64/lib/ct.sym(META-INF/sym/rt.jar/java/security/InvalidKeyException.class)]]
[loading ZipFileIndexFileObject[/usr/lib/jvm/java-8-openjdk-amd64/lib/ct.sym(META-INF/sym/rt.jar/java/security/KeyException.class)]]
[loading ZipFileIndexFileObject[/usr/lib/jvm/java-8-openjdk-amd64/lib/ct.sym(META-INF/sym/rt.jar/java/security/InvalidAlgorithmParameterException.class)]]
[loading ZipFileIndexFileObject[/usr/lib/jvm/java-8-openjdk-amd64/jre/lib/jce.jar(javax/crypto/IllegalBlockSizeException.class)]]
[wrote RegularFileObject[/home/js/dev/repo/ridill/zrlog/web/target/classes/com/zrlog/web/token/AdminTokenService.class]]
[checking com.zrlog.web.controller.admin.page.AdminPageController]
[loading ZipFileIndexFileObject[/usr/lib/jvm/java-8-openjdk-amd64/lib/ct.sym(META-INF/sym/rt.jar/java/math/BigDecimal.class)]]
[wrote RegularFileObject[/home/js/dev/repo/ridill/zrlog/web/target/classes/com/zrlog/web/controller/admin/page/AdminPageController.class]]
[checking com.zrlog.web.plugin.RequestStatisticsPlugin]
[loading ZipFileIndexFileObject[/usr/lib/jvm/java-8-openjdk-amd64/lib/ct.sym(META-INF/sym/rt.jar/java/util/concurrent/RejectedExecutionHandler.class)]]
[loading ZipFileIndexFileObject[/usr/lib/jvm/java-8-openjdk-amd64/lib/ct.sym(META-INF/sym/rt.jar/java/util/concurrent/ThreadPoolExecutor.class)]]
[loading ZipFileIndexFileObject[/usr/lib/jvm/java-8-openjdk-amd64/lib/ct.sym(META-INF/sym/rt.jar/java/util/concurrent/AbstractExecutorService.class)]]
[loading ZipFileIndexFileObject[/usr/lib/jvm/java-8-openjdk-amd64/lib/ct.sym(META-INF/sym/rt.jar/java/util/concurrent/ExecutorService.class)]]
[loading ZipFileIndexFileObject[/usr/lib/jvm/java-8-openjdk-amd64/lib/ct.sym(META-INF/sym/rt.jar/java/util/concurrent/Executor.class)]]
[loading ZipFileIndexFileObject[/usr/lib/jvm/java-8-openjdk-amd64/lib/ct.sym(META-INF/sym/rt.jar/java/util/AbstractSet.class)]]
[loading ZipFileIndexFileObject[/usr/lib/jvm/java-8-openjdk-amd64/lib/ct.sym(META-INF/sym/rt.jar/java/util/concurrent/Callable.class)]]
[loading ZipFileIndexFileObject[/usr/lib/jvm/java-8-openjdk-amd64/lib/ct.sym(META-INF/sym/rt.jar/java/util/concurrent/ScheduledFuture.class)]]
[loading ZipFileIndexFileObject[/usr/lib/jvm/java-8-openjdk-amd64/lib/ct.sym(META-INF/sym/rt.jar/java/util/concurrent/locks/Lock.class)]]
[wrote RegularFileObject[/home/js/dev/repo/ridill/zrlog/web/target/classes/com/zrlog/web/plugin/RequestStatisticsPlugin$1.class]]
[wrote RegularFileObject[/home/js/dev/repo/ridill/zrlog/web/target/classes/com/zrlog/web/plugin/RequestStatisticsPlugin$2.class]]
[wrote RegularFileObject[/home/js/dev/repo/ridill/zrlog/web/target/classes/com/zrlog/web/plugin/RequestStatisticsPlugin$3.class]]
[wrote RegularFileObject[/home/js/dev/repo/ridill/zrlog/web/target/classes/com/zrlog/web/plugin/RequestStatisticsPlugin$4.class]]
[wrote RegularFileObject[/home/js/dev/repo/ridill/zrlog/web/target/classes/com/zrlog/web/plugin/RequestStatisticsPlugin$5.class]]
[wrote RegularFileObject[/home/js/dev/repo/ridill/zrlog/web/target/classes/com/zrlog/web/plugin/RequestStatisticsPlugin$6.class]]
[wrote RegularFileObject[/home/js/dev/repo/ridill/zrlog/web/target/classes/com/zrlog/web/plugin/RequestStatisticsPlugin.class]]
[checking com.zrlog.web.plugin.RequestInfo]
[wrote RegularFileObject[/home/js/dev/repo/ridill/zrlog/web/target/classes/com/zrlog/web/plugin/RequestInfo.class]]
[checking com.zrlog.web.handler.ResponseRenderPrintWriter]
[loading ZipFileIndexFileObject[/home/js/.m2/repository/net/sourceforge/htmlcleaner/htmlcleaner/2.21/htmlcleaner-2.21.jar(org/htmlcleaner/CleanerProperties.class)]]
[loading ZipFileIndexFileObject[/home/js/.m2/repository/net/sourceforge/htmlcleaner/htmlcleaner/2.21/htmlcleaner-2.21.jar(org/htmlcleaner/audit/HtmlModificationListener.class)]]
[loading ZipFileIndexFileObject[/home/js/.m2/repository/net/sourceforge/htmlcleaner/htmlcleaner/2.21/htmlcleaner-2.21.jar(org/htmlcleaner/HtmlNode.class)]]
[loading ZipFileIndexFileObject[/home/js/.m2/repository/net/sourceforge/htmlcleaner/htmlcleaner/2.21/htmlcleaner-2.21.jar(org/htmlcleaner/BaseToken.class)]]
[loading ZipFileIndexFileObject[/home/js/.m2/repository/net/sourceforge/htmlcleaner/htmlcleaner/2.21/htmlcleaner-2.21.jar(org/htmlcleaner/TagToken.class)]]
[loading ZipFileIndexFileObject[/home/js/.m2/repository/net/sourceforge/htmlcleaner/htmlcleaner/2.21/htmlcleaner-2.21.jar(org/htmlcleaner/BaseTokenImpl.class)]]
[loading ZipFileIndexFileObject[/home/js/.m2/repository/net/sourceforge/htmlcleaner/htmlcleaner/2.21/htmlcleaner-2.21.jar(org/htmlcleaner/HtmlSerializer.class)]]
[loading ZipFileIndexFileObject[/home/js/.m2/repository/net/sourceforge/htmlcleaner/htmlcleaner/2.21/htmlcleaner-2.21.jar(org/htmlcleaner/DoctypeToken.class)]]
[loading ZipFileIndexFileObject[/home/js/.m2/repository/org/apache/httpcomponents/httpclient/4.5.3/httpclient-4.5.3.jar(org/apache/http/client/methods/CloseableHttpResponse.class)]]
[loading ZipFileIndexFileObject[/home/js/.m2/repository/org/apache/httpcomponents/httpcore/4.4.6/httpcore-4.4.6.jar(org/apache/http/HttpResponse.class)]]
[loading ZipFileIndexFileObject[/home/js/.m2/repository/org/apache/httpcomponents/httpcore/4.4.6/httpcore-4.4.6.jar(org/apache/http/HttpMessage.class)]]
[loading ZipFileIndexFileObject[/home/js/.m2/repository/org/apache/httpcomponents/httpcore/4.4.6/httpcore-4.4.6.jar(org/apache/http/HttpEntity.class)]]
[loading ZipFileIndexFileObject[/usr/lib/jvm/java-8-openjdk-amd64/lib/ct.sym(META-INF/sym/rt.jar/java/lang/UnsupportedOperationException.class)]]
[loading ZipFileIndexFileObject[/home/js/.m2/repository/net/sourceforge/htmlcleaner/htmlcleaner/2.21/htmlcleaner-2.21.jar(org/htmlcleaner/Serializer.class)]]
[wrote RegularFileObject[/home/js/dev/repo/ridill/zrlog/web/target/classes/com/zrlog/web/handler/ResponseRenderPrintWriter.class]]
[checking com.zrlog.web.controller.admin.api.AdminController]
[wrote RegularFileObject[/home/js/dev/repo/ridill/zrlog/web/target/classes/com/zrlog/web/controller/admin/api/AdminController.class]]
[checking com.zrlog.web.plugin.ZipUpdateVersionThread]
[wrote RegularFileObject[/home/js/dev/repo/ridill/zrlog/web/target/classes/com/zrlog/web/plugin/ZipUpdateVersionThread.class]]
[checking com.zrlog.web.interceptor.BlackListInterceptor]
[wrote RegularFileObject[/home/js/dev/repo/ridill/zrlog/web/target/classes/com/zrlog/web/interceptor/BlackListInterceptor.class]]
[checking com.zrlog.web.controller.blog.InstallController]
[wrote RegularFileObject[/home/js/dev/repo/ridill/zrlog/web/target/classes/com/zrlog/web/controller/blog/InstallController.class]]
[checking com.zrlog.web.plugin.WarUpdateVersionThread]
[wrote RegularFileObject[/home/js/dev/repo/ridill/zrlog/web/target/classes/com/zrlog/web/plugin/WarUpdateVersionThread.class]]
[checking com.zrlog.web.controller.admin.api.CommentController]
[wrote RegularFileObject[/home/js/dev/repo/ridill/zrlog/web/target/classes/com/zrlog/web/controller/admin/api/CommentController.class]]
[checking com.zrlog.web.handler.GlobalResourceHandler]
[loading ZipFileIndexFileObject[/home/js/.m2/repository/javax/servlet/javax.servlet-api/3.1.0/javax.servlet-api-3.1.0.jar(javax/servlet/ServletOutputStream.class)]]
[wrote RegularFileObject[/home/js/dev/repo/ridill/zrlog/web/target/classes/com/zrlog/web/handler/GlobalResourceHandler.class]]
[checking com.zrlog.web.config.AdminRoutes]
[wrote RegularFileObject[/home/js/dev/repo/ridill/zrlog/web/target/classes/com/zrlog/web/config/AdminRoutes.class]]
[checking com.zrlog.web.interceptor.MyI18nInterceptor]
[wrote RegularFileObject[/home/js/dev/repo/ridill/zrlog/web/target/classes/com/zrlog/web/interceptor/MyI18nInterceptor.class]]
[checking com.zrlog.web.interceptor.AdminInterceptor]
[loading ZipFileIndexFileObject[/usr/lib/jvm/java-8-openjdk-amd64/lib/ct.sym(META-INF/sym/rt.jar/java/lang/reflect/Method.class)]]
[wrote RegularFileObject[/home/js/dev/repo/ridill/zrlog/web/target/classes/com/zrlog/web/interceptor/AdminInterceptor.class]]
[checking com.zrlog.web.plugin.CacheCleanerPlugin]
[wrote RegularFileObject[/home/js/dev/repo/ridill/zrlog/web/target/classes/com/zrlog/web/plugin/CacheCleanerPlugin$1.class]]
[wrote RegularFileObject[/home/js/dev/repo/ridill/zrlog/web/target/classes/com/zrlog/web/plugin/CacheCleanerPlugin.class]]
[checking com.zrlog.web.controller.admin.api.UpgradeController]
[wrote RegularFileObject[/home/js/dev/repo/ridill/zrlog/web/target/classes/com/zrlog/web/controller/admin/api/UpgradeController.class]]
[checking com.zrlog.web.Application]
[loading ZipFileIndexFileObject[/home/js/.m2/repository/org/apache/tomcat/embed/tomcat-embed-core/9.0.35/tomcat-embed-core-9.0.35.jar(org/apache/catalina/connector/Connector.class)]]
[loading ZipFileIndexFileObject[/home/js/.m2/repository/org/apache/tomcat/embed/tomcat-embed-core/9.0.35/tomcat-embed-core-9.0.35.jar(org/apache/catalina/Context.class)]]
[loading ZipFileIndexFileObject[/home/js/.m2/repository/org/apache/tomcat/embed/tomcat-embed-core/9.0.35/tomcat-embed-core-9.0.35.jar(org/apache/catalina/Server.class)]]
[loading ZipFileIndexFileObject[/home/js/.m2/repository/org/apache/tomcat/embed/tomcat-embed-core/9.0.35/tomcat-embed-core-9.0.35.jar(org/apache/catalina/Lifecycle.class)]]
[wrote RegularFileObject[/home/js/dev/repo/ridill/zrlog/web/target/classes/com/zrlog/web/Application.class]]
[checking com.zrlog.web.handler.MyHttpServletResponseWrapper]
[wrote RegularFileObject[/home/js/dev/repo/ridill/zrlog/web/target/classes/com/zrlog/web/handler/MyHttpServletResponseWrapper.class]]
[checking com.zrlog.web.plugin.PluginCoreProcess]
[loading ZipFileIndexFileObject[/usr/lib/jvm/java-8-openjdk-amd64/lib/ct.sym(META-INF/sym/rt.jar/java/io/BufferedReader.class)]]
[loading ZipFileIndexFileObject[/usr/lib/jvm/java-8-openjdk-amd64/lib/ct.sym(META-INF/sym/rt.jar/java/io/InputStreamReader.class)]]
[loading ZipFileIndexFileObject[/usr/lib/jvm/java-8-openjdk-amd64/lib/ct.sym(META-INF/sym/rt.jar/java/lang/Readable.class)]]
[loading ZipFileIndexFileObject[/usr/lib/jvm/java-8-openjdk-amd64/lib/ct.sym(META-INF/sym/rt.jar/java/io/PrintStream.class)]]
[loading ZipFileIndexFileObject[/usr/lib/jvm/java-8-openjdk-amd64/lib/ct.sym(META-INF/sym/rt.jar/java/io/FilterOutputStream.class)]]
[loading ZipFileIndexFileObject[/usr/lib/jvm/java-8-openjdk-amd64/lib/ct.sym(META-INF/sym/rt.jar/java/lang/Runtime.class)]]
[wrote RegularFileObject[/home/js/dev/repo/ridill/zrlog/web/target/classes/com/zrlog/web/plugin/PluginCoreProcess$1.class]]
[wrote RegularFileObject[/home/js/dev/repo/ridill/zrlog/web/target/classes/com/zrlog/web/plugin/PluginCoreProcess.class]]
[checking com.zrlog.web.controller.admin.page.AdminArticlePageController]
[wrote RegularFileObject[/home/js/dev/repo/ridill/zrlog/web/target/classes/com/zrlog/web/controller/admin/page/AdminArticlePageController.class]]
[checking com.zrlog.web.controller.admin.api.TypeController]
[wrote RegularFileObject[/home/js/dev/repo/ridill/zrlog/web/target/classes/com/zrlog/web/controller/admin/api/TypeController.class]]
[checking com.zrlog.web.controller.admin.api.AdminArticleController]
[wrote RegularFileObject[/home/js/dev/repo/ridill/zrlog/web/target/classes/com/zrlog/web/controller/admin/api/AdminArticleController.class]]
[checking com.zrlog.web.plugin.UpdateVersionTimerTask]
[wrote RegularFileObject[/home/js/dev/repo/ridill/zrlog/web/target/classes/com/zrlog/web/plugin/UpdateVersionTimerTask.class]]
[checking com.zrlog.web.interceptor.TemplateHelper]
[loading RegularFileObject[/home/js/dev/repo/ridill/zrlog/common/target/classes/com/zrlog/util/PagerVO$PageEntry.class]]
[loading RegularFileObject[/home/js/dev/repo/ridill/zrlog/common/target/classes/com/zrlog/util/OutlineUtil.class]]
[loading ZipFileIndexFileObject[/usr/lib/jvm/java-8-openjdk-amd64/lib/ct.sym(META-INF/sym/rt.jar/java/util/RandomAccess.class)]]
[wrote RegularFileObject[/home/js/dev/repo/ridill/zrlog/web/target/classes/com/zrlog/web/interceptor/TemplateHelper.class]]
[checking com.zrlog.web.cache.vo.BaseDataInitVO]
[wrote RegularFileObject[/home/js/dev/repo/ridill/zrlog/web/target/classes/com/zrlog/web/cache/vo/BaseDataInitVO$Statistics.class]]
[wrote RegularFileObject[/home/js/dev/repo/ridill/zrlog/web/target/classes/com/zrlog/web/cache/vo/BaseDataInitVO.class]]
[checking com.zrlog.web.interceptor.VisitorInterceptor]
[wrote RegularFileObject[/home/js/dev/repo/ridill/zrlog/web/target/classes/com/zrlog/web/interceptor/VisitorInterceptor.class]]
[checking com.zrlog.web.plugin.UpdateVersionPlugin]
[wrote RegularFileObject[/home/js/dev/repo/ridill/zrlog/web/target/classes/com/zrlog/web/plugin/UpdateVersionPlugin.class]]
[checking com.zrlog.web.controller.admin.api.TemplateController]
[wrote RegularFileObject[/home/js/dev/repo/ridill/zrlog/web/target/classes/com/zrlog/web/controller/admin/api/TemplateController.class]]
[checking com.zrlog.web.interceptor.RouterInterceptor]
[wrote RegularFileObject[/home/js/dev/repo/ridill/zrlog/web/target/classes/com/zrlog/web/interceptor/RouterInterceptor.class]]
[checking com.zrlog.web.token.AdminTokenThreadLocal]
[wrote RegularFileObject[/home/js/dev/repo/ridill/zrlog/web/target/classes/com/zrlog/web/token/AdminTokenThreadLocal.class]]
[checking com.zrlog.web.controller.admin.api.LinkController]
[wrote RegularFileObject[/home/js/dev/repo/ridill/zrlog/web/target/classes/com/zrlog/web/controller/admin/api/LinkController.class]]
[total 1083ms]
Note: Some input files use or override a deprecated API.
Note: Recompile with -Xlint:deprecation for details.
Note: Some input files use unchecked or unsafe operations.
Note: Recompile with -Xlint:unchecked for details.
