[parsing started RegularFileObject[/home/js/dev/repo/ridill/zrlog/service/src/main/java/com/zrlog/service/InstallService.java]]
[parsing completed 19ms]
[parsing started RegularFileObject[/home/js/dev/repo/ridill/zrlog/service/src/main/java/com/zrlog/service/UserService.java]]
[parsing completed 1ms]
[parsing started RegularFileObject[/home/js/dev/repo/ridill/zrlog/service/src/main/java/com/zrlog/service/ArticleService.java]]
[parsing completed 4ms]
[parsing started RegularFileObject[/home/js/dev/repo/ridill/zrlog/service/src/main/java/com/zrlog/service/UploadService.java]]
[parsing completed 1ms]
[parsing started RegularFileObject[/home/js/dev/repo/ridill/zrlog/service/src/main/java/com/zrlog/service/TemplateService.java]]
[parsing completed 4ms]
[parsing started RegularFileObject[/home/js/dev/repo/ridill/zrlog/service/src/main/java/com/zrlog/service/CommentService.java]]
[parsing completed 2ms]
[search path for source files: /home/js/dev/repo/ridill/zrlog/service/src/main/java,/home/js/dev/repo/ridill/zrlog/service/target/generated-sources/annotations]
[search path for class files: /usr/lib/jvm/java-8-openjdk-amd64/jre/lib/resources.jar,/usr/lib/jvm/java-8-openjdk-amd64/jre/lib/rt.jar,/usr/lib/jvm/java-8-openjdk-amd64/jre/lib/sunrsasign.jar,/usr/lib/jvm/java-8-openjdk-amd64/jre/lib/jsse.jar,/usr/lib/jvm/java-8-openjdk-amd64/jre/lib/jce.jar,/usr/lib/jvm/java-8-openjdk-amd64/jre/lib/charsets.jar,/usr/lib/jvm/java-8-openjdk-amd64/jre/lib/jfr.jar,/usr/lib/jvm/java-8-openjdk-amd64/jre/classes,/usr/lib/jvm/java-8-openjdk-amd64/jre/lib/ext/sunjce_provider.jar,/usr/lib/jvm/java-8-openjdk-amd64/jre/lib/ext/jaccess.jar,/usr/lib/jvm/java-8-openjdk-amd64/jre/lib/ext/nashorn.jar,/usr/lib/jvm/java-8-openjdk-amd64/jre/lib/ext/sunec.jar,/usr/lib/jvm/java-8-openjdk-amd64/jre/lib/ext/sunpkcs11.jar,/usr/lib/jvm/java-8-openjdk-amd64/jre/lib/ext/icedtea-sound.jar,/usr/lib/jvm/java-8-openjdk-amd64/jre/lib/ext/dnsns.jar,/usr/lib/jvm/java-8-openjdk-amd64/jre/lib/ext/zipfs.jar,/usr/lib/jvm/java-8-openjdk-amd64/jre/lib/ext/cldrdata.jar,/usr/lib/jvm/java-8-openjdk-amd64/jre/lib/ext/localedata.jar,/home/js/dev/repo/ridill/zrlog/service/target/classes,/home/js/dev/repo/ridill/zrlog/data/target/classes,/home/js/dev/repo/ridill/zrlog/common/target/classes,/home/js/.m2/repository/com/hibegin/common-util/0.0.10/common-util-0.0.10.jar,/home/js/.m2/repository/com/google/code/gson/gson/2.8.6/gson-2.8.6.jar,/home/js/.m2/repository/org/jsoup/jsoup/1.12.1/jsoup-1.12.1.jar,/home/js/.m2/repository/net/coobird/thumbnailator/0.4.8/thumbnailator-0.4.8.jar,/home/js/.m2/repository/org/apache/httpcomponents/httpclient/4.5.3/httpclient-4.5.3.jar,/home/js/.m2/repository/org/apache/httpcomponents/httpcore/4.4.6/httpcore-4.4.6.jar,/home/js/.m2/repository/commons-logging/commons-logging/1.2/commons-logging-1.2.jar,/home/js/.m2/repository/commons-codec/commons-codec/1.9/commons-codec-1.9.jar,/home/js/.m2/repository/com/atlassian/commonmark/commonmark/0.11.0/commonmark-0.11.0.jar,/home/js/.m2/repository/eu/bitwalker/UserAgentUtils/1.21/UserAgentUtils-1.21.jar,/home/js/.m2/repository/com/zaxxer/HikariCP/3.4.1/HikariCP-3.4.1.jar,/home/js/.m2/repository/mysql/mysql-connector-java/8.0.17/mysql-connector-java-8.0.17.jar,/home/js/.m2/repository/com/google/protobuf/protobuf-java/3.6.1/protobuf-java-3.6.1.jar,/home/js/.m2/repository/com/jfinal/jfinal/4.8/jfinal-4.8.jar,/home/js/.m2/repository/javax/servlet/javax.servlet-api/3.1.0/javax.servlet-api-3.1.0.jar,/home/js/.m2/repository/org/slf4j/slf4j-api/1.7.12/slf4j-api-1.7.12.jar,/home/js/.m2/repository/org/slf4j/slf4j-log4j12/1.7.12/slf4j-log4j12-1.7.12.jar,/home/js/.m2/repository/log4j/log4j/1.2.17/log4j-1.2.17.jar,.]
[loading ZipFileIndexFileObject[/home/js/.m2/repository/com/hibegin/common-util/0.0.10/common-util-0.0.10.jar(com/hibegin/common/util/IOUtil.class)]]
[loading ZipFileIndexFileObject[/home/js/.m2/repository/com/hibegin/common-util/0.0.10/common-util-0.0.10.jar(com/hibegin/common/util/SecurityUtils.class)]]
[loading ZipFileIndexFileObject[/home/js/.m2/repository/com/jfinal/jfinal/4.8/jfinal-4.8.jar(com/jfinal/core/JFinal.class)]]
[loading RegularFileObject[/home/js/dev/repo/ridill/zrlog/common/target/classes/com/zrlog/common/Constants.class]]
[loading RegularFileObject[/home/js/dev/repo/ridill/zrlog/common/target/classes/com/zrlog/common/type/TestConnectDbResult.class]]
[loading RegularFileObject[/home/js/dev/repo/ridill/zrlog/common/target/classes/com/zrlog/util/I18nUtil.class]]
[loading RegularFileObject[/home/js/dev/repo/ridill/zrlog/common/target/classes/com/zrlog/util/ParseUtil.class]]
[loading RegularFileObject[/home/js/dev/repo/ridill/zrlog/common/target/classes/com/zrlog/util/ZrLogUtil.class]]
[loading ZipFileIndexFileObject[/home/js/.m2/repository/com/atlassian/commonmark/commonmark/0.11.0/commonmark-0.11.0.jar(org/commonmark/node/Node.class)]]
[loading ZipFileIndexFileObject[/home/js/.m2/repository/com/atlassian/commonmark/commonmark/0.11.0/commonmark-0.11.0.jar(org/commonmark/parser/Parser.class)]]
[loading ZipFileIndexFileObject[/home/js/.m2/repository/com/atlassian/commonmark/commonmark/0.11.0/commonmark-0.11.0.jar(org/commonmark/renderer/html/HtmlRenderer.class)]]
[loading ZipFileIndexFileObject[/home/js/.m2/repository/org/slf4j/slf4j-api/1.7.12/slf4j-api-1.7.12.jar(org/slf4j/Logger.class)]]
[loading ZipFileIndexFileObject[/home/js/.m2/repository/org/slf4j/slf4j-api/1.7.12/slf4j-api-1.7.12.jar(org/slf4j/LoggerFactory.class)]]
[loading ZipFileIndexFileObject[/usr/lib/jvm/java-8-openjdk-amd64/lib/ct.sym(META-INF/sym/rt.jar/java/io/File.class)]]
[loading ZipFileIndexFileObject[/usr/lib/jvm/java-8-openjdk-amd64/lib/ct.sym(META-INF/sym/rt.jar/java/io/FileOutputStream.class)]]
[loading ZipFileIndexFileObject[/usr/lib/jvm/java-8-openjdk-amd64/lib/ct.sym(META-INF/sym/rt.jar/java/net/ConnectException.class)]]
[loading ZipFileIndexFileObject[/usr/lib/jvm/java-8-openjdk-amd64/lib/ct.sym(META-INF/sym/rt.jar/java/util/LinkedHashMap.class)]]
[loading ZipFileIndexFileObject[/usr/lib/jvm/java-8-openjdk-amd64/lib/ct.sym(META-INF/sym/rt.jar/java/util/Map.class)]]
[loading ZipFileIndexFileObject[/usr/lib/jvm/java-8-openjdk-amd64/lib/ct.sym(META-INF/sym/rt.jar/java/util/Properties.class)]]
[loading ZipFileIndexFileObject[/usr/lib/jvm/java-8-openjdk-amd64/lib/ct.sym(META-INF/sym/rt.jar/java/util/UUID.class)]]
[loading ZipFileIndexFileObject[/usr/lib/jvm/java-8-openjdk-amd64/lib/ct.sym(META-INF/sym/rt.jar/java/lang/Object.class)]]
[loading ZipFileIndexFileObject[/usr/lib/jvm/java-8-openjdk-amd64/lib/ct.sym(META-INF/sym/rt.jar/java/lang/String.class)]]
[loading ZipFileIndexFileObject[/usr/lib/jvm/java-8-openjdk-amd64/lib/ct.sym(META-INF/sym/rt.jar/java/sql/Connection.class)]]
[loading ZipFileIndexFileObject[/usr/lib/jvm/java-8-openjdk-amd64/lib/ct.sym(META-INF/sym/rt.jar/java/lang/ClassNotFoundException.class)]]
[loading ZipFileIndexFileObject[/usr/lib/jvm/java-8-openjdk-amd64/lib/ct.sym(META-INF/sym/rt.jar/java/sql/SQLException.class)]]
[loading ZipFileIndexFileObject[/usr/lib/jvm/java-8-openjdk-amd64/lib/ct.sym(META-INF/sym/rt.jar/java/lang/Boolean.class)]]
[loading ZipFileIndexFileObject[/home/js/.m2/repository/com/hibegin/common-util/0.0.10/common-util-0.0.10.jar(com/hibegin/common/util/StringUtils.class)]]
[loading RegularFileObject[/home/js/dev/repo/ridill/zrlog/common/target/classes/com/zrlog/common/request/ChangePasswordRequest.class]]
[loading RegularFileObject[/home/js/dev/repo/ridill/zrlog/common/target/classes/com/zrlog/common/request/LoginRequest.class]]
[loading RegularFileObject[/home/js/dev/repo/ridill/zrlog/common/target/classes/com/zrlog/common/request/UpdateAdminRequest.class]]
[loading RegularFileObject[/home/js/dev/repo/ridill/zrlog/common/target/classes/com/zrlog/common/response/LoginResponse.class]]
[loading RegularFileObject[/home/js/dev/repo/ridill/zrlog/common/target/classes/com/zrlog/common/response/UpdateRecordResponse.class]]
[loading RegularFileObject[/home/js/dev/repo/ridill/zrlog/data/target/classes/com/zrlog/model/User.class]]
[loading ZipFileIndexFileObject[/home/js/.m2/repository/com/hibegin/common-util/0.0.10/common-util-0.0.10.jar(com/hibegin/common/util/http/HttpUtil.class)]]
[loading ZipFileIndexFileObject[/home/js/.m2/repository/com/hibegin/common-util/0.0.10/common-util-0.0.10.jar(com/hibegin/common/util/http/handle/HttpFileHandle.class)]]
[loading ZipFileIndexFileObject[/home/js/.m2/repository/com/jfinal/jfinal/4.8/jfinal-4.8.jar(com/jfinal/kit/PathKit.class)]]
[loading RegularFileObject[/home/js/dev/repo/ridill/zrlog/common/target/classes/com/zrlog/common/request/CreateArticleRequest.class]]
[loading RegularFileObject[/home/js/dev/repo/ridill/zrlog/common/target/classes/com/zrlog/common/request/PageableRequest.class]]
[loading RegularFileObject[/home/js/dev/repo/ridill/zrlog/common/target/classes/com/zrlog/common/request/UpdateArticleRequest.class]]
[loading RegularFileObject[/home/js/dev/repo/ridill/zrlog/common/target/classes/com/zrlog/common/response/ArticleResponseEntry.class]]
[loading RegularFileObject[/home/js/dev/repo/ridill/zrlog/common/target/classes/com/zrlog/common/response/CreateOrUpdateArticleResponse.class]]
[loading RegularFileObject[/home/js/dev/repo/ridill/zrlog/common/target/classes/com/zrlog/common/response/PageableResponse.class]]
[loading RegularFileObject[/home/js/dev/repo/ridill/zrlog/common/target/classes/com/zrlog/common/vo/AdminTokenVO.class]]
[loading RegularFileObject[/home/js/dev/repo/ridill/zrlog/data/target/classes/com/zrlog/model/Log.class]]
[loading RegularFileObject[/home/js/dev/repo/ridill/zrlog/data/target/classes/com/zrlog/model/Tag.class]]
[loading RegularFileObject[/home/js/dev/repo/ridill/zrlog/common/target/classes/com/zrlog/util/ThumbnailUtil.class]]
[loading ZipFileIndexFileObject[/home/js/.m2/repository/org/jsoup/jsoup/1.12.1/jsoup-1.12.1.jar(org/jsoup/Jsoup.class)]]
[loading ZipFileIndexFileObject[/home/js/.m2/repository/org/jsoup/jsoup/1.12.1/jsoup-1.12.1.jar(org/jsoup/safety/Whitelist.class)]]
[loading ZipFileIndexFileObject[/home/js/.m2/repository/org/jsoup/jsoup/1.12.1/jsoup-1.12.1.jar(org/jsoup/select/Elements.class)]]
[loading ZipFileIndexFileObject[/usr/lib/jvm/java-8-openjdk-amd64/lib/ct.sym(META-INF/sym/rt.jar/javax/imageio/ImageIO.class)]]
[loading ZipFileIndexFileObject[/usr/lib/jvm/java-8-openjdk-amd64/lib/ct.sym(META-INF/sym/rt.jar/java/awt/image/BufferedImage.class)]]
[loading ZipFileIndexFileObject[/usr/lib/jvm/java-8-openjdk-amd64/lib/ct.sym(META-INF/sym/rt.jar/java/io/FileInputStream.class)]]
[loading ZipFileIndexFileObject[/usr/lib/jvm/java-8-openjdk-amd64/lib/ct.sym(META-INF/sym/rt.jar/java/io/IOException.class)]]
[loading ZipFileIndexFileObject[/usr/lib/jvm/java-8-openjdk-amd64/lib/ct.sym(META-INF/sym/rt.jar/java/net/URL.class)]]
[loading ZipFileIndexFileObject[/usr/lib/jvm/java-8-openjdk-amd64/lib/ct.sym(META-INF/sym/rt.jar/java/util/Date.class)]]
[loading ZipFileIndexFileObject[/usr/lib/jvm/java-8-openjdk-amd64/lib/ct.sym(META-INF/sym/rt.jar/java/util/HashMap.class)]]
[loading ZipFileIndexFileObject[/usr/lib/jvm/java-8-openjdk-amd64/lib/ct.sym(META-INF/sym/rt.jar/java/util/List.class)]]
[loading ZipFileIndexFileObject[/home/js/.m2/repository/com/hibegin/common-util/0.0.10/common-util-0.0.10.jar(com/hibegin/common/util/http/handle/HttpJsonArrayHandle.class)]]
[loading RegularFileObject[/home/js/dev/repo/ridill/zrlog/common/target/classes/com/zrlog/common/response/UploadFileResponse.class]]
[loading RegularFileObject[/home/js/dev/repo/ridill/zrlog/common/target/classes/com/zrlog/web/util/PluginHelper.class]]
[loading ZipFileIndexFileObject[/home/js/.m2/repository/javax/servlet/javax.servlet-api/3.1.0/javax.servlet-api-3.1.0.jar(javax/servlet/http/HttpServletRequest.class)]]
[loading ZipFileIndexFileObject[/home/js/.m2/repository/com/google/code/gson/gson/2.8.6/gson-2.8.6.jar(com/google/gson/GsonBuilder.class)]]
[loading ZipFileIndexFileObject[/home/js/.m2/repository/com/hibegin/common-util/0.0.10/common-util-0.0.10.jar(com/hibegin/common/util/FileUtils.class)]]
[loading ZipFileIndexFileObject[/home/js/.m2/repository/com/hibegin/common-util/0.0.10/common-util-0.0.10.jar(com/hibegin/common/util/ZipUtil.class)]]
[loading RegularFileObject[/home/js/dev/repo/ridill/zrlog/common/target/classes/com/zrlog/common/response/UploadTemplateResponse.class]]
[loading RegularFileObject[/home/js/dev/repo/ridill/zrlog/common/target/classes/com/zrlog/common/vo/TemplateVO.class]]
[loading RegularFileObject[/home/js/dev/repo/ridill/zrlog/data/target/classes/com/zrlog/model/WebSite.class]]
[loading ZipFileIndexFileObject[/usr/lib/jvm/java-8-openjdk-amd64/lib/ct.sym(META-INF/sym/rt.jar/java/io/InputStream.class)]]
[loading RegularFileObject[/home/js/dev/repo/ridill/zrlog/common/target/classes/com/zrlog/common/request/CreateCommentRequest.class]]
[loading RegularFileObject[/home/js/dev/repo/ridill/zrlog/common/target/classes/com/zrlog/common/request/ReadCommentRequest.class]]
[loading RegularFileObject[/home/js/dev/repo/ridill/zrlog/common/target/classes/com/zrlog/common/response/CreateCommentResponse.class]]
[loading RegularFileObject[/home/js/dev/repo/ridill/zrlog/common/target/classes/com/zrlog/common/response/StandardResponse.class]]
[loading RegularFileObject[/home/js/dev/repo/ridill/zrlog/data/target/classes/com/zrlog/model/Comment.class]]
[loading ZipFileIndexFileObject[/home/js/.m2/repository/com/google/code/gson/gson/2.8.6/gson-2.8.6.jar(com/google/gson/annotations/SerializedName.class)]]
[loading ZipFileIndexFileObject[/usr/lib/jvm/java-8-openjdk-amd64/lib/ct.sym(META-INF/sym/rt.jar/java/lang/annotation/Retention.class)]]
[loading ZipFileIndexFileObject[/usr/lib/jvm/java-8-openjdk-amd64/lib/ct.sym(META-INF/sym/rt.jar/java/lang/annotation/RetentionPolicy.class)]]
[loading ZipFileIndexFileObject[/usr/lib/jvm/java-8-openjdk-amd64/lib/ct.sym(META-INF/sym/rt.jar/java/lang/annotation/Target.class)]]
[loading ZipFileIndexFileObject[/usr/lib/jvm/java-8-openjdk-amd64/lib/ct.sym(META-INF/sym/rt.jar/java/lang/annotation/ElementType.class)]]
[checking com.zrlog.service.InstallService]
[loading ZipFileIndexFileObject[/usr/lib/jvm/java-8-openjdk-amd64/lib/ct.sym(META-INF/sym/rt.jar/java/io/Serializable.class)]]
[loading ZipFileIndexFileObject[/usr/lib/jvm/java-8-openjdk-amd64/lib/ct.sym(META-INF/sym/rt.jar/java/lang/AutoCloseable.class)]]
[loading ZipFileIndexFileObject[/usr/lib/jvm/java-8-openjdk-amd64/lib/ct.sym(META-INF/sym/rt.jar/java/lang/Class.class)]]
[loading ZipFileIndexFileObject[/usr/lib/jvm/java-8-openjdk-amd64/lib/ct.sym(META-INF/sym/rt.jar/java/util/AbstractMap.class)]]
[loading ZipFileIndexFileObject[/usr/lib/jvm/java-8-openjdk-amd64/lib/ct.sym(META-INF/sym/rt.jar/java/lang/Byte.class)]]
[loading ZipFileIndexFileObject[/usr/lib/jvm/java-8-openjdk-amd64/lib/ct.sym(META-INF/sym/rt.jar/java/lang/Character.class)]]
[loading ZipFileIndexFileObject[/usr/lib/jvm/java-8-openjdk-amd64/lib/ct.sym(META-INF/sym/rt.jar/java/lang/Short.class)]]
[loading ZipFileIndexFileObject[/usr/lib/jvm/java-8-openjdk-amd64/lib/ct.sym(META-INF/sym/rt.jar/java/lang/Long.class)]]
[loading ZipFileIndexFileObject[/usr/lib/jvm/java-8-openjdk-amd64/lib/ct.sym(META-INF/sym/rt.jar/java/lang/Float.class)]]
[loading ZipFileIndexFileObject[/usr/lib/jvm/java-8-openjdk-amd64/lib/ct.sym(META-INF/sym/rt.jar/java/lang/Integer.class)]]
[loading ZipFileIndexFileObject[/usr/lib/jvm/java-8-openjdk-amd64/lib/ct.sym(META-INF/sym/rt.jar/java/lang/Double.class)]]
[loading ZipFileIndexFileObject[/usr/lib/jvm/java-8-openjdk-amd64/lib/ct.sym(META-INF/sym/rt.jar/java/lang/Void.class)]]
[loading RegularFileObject[/home/js/dev/repo/ridill/zrlog/common/target/classes/com/zrlog/common/type/AutoUpgradeVersionType.class]]
[loading ZipFileIndexFileObject[/usr/lib/jvm/java-8-openjdk-amd64/lib/ct.sym(META-INF/sym/rt.jar/java/lang/Enum.class)]]
[loading ZipFileIndexFileObject[/usr/lib/jvm/java-8-openjdk-amd64/lib/ct.sym(META-INF/sym/rt.jar/java/lang/Comparable.class)]]
[loading ZipFileIndexFileObject[/usr/lib/jvm/java-8-openjdk-amd64/lib/ct.sym(META-INF/sym/rt.jar/java/lang/Number.class)]]
[loading ZipFileIndexFileObject[/usr/lib/jvm/java-8-openjdk-amd64/lib/ct.sym(META-INF/sym/rt.jar/java/lang/CharSequence.class)]]
[loading ZipFileIndexFileObject[/usr/lib/jvm/java-8-openjdk-amd64/lib/ct.sym(META-INF/sym/rt.jar/java/sql/Wrapper.class)]]
[loading ZipFileIndexFileObject[/usr/lib/jvm/java-8-openjdk-amd64/lib/ct.sym(META-INF/sym/rt.jar/java/lang/ReflectiveOperationException.class)]]
[loading ZipFileIndexFileObject[/usr/lib/jvm/java-8-openjdk-amd64/lib/ct.sym(META-INF/sym/rt.jar/java/lang/Exception.class)]]
[loading ZipFileIndexFileObject[/usr/lib/jvm/java-8-openjdk-amd64/lib/ct.sym(META-INF/sym/rt.jar/java/lang/Throwable.class)]]
[loading ZipFileIndexFileObject[/home/js/.m2/repository/org/slf4j/slf4j-api/1.7.12/slf4j-api-1.7.12.jar(org/slf4j/Marker.class)]]
[loading ZipFileIndexFileObject[/usr/lib/jvm/java-8-openjdk-amd64/lib/ct.sym(META-INF/sym/rt.jar/java/lang/Iterable.class)]]
[loading ZipFileIndexFileObject[/usr/lib/jvm/java-8-openjdk-amd64/lib/ct.sym(META-INF/sym/rt.jar/java/net/SocketException.class)]]
[loading ZipFileIndexFileObject[/usr/lib/jvm/java-8-openjdk-amd64/lib/ct.sym(META-INF/sym/rt.jar/java/lang/reflect/GenericDeclaration.class)]]
[loading ZipFileIndexFileObject[/usr/lib/jvm/java-8-openjdk-amd64/lib/ct.sym(META-INF/sym/rt.jar/java/lang/reflect/AnnotatedElement.class)]]
[loading ZipFileIndexFileObject[/usr/lib/jvm/java-8-openjdk-amd64/lib/ct.sym(META-INF/sym/rt.jar/java/lang/reflect/Type.class)]]
[loading ZipFileIndexFileObject[/usr/lib/jvm/java-8-openjdk-amd64/lib/ct.sym(META-INF/sym/rt.jar/java/sql/DriverManager.class)]]
[loading ZipFileIndexFileObject[/usr/lib/jvm/java-8-openjdk-amd64/lib/ct.sym(META-INF/sym/rt.jar/java/net/URI.class)]]
[loading ZipFileIndexFileObject[/usr/lib/jvm/java-8-openjdk-amd64/lib/ct.sym(META-INF/sym/rt.jar/java/sql/Statement.class)]]
[loading ZipFileIndexFileObject[/usr/lib/jvm/java-8-openjdk-amd64/lib/ct.sym(META-INF/sym/rt.jar/java/io/FileDescriptor.class)]]
[loading ZipFileIndexFileObject[/usr/lib/jvm/java-8-openjdk-amd64/lib/ct.sym(META-INF/sym/rt.jar/java/io/OutputStream.class)]]
[loading ZipFileIndexFileObject[/usr/lib/jvm/java-8-openjdk-amd64/lib/ct.sym(META-INF/sym/rt.jar/java/io/Closeable.class)]]
[loading ZipFileIndexFileObject[/usr/lib/jvm/java-8-openjdk-amd64/lib/ct.sym(META-INF/sym/rt.jar/java/io/Flushable.class)]]
[loading ZipFileIndexFileObject[/usr/lib/jvm/java-8-openjdk-amd64/lib/ct.sym(META-INF/sym/rt.jar/java/lang/Error.class)]]
[loading ZipFileIndexFileObject[/usr/lib/jvm/java-8-openjdk-amd64/lib/ct.sym(META-INF/sym/rt.jar/java/lang/InterruptedException.class)]]
[loading ZipFileIndexFileObject[/usr/lib/jvm/java-8-openjdk-amd64/lib/ct.sym(META-INF/sym/rt.jar/java/lang/RuntimeException.class)]]
[loading ZipFileIndexFileObject[/usr/lib/jvm/java-8-openjdk-amd64/lib/ct.sym(META-INF/sym/rt.jar/java/util/Hashtable.class)]]
[loading ZipFileIndexFileObject[/usr/lib/jvm/java-8-openjdk-amd64/lib/ct.sym(META-INF/sym/rt.jar/java/lang/Cloneable.class)]]
[loading ZipFileIndexFileObject[/usr/lib/jvm/java-8-openjdk-amd64/lib/ct.sym(META-INF/sym/rt.jar/java/util/Dictionary.class)]]
[loading ZipFileIndexFileObject[/usr/lib/jvm/java-8-openjdk-amd64/lib/ct.sym(META-INF/sym/rt.jar/java/io/Writer.class)]]
[loading ZipFileIndexFileObject[/usr/lib/jvm/java-8-openjdk-amd64/lib/ct.sym(META-INF/sym/rt.jar/java/lang/StringBuilder.class)]]
[loading ZipFileIndexFileObject[/usr/lib/jvm/java-8-openjdk-amd64/lib/ct.sym(META-INF/sym/rt.jar/java/lang/AbstractStringBuilder.class)]]
[loading ZipFileIndexFileObject[/usr/lib/jvm/java-8-openjdk-amd64/lib/ct.sym(META-INF/sym/rt.jar/java/lang/Appendable.class)]]
[loading ZipFileIndexFileObject[/usr/lib/jvm/java-8-openjdk-amd64/lib/ct.sym(META-INF/sym/rt.jar/java/lang/StringBuffer.class)]]
[loading ZipFileIndexFileObject[/home/js/.m2/repository/com/atlassian/commonmark/commonmark/0.11.0/commonmark-0.11.0.jar(org/commonmark/parser/Parser$Builder.class)]]
[loading ZipFileIndexFileObject[/home/js/.m2/repository/com/atlassian/commonmark/commonmark/0.11.0/commonmark-0.11.0.jar(org/commonmark/renderer/Renderer.class)]]
[loading ZipFileIndexFileObject[/home/js/.m2/repository/com/atlassian/commonmark/commonmark/0.11.0/commonmark-0.11.0.jar(org/commonmark/renderer/html/HtmlRenderer$Builder.class)]]
[loading ZipFileIndexFileObject[/usr/lib/jvm/java-8-openjdk-amd64/lib/ct.sym(META-INF/sym/rt.jar/java/sql/PreparedStatement.class)]]
[loading ZipFileIndexFileObject[/usr/lib/jvm/java-8-openjdk-amd64/lib/ct.sym(META-INF/sym/rt.jar/java/util/Map$Entry.class)]]
[loading ZipFileIndexFileObject[/usr/lib/jvm/java-8-openjdk-amd64/lib/ct.sym(META-INF/sym/rt.jar/java/util/Set.class)]]
[loading ZipFileIndexFileObject[/usr/lib/jvm/java-8-openjdk-amd64/lib/ct.sym(META-INF/sym/rt.jar/java/util/Collection.class)]]
[loading ZipFileIndexFileObject[/usr/lib/jvm/java-8-openjdk-amd64/lib/ct.sym(META-INF/sym/rt.jar/java/io/FileNotFoundException.class)]]
[loading ZipFileIndexFileObject[/usr/lib/jvm/java-8-openjdk-amd64/lib/ct.sym(META-INF/sym/rt.jar/java/util/Iterator.class)]]
[wrote RegularFileObject[/home/js/dev/repo/ridill/zrlog/service/target/classes/com/zrlog/service/InstallService.class]]
[checking com.zrlog.service.UserService]
[loading ZipFileIndexFileObject[/home/js/.m2/repository/com/jfinal/jfinal/4.8/jfinal-4.8.jar(com/jfinal/plugin/activerecord/Model.class)]]
[wrote RegularFileObject[/home/js/dev/repo/ridill/zrlog/service/target/classes/com/zrlog/service/UserService.class]]
[checking com.zrlog.service.ArticleService]
[loading ZipFileIndexFileObject[/home/js/.m2/repository/org/jsoup/jsoup/1.12.1/jsoup-1.12.1.jar(org/jsoup/nodes/Document.class)]]
[loading ZipFileIndexFileObject[/home/js/.m2/repository/org/jsoup/jsoup/1.12.1/jsoup-1.12.1.jar(org/jsoup/nodes/Element.class)]]
[loading ZipFileIndexFileObject[/home/js/.m2/repository/org/jsoup/jsoup/1.12.1/jsoup-1.12.1.jar(org/jsoup/nodes/Node.class)]]
[loading ZipFileIndexFileObject[/usr/lib/jvm/java-8-openjdk-amd64/lib/ct.sym(META-INF/sym/rt.jar/java/util/ArrayList.class)]]
[loading ZipFileIndexFileObject[/usr/lib/jvm/java-8-openjdk-amd64/lib/ct.sym(META-INF/sym/rt.jar/java/util/RandomAccess.class)]]
[loading ZipFileIndexFileObject[/usr/lib/jvm/java-8-openjdk-amd64/lib/ct.sym(META-INF/sym/rt.jar/java/util/AbstractList.class)]]
[loading ZipFileIndexFileObject[/usr/lib/jvm/java-8-openjdk-amd64/lib/ct.sym(META-INF/sym/rt.jar/java/util/AbstractCollection.class)]]
[loading ZipFileIndexFileObject[/home/js/.m2/repository/com/jfinal/jfinal/4.8/jfinal-4.8.jar(com/jfinal/config/Constants.class)]]
[loading ZipFileIndexFileObject[/usr/lib/jvm/java-8-openjdk-amd64/lib/ct.sym(META-INF/sym/rt.jar/javax/imageio/stream/ImageInputStream.class)]]
[loading ZipFileIndexFileObject[/usr/lib/jvm/java-8-openjdk-amd64/lib/ct.sym(META-INF/sym/rt.jar/java/awt/image/WritableRenderedImage.class)]]
[loading ZipFileIndexFileObject[/usr/lib/jvm/java-8-openjdk-amd64/lib/ct.sym(META-INF/sym/rt.jar/java/awt/image/RenderedImage.class)]]
[loading ZipFileIndexFileObject[/usr/lib/jvm/java-8-openjdk-amd64/lib/ct.sym(META-INF/sym/rt.jar/java/awt/Transparency.class)]]
[loading ZipFileIndexFileObject[/usr/lib/jvm/java-8-openjdk-amd64/lib/ct.sym(META-INF/sym/rt.jar/java/awt/Image.class)]]
[loading ZipFileIndexFileObject[/home/js/.m2/repository/com/hibegin/common-util/0.0.10/common-util-0.0.10.jar(com/hibegin/common/util/http/handle/HttpHandle.class)]]
[loading ZipFileIndexFileObject[/usr/lib/jvm/java-8-openjdk-amd64/lib/ct.sym(META-INF/sym/rt.jar/java/net/MalformedURLException.class)]]
[wrote RegularFileObject[/home/js/dev/repo/ridill/zrlog/service/target/classes/com/zrlog/service/ArticleService.class]]
[checking com.zrlog.service.UploadService]
[wrote RegularFileObject[/home/js/dev/repo/ridill/zrlog/service/target/classes/com/zrlog/service/UploadService.class]]
[checking com.zrlog.service.TemplateService]
[loading ZipFileIndexFileObject[/home/js/.m2/repository/com/google/code/gson/gson/2.8.6/gson-2.8.6.jar(com/google/gson/Gson.class)]]
[loading ZipFileIndexFileObject[/home/js/.m2/repository/com/google/code/gson/gson/2.8.6/gson-2.8.6.jar(com/google/gson/JsonElement.class)]]
[loading ZipFileIndexFileObject[/usr/lib/jvm/java-8-openjdk-amd64/lib/ct.sym(META-INF/sym/rt.jar/java/io/Reader.class)]]
[loading ZipFileIndexFileObject[/usr/lib/jvm/java-8-openjdk-amd64/lib/ct.sym(META-INF/sym/rt.jar/java/util/Arrays.class)]]
[loading ZipFileIndexFileObject[/usr/lib/jvm/java-8-openjdk-amd64/lib/ct.sym(META-INF/sym/rt.jar/java/util/Collections.class)]]
[loading ZipFileIndexFileObject[/home/js/.m2/repository/javax/servlet/javax.servlet-api/3.1.0/javax.servlet-api-3.1.0.jar(javax/servlet/ServletContext.class)]]
[loading ZipFileIndexFileObject[/usr/lib/jvm/java-8-openjdk-amd64/lib/ct.sym(META-INF/sym/rt.jar/java/util/TreeSet.class)]]
[loading ZipFileIndexFileObject[/usr/lib/jvm/java-8-openjdk-amd64/lib/ct.sym(META-INF/sym/rt.jar/java/util/SortedSet.class)]]
[loading ZipFileIndexFileObject[/usr/lib/jvm/java-8-openjdk-amd64/lib/ct.sym(META-INF/sym/rt.jar/java/util/Comparator.class)]]
[loading ZipFileIndexFileObject[/usr/lib/jvm/java-8-openjdk-amd64/lib/ct.sym(META-INF/sym/rt.jar/java/util/NavigableMap.class)]]
[loading ZipFileIndexFileObject[/usr/lib/jvm/java-8-openjdk-amd64/lib/ct.sym(META-INF/sym/rt.jar/java/util/AbstractSet.class)]]
[wrote RegularFileObject[/home/js/dev/repo/ridill/zrlog/service/target/classes/com/zrlog/service/TemplateService.class]]
[checking com.zrlog.service.CommentService]
[loading ZipFileIndexFileObject[/usr/lib/jvm/java-8-openjdk-amd64/lib/ct.sym(META-INF/sym/rt.jar/java/util/regex/Pattern.class)]]
[loading ZipFileIndexFileObject[/usr/lib/jvm/java-8-openjdk-amd64/lib/ct.sym(META-INF/sym/rt.jar/java/util/regex/Matcher.class)]]
[loading ZipFileIndexFileObject[/usr/lib/jvm/java-8-openjdk-amd64/lib/ct.sym(META-INF/sym/rt.jar/java/util/regex/MatchResult.class)]]
[loading ZipFileIndexFileObject[/usr/lib/jvm/java-8-openjdk-amd64/lib/ct.sym(META-INF/sym/rt.jar/java/lang/IllegalArgumentException.class)]]
[loading ZipFileIndexFileObject[/home/js/.m2/repository/com/jfinal/jfinal/4.8/jfinal-4.8.jar(com/jfinal/plugin/activerecord/SqlPara.class)]]
[loading ZipFileIndexFileObject[/usr/lib/jvm/java-8-openjdk-amd64/lib/ct.sym(META-INF/sym/rt.jar/java/lang/NumberFormatException.class)]]
[wrote RegularFileObject[/home/js/dev/repo/ridill/zrlog/service/target/classes/com/zrlog/service/CommentService.class]]
[total 453ms]
Note: /home/js/dev/repo/ridill/zrlog/service/src/main/java/com/zrlog/service/ArticleService.java uses unchecked or unsafe operations.
Note: Recompile with -Xlint:unchecked for details.
