[parsing started RegularFileObject[/home/js/dev/repo/ridill/zrlog/common/src/main/java/com/zrlog/util/I18nUtil.java]]
[parsing completed 26ms]
[parsing started RegularFileObject[/home/js/dev/repo/ridill/zrlog/common/src/main/java/com/zrlog/common/Constants.java]]
[parsing completed 4ms]
[parsing started RegularFileObject[/home/js/dev/repo/ridill/zrlog/common/src/main/java/com/zrlog/util/ParseUtil.java]]
[parsing completed 5ms]
[parsing started RegularFileObject[/home/js/dev/repo/ridill/zrlog/common/src/main/java/com/zrlog/common/response/UploadFileResponse.java]]
[parsing completed 0ms]
[parsing started RegularFileObject[/home/js/dev/repo/ridill/zrlog/common/src/main/java/com/zrlog/common/request/UpdateAdminRequest.java]]
[parsing completed 0ms]
[parsing started RegularFileObject[/home/js/dev/repo/ridill/zrlog/common/src/main/java/com/zrlog/common/response/DeleteLogResponse.java]]
[parsing completed 0ms]
[parsing started RegularFileObject[/home/js/dev/repo/ridill/zrlog/common/src/main/java/com/zrlog/common/response/UploadTemplateResponse.java]]
[parsing completed 0ms]
[parsing started RegularFileObject[/home/js/dev/repo/ridill/zrlog/common/src/main/java/com/zrlog/common/vo/TemplateVO.java]]
[parsing completed 1ms]
[parsing started RegularFileObject[/home/js/dev/repo/ridill/zrlog/common/src/main/java/com/zrlog/common/request/UpdateArticleRequest.java]]
[parsing completed 0ms]
[parsing started RegularFileObject[/home/js/dev/repo/ridill/zrlog/common/src/main/java/com/zrlog/common/response/DownloadUpdatePackageResponse.java]]
[parsing completed 0ms]
[parsing started RegularFileObject[/home/js/dev/repo/ridill/zrlog/common/src/main/java/com/zrlog/web/util/WebTools.java]]
[parsing completed 2ms]
[parsing started RegularFileObject[/home/js/dev/repo/ridill/zrlog/common/src/main/java/com/zrlog/common/response/VersionResponse.java]]
[parsing completed 0ms]
[parsing started RegularFileObject[/home/js/dev/repo/ridill/zrlog/common/src/main/java/com/zrlog/common/response/ArticleResponseEntry.java]]
[parsing completed 1ms]
[parsing started RegularFileObject[/home/js/dev/repo/ridill/zrlog/common/src/main/java/com/zrlog/util/PagerUtil.java]]
[parsing completed 1ms]
[parsing started RegularFileObject[/home/js/dev/repo/ridill/zrlog/common/src/main/java/com/zrlog/common/request/ReadCommentRequest.java]]
[parsing completed 0ms]
[parsing started RegularFileObject[/home/js/dev/repo/ridill/zrlog/common/src/main/java/com/zrlog/common/vo/Version.java]]
[parsing completed 1ms]
[parsing started RegularFileObject[/home/js/dev/repo/ridill/zrlog/common/src/main/java/com/zrlog/common/request/ChangePasswordRequest.java]]
[parsing completed 0ms]
[parsing started RegularFileObject[/home/js/dev/repo/ridill/zrlog/common/src/main/java/com/zrlog/common/type/AutoUpgradeVersionType.java]]
[parsing completed 1ms]
[parsing started RegularFileObject[/home/js/dev/repo/ridill/zrlog/common/src/main/java/com/zrlog/common/vo/OutlineVO.java]]
[parsing completed 0ms]
[parsing started RegularFileObject[/home/js/dev/repo/ridill/zrlog/common/src/main/java/com/zrlog/common/response/PageableResponse.java]]
[parsing completed 0ms]
[parsing started RegularFileObject[/home/js/dev/repo/ridill/zrlog/common/src/main/java/com/zrlog/common/response/LoadFileResponse.java]]
[parsing completed 0ms]
[parsing started RegularFileObject[/home/js/dev/repo/ridill/zrlog/common/src/main/java/com/zrlog/common/vo/AdminTokenVO.java]]
[parsing completed 0ms]
[parsing started RegularFileObject[/home/js/dev/repo/ridill/zrlog/common/src/main/java/com/zrlog/util/OutlineUtil.java]]
[parsing completed 2ms]
[parsing started RegularFileObject[/home/js/dev/repo/ridill/zrlog/common/src/main/java/com/zrlog/common/response/ApiStandardResponse.java]]
[parsing completed 0ms]
[parsing started RegularFileObject[/home/js/dev/repo/ridill/zrlog/common/src/main/java/com/zrlog/common/request/CreateArticleRequest.java]]
[parsing completed 1ms]
[parsing started RegularFileObject[/home/js/dev/repo/ridill/zrlog/common/src/main/java/com/zrlog/common/type/TestConnectDbResult.java]]
[parsing completed 1ms]
[parsing started RegularFileObject[/home/js/dev/repo/ridill/zrlog/common/src/main/java/com/zrlog/common/response/ListFileResponse.java]]
[parsing completed 1ms]
[parsing started RegularFileObject[/home/js/dev/repo/ridill/zrlog/common/src/main/java/com/zrlog/web/util/PluginHelper.java]]
[parsing completed 2ms]
[parsing started RegularFileObject[/home/js/dev/repo/ridill/zrlog/common/src/main/java/com/zrlog/common/response/ExceptionResponse.java]]
[parsing completed 1ms]
[parsing started RegularFileObject[/home/js/dev/repo/ridill/zrlog/common/src/main/java/com/zrlog/common/response/CreateOrUpdateArticleResponse.java]]
[parsing completed 0ms]
[parsing started RegularFileObject[/home/js/dev/repo/ridill/zrlog/common/src/main/java/com/zrlog/common/response/LoginResponse.java]]
[parsing completed 0ms]
[parsing started RegularFileObject[/home/js/dev/repo/ridill/zrlog/common/src/main/java/com/zrlog/util/BlogBuildInfoUtil.java]]
[parsing completed 1ms]
[parsing started RegularFileObject[/home/js/dev/repo/ridill/zrlog/common/src/main/java/com/zrlog/common/response/UpgradeProcessResponse.java]]
[parsing completed 0ms]
[parsing started RegularFileObject[/home/js/dev/repo/ridill/zrlog/common/src/main/java/com/zrlog/common/vo/Outline.java]]
[parsing completed 0ms]
[parsing started RegularFileObject[/home/js/dev/repo/ridill/zrlog/common/src/main/java/com/zrlog/common/response/UpdateRecordResponse.java]]
[parsing completed 0ms]
[parsing started RegularFileObject[/home/js/dev/repo/ridill/zrlog/common/src/main/java/com/zrlog/common/request/CreateCommentRequest.java]]
[parsing completed 1ms]
[parsing started RegularFileObject[/home/js/dev/repo/ridill/zrlog/common/src/main/java/com/zrlog/common/response/CreateCommentResponse.java]]
[parsing completed 0ms]
[parsing started RegularFileObject[/home/js/dev/repo/ridill/zrlog/common/src/main/java/com/zrlog/common/response/StandardResponse.java]]
[parsing completed 0ms]
[parsing started RegularFileObject[/home/js/dev/repo/ridill/zrlog/common/src/main/java/com/zrlog/util/ThumbnailUtil.java]]
[parsing completed 0ms]
[parsing started RegularFileObject[/home/js/dev/repo/ridill/zrlog/common/src/main/java/com/zrlog/common/response/CheckVersionResponse.java]]
[parsing completed 0ms]
[parsing started RegularFileObject[/home/js/dev/repo/ridill/zrlog/common/src/main/java/com/zrlog/common/request/LoginRequest.java]]
[parsing completed 0ms]
[parsing started RegularFileObject[/home/js/dev/repo/ridill/zrlog/common/src/main/java/com/zrlog/common/request/PageableRequest.java]]
[parsing completed 0ms]
[parsing started RegularFileObject[/home/js/dev/repo/ridill/zrlog/common/src/main/java/com/zrlog/common/response/WebSiteSettingUpdateResponse.java]]
[parsing completed 0ms]
[parsing started RegularFileObject[/home/js/dev/repo/ridill/zrlog/common/src/main/java/com/zrlog/util/ZrLogUtil.java]]
[parsing completed 3ms]
[parsing started RegularFileObject[/home/js/dev/repo/ridill/zrlog/common/src/main/java/com/zrlog/common/request/UpgradeSettingRequest.java]]
[parsing completed 0ms]
[parsing started RegularFileObject[/home/js/dev/repo/ridill/zrlog/common/src/main/java/com/zrlog/util/PagerVO.java]]
[parsing completed 1ms]
[search path for source files: /home/js/dev/repo/ridill/zrlog/common/src/main/java,/home/js/dev/repo/ridill/zrlog/common/target/generated-sources/annotations]
[search path for class files: /usr/lib/jvm/java-8-openjdk-amd64/jre/lib/resources.jar,/usr/lib/jvm/java-8-openjdk-amd64/jre/lib/rt.jar,/usr/lib/jvm/java-8-openjdk-amd64/jre/lib/sunrsasign.jar,/usr/lib/jvm/java-8-openjdk-amd64/jre/lib/jsse.jar,/usr/lib/jvm/java-8-openjdk-amd64/jre/lib/jce.jar,/usr/lib/jvm/java-8-openjdk-amd64/jre/lib/charsets.jar,/usr/lib/jvm/java-8-openjdk-amd64/jre/lib/jfr.jar,/usr/lib/jvm/java-8-openjdk-amd64/jre/classes,/usr/lib/jvm/java-8-openjdk-amd64/jre/lib/ext/sunjce_provider.jar,/usr/lib/jvm/java-8-openjdk-amd64/jre/lib/ext/jaccess.jar,/usr/lib/jvm/java-8-openjdk-amd64/jre/lib/ext/nashorn.jar,/usr/lib/jvm/java-8-openjdk-amd64/jre/lib/ext/sunec.jar,/usr/lib/jvm/java-8-openjdk-amd64/jre/lib/ext/sunpkcs11.jar,/usr/lib/jvm/java-8-openjdk-amd64/jre/lib/ext/icedtea-sound.jar,/usr/lib/jvm/java-8-openjdk-amd64/jre/lib/ext/dnsns.jar,/usr/lib/jvm/java-8-openjdk-amd64/jre/lib/ext/zipfs.jar,/usr/lib/jvm/java-8-openjdk-amd64/jre/lib/ext/cldrdata.jar,/usr/lib/jvm/java-8-openjdk-amd64/jre/lib/ext/localedata.jar,/home/js/dev/repo/ridill/zrlog/common/target/classes,/home/js/.m2/repository/com/hibegin/common-util/0.0.10/common-util-0.0.10.jar,/home/js/.m2/repository/com/google/code/gson/gson/2.8.6/gson-2.8.6.jar,/home/js/.m2/repository/org/jsoup/jsoup/1.12.1/jsoup-1.12.1.jar,/home/js/.m2/repository/net/coobird/thumbnailator/0.4.8/thumbnailator-0.4.8.jar,/home/js/.m2/repository/org/apache/httpcomponents/httpclient/4.5.3/httpclient-4.5.3.jar,/home/js/.m2/repository/org/apache/httpcomponents/httpcore/4.4.6/httpcore-4.4.6.jar,/home/js/.m2/repository/commons-logging/commons-logging/1.2/commons-logging-1.2.jar,/home/js/.m2/repository/commons-codec/commons-codec/1.9/commons-codec-1.9.jar,/home/js/.m2/repository/javax/servlet/javax.servlet-api/3.1.0/javax.servlet-api-3.1.0.jar,/home/js/.m2/repository/com/atlassian/commonmark/commonmark/0.11.0/commonmark-0.11.0.jar,/home/js/.m2/repository/eu/bitwalker/UserAgentUtils/1.21/UserAgentUtils-1.21.jar,/home/js/.m2/repository/org/slf4j/slf4j-api/1.7.12/slf4j-api-1.7.12.jar,/home/js/.m2/repository/org/slf4j/slf4j-log4j12/1.7.12/slf4j-log4j12-1.7.12.jar,/home/js/.m2/repository/log4j/log4j/1.2.17/log4j-1.2.17.jar,.]
[loading ZipFileIndexFileObject[/home/js/.m2/repository/com/google/code/gson/gson/2.8.6/gson-2.8.6.jar(com/google/gson/Gson.class)]]
[loading ZipFileIndexFileObject[/home/js/.m2/repository/com/hibegin/common-util/0.0.10/common-util-0.0.10.jar(com/hibegin/common/util/StringUtils.class)]]
[loading ZipFileIndexFileObject[/home/js/.m2/repository/org/slf4j/slf4j-api/1.7.12/slf4j-api-1.7.12.jar(org/slf4j/Logger.class)]]
[loading ZipFileIndexFileObject[/home/js/.m2/repository/org/slf4j/slf4j-api/1.7.12/slf4j-api-1.7.12.jar(org/slf4j/LoggerFactory.class)]]
[loading ZipFileIndexFileObject[/home/js/.m2/repository/javax/servlet/javax.servlet-api/3.1.0/javax.servlet-api-3.1.0.jar(javax/servlet/http/HttpServletRequest.class)]]
[loading ZipFileIndexFileObject[/usr/lib/jvm/java-8-openjdk-amd64/lib/ct.sym(META-INF/sym/rt.jar/java/util/HashMap.class)]]
[loading ZipFileIndexFileObject[/usr/lib/jvm/java-8-openjdk-amd64/lib/ct.sym(META-INF/sym/rt.jar/java/util/Map.class)]]
[loading ZipFileIndexFileObject[/usr/lib/jvm/java-8-openjdk-amd64/lib/ct.sym(META-INF/sym/rt.jar/java/util/Properties.class)]]
[loading ZipFileIndexFileObject[/usr/lib/jvm/java-8-openjdk-amd64/lib/ct.sym(META-INF/sym/rt.jar/java/lang/Object.class)]]
[loading ZipFileIndexFileObject[/usr/lib/jvm/java-8-openjdk-amd64/lib/ct.sym(META-INF/sym/rt.jar/java/lang/String.class)]]
[loading ZipFileIndexFileObject[/usr/lib/jvm/java-8-openjdk-amd64/lib/ct.sym(META-INF/sym/rt.jar/java/lang/ThreadLocal.class)]]
[loading ZipFileIndexFileObject[/usr/lib/jvm/java-8-openjdk-amd64/lib/ct.sym(META-INF/sym/rt.jar/java/io/InputStream.class)]]
[loading ZipFileIndexFileObject[/home/js/.m2/repository/com/hibegin/common-util/0.0.10/common-util-0.0.10.jar(com/hibegin/common/util/BooleanUtils.class)]]
[loading ZipFileIndexFileObject[/usr/lib/jvm/java-8-openjdk-amd64/lib/ct.sym(META-INF/sym/rt.jar/java/io/File.class)]]
[loading ZipFileIndexFileObject[/usr/lib/jvm/java-8-openjdk-amd64/lib/ct.sym(META-INF/sym/rt.jar/java/util/Collections.class)]]
[loading ZipFileIndexFileObject[/usr/lib/jvm/java-8-openjdk-amd64/lib/ct.sym(META-INF/sym/rt.jar/java/lang/Enum.class)]]
[loading ZipFileIndexFileObject[/usr/lib/jvm/java-8-openjdk-amd64/lib/ct.sym(META-INF/sym/rt.jar/java/lang/Comparable.class)]]
[loading ZipFileIndexFileObject[/usr/lib/jvm/java-8-openjdk-amd64/lib/ct.sym(META-INF/sym/rt.jar/java/io/Serializable.class)]]
[loading ZipFileIndexFileObject[/usr/lib/jvm/java-8-openjdk-amd64/lib/ct.sym(META-INF/sym/rt.jar/java/lang/Long.class)]]
[loading ZipFileIndexFileObject[/home/js/.m2/repository/org/jsoup/jsoup/1.12.1/jsoup-1.12.1.jar(org/jsoup/Jsoup.class)]]
[loading ZipFileIndexFileObject[/home/js/.m2/repository/org/jsoup/jsoup/1.12.1/jsoup-1.12.1.jar(org/jsoup/nodes/Document.class)]]
[loading ZipFileIndexFileObject[/home/js/.m2/repository/org/jsoup/jsoup/1.12.1/jsoup-1.12.1.jar(org/jsoup/nodes/Node.class)]]
[loading ZipFileIndexFileObject[/home/js/.m2/repository/org/jsoup/jsoup/1.12.1/jsoup-1.12.1.jar(org/jsoup/nodes/TextNode.class)]]
[loading ZipFileIndexFileObject[/home/js/.m2/repository/org/jsoup/jsoup/1.12.1/jsoup-1.12.1.jar(org/jsoup/select/Elements.class)]]
[loading ZipFileIndexFileObject[/usr/lib/jvm/java-8-openjdk-amd64/lib/ct.sym(META-INF/sym/rt.jar/java/util/ArrayList.class)]]
[loading ZipFileIndexFileObject[/usr/lib/jvm/java-8-openjdk-amd64/lib/ct.sym(META-INF/sym/rt.jar/java/util/HashSet.class)]]
[loading ZipFileIndexFileObject[/usr/lib/jvm/java-8-openjdk-amd64/lib/ct.sym(META-INF/sym/rt.jar/java/util/List.class)]]
[loading ZipFileIndexFileObject[/usr/lib/jvm/java-8-openjdk-amd64/lib/ct.sym(META-INF/sym/rt.jar/java/util/Set.class)]]
[loading ZipFileIndexFileObject[/home/js/.m2/repository/org/apache/httpcomponents/httpclient/4.5.3/httpclient-4.5.3.jar(org/apache/http/conn/util/InetAddressUtils.class)]]
[loading ZipFileIndexFileObject[/usr/lib/jvm/java-8-openjdk-amd64/lib/ct.sym(META-INF/sym/rt.jar/java/util/Date.class)]]
[loading ZipFileIndexFileObject[/usr/lib/jvm/java-8-openjdk-amd64/lib/ct.sym(META-INF/sym/rt.jar/java/lang/Integer.class)]]
[loading ZipFileIndexFileObject[/usr/lib/jvm/java-8-openjdk-amd64/lib/ct.sym(META-INF/sym/rt.jar/java/lang/Boolean.class)]]
[loading ZipFileIndexFileObject[/usr/lib/jvm/java-8-openjdk-amd64/lib/ct.sym(META-INF/sym/rt.jar/java/util/Collection.class)]]
[loading ZipFileIndexFileObject[/usr/lib/jvm/java-8-openjdk-amd64/lib/ct.sym(META-INF/sym/rt.jar/java/lang/Iterable.class)]]
[loading ZipFileIndexFileObject[/usr/lib/jvm/java-8-openjdk-amd64/lib/ct.sym(META-INF/sym/rt.jar/java/util/RandomAccess.class)]]
[loading ZipFileIndexFileObject[/usr/lib/jvm/java-8-openjdk-amd64/lib/ct.sym(META-INF/sym/rt.jar/java/lang/Cloneable.class)]]
[loading ZipFileIndexFileObject[/usr/lib/jvm/java-8-openjdk-amd64/lib/ct.sym(META-INF/sym/rt.jar/java/util/AbstractList.class)]]
[loading ZipFileIndexFileObject[/usr/lib/jvm/java-8-openjdk-amd64/lib/ct.sym(META-INF/sym/rt.jar/java/util/AbstractCollection.class)]]
[loading ZipFileIndexFileObject[/home/js/.m2/repository/org/jsoup/jsoup/1.12.1/jsoup-1.12.1.jar(org/jsoup/nodes/Element.class)]]
[loading ZipFileIndexFileObject[/home/js/.m2/repository/com/hibegin/common-util/0.0.10/common-util-0.0.10.jar(com/hibegin/common/util/IOUtil.class)]]
[loading ZipFileIndexFileObject[/home/js/.m2/repository/com/hibegin/common-util/0.0.10/common-util-0.0.10.jar(com/hibegin/common/util/http/HttpUtil.class)]]
[loading ZipFileIndexFileObject[/home/js/.m2/repository/com/hibegin/common-util/0.0.10/common-util-0.0.10.jar(com/hibegin/common/util/http/handle/CloseResponseHandle.class)]]
[loading ZipFileIndexFileObject[/home/js/.m2/repository/org/apache/httpcomponents/httpcore/4.4.6/httpcore-4.4.6.jar(org/apache/http/Header.class)]]
[loading ZipFileIndexFileObject[/home/js/.m2/repository/org/apache/httpcomponents/httpclient/4.5.3/httpclient-4.5.3.jar(org/apache/http/client/methods/CloseableHttpResponse.class)]]
[loading ZipFileIndexFileObject[/home/js/.m2/repository/javax/servlet/javax.servlet-api/3.1.0/javax.servlet-api-3.1.0.jar(javax/servlet/http/HttpServletResponse.class)]]
[loading ZipFileIndexFileObject[/usr/lib/jvm/java-8-openjdk-amd64/lib/ct.sym(META-INF/sym/rt.jar/java/io/IOException.class)]]
[loading ZipFileIndexFileObject[/usr/lib/jvm/java-8-openjdk-amd64/lib/ct.sym(META-INF/sym/rt.jar/java/lang/InstantiationException.class)]]
[loading ZipFileIndexFileObject[/usr/lib/jvm/java-8-openjdk-amd64/lib/ct.sym(META-INF/sym/rt.jar/java/text/ParseException.class)]]
[loading ZipFileIndexFileObject[/usr/lib/jvm/java-8-openjdk-amd64/lib/ct.sym(META-INF/sym/rt.jar/java/text/SimpleDateFormat.class)]]
[loading ZipFileIndexFileObject[/home/js/.m2/repository/com/google/code/gson/gson/2.8.6/gson-2.8.6.jar(com/google/gson/annotations/SerializedName.class)]]
[loading ZipFileIndexFileObject[/home/js/.m2/repository/net/coobird/thumbnailator/0.4.8/thumbnailator-0.4.8.jar(net/coobird/thumbnailator/Thumbnails.class)]]
[loading ZipFileIndexFileObject[/home/js/.m2/repository/net/coobird/thumbnailator/0.4.8/thumbnailator-0.4.8.jar(net/coobird/thumbnailator/resizers/configurations/Rendering.class)]]
[loading ZipFileIndexFileObject[/usr/lib/jvm/java-8-openjdk-amd64/lib/ct.sym(META-INF/sym/rt.jar/java/io/ByteArrayInputStream.class)]]
[loading ZipFileIndexFileObject[/usr/lib/jvm/java-8-openjdk-amd64/lib/ct.sym(META-INF/sym/rt.jar/java/io/ByteArrayOutputStream.class)]]
[loading ZipFileIndexFileObject[/home/js/.m2/repository/com/hibegin/common-util/0.0.10/common-util-0.0.10.jar(com/hibegin/common/util/BeanUtil.class)]]
[loading ZipFileIndexFileObject[/home/js/.m2/repository/com/hibegin/common-util/0.0.10/common-util-0.0.10.jar(com/hibegin/common/util/VersionComparator.class)]]
[loading ZipFileIndexFileObject[/home/js/.m2/repository/eu/bitwalker/UserAgentUtils/1.21/UserAgentUtils-1.21.jar(eu/bitwalker/useragentutils/BrowserType.class)]]
[loading ZipFileIndexFileObject[/home/js/.m2/repository/eu/bitwalker/UserAgentUtils/1.21/UserAgentUtils-1.21.jar(eu/bitwalker/useragentutils/UserAgent.class)]]
[loading ZipFileIndexFileObject[/home/js/.m2/repository/javax/servlet/javax.servlet-api/3.1.0/javax.servlet-api-3.1.0.jar(javax/servlet/ServletRequest.class)]]
[loading ZipFileIndexFileObject[/usr/lib/jvm/java-8-openjdk-amd64/lib/ct.sym(META-INF/sym/rt.jar/java/io/FileInputStream.class)]]
[loading ZipFileIndexFileObject[/usr/lib/jvm/java-8-openjdk-amd64/lib/ct.sym(META-INF/sym/rt.jar/java/io/FileNotFoundException.class)]]
[loading ZipFileIndexFileObject[/usr/lib/jvm/java-8-openjdk-amd64/lib/ct.sym(META-INF/sym/rt.jar/java/net/InetAddress.class)]]
[loading ZipFileIndexFileObject[/usr/lib/jvm/java-8-openjdk-amd64/lib/ct.sym(META-INF/sym/rt.jar/java/net/UnknownHostException.class)]]
[loading ZipFileIndexFileObject[/usr/lib/jvm/java-8-openjdk-amd64/lib/ct.sym(META-INF/sym/rt.jar/java/lang/Class.class)]]
[loading ZipFileIndexFileObject[/usr/lib/jvm/java-8-openjdk-amd64/lib/ct.sym(META-INF/sym/rt.jar/java/sql/Connection.class)]]
[loading ZipFileIndexFileObject[/usr/lib/jvm/java-8-openjdk-amd64/lib/ct.sym(META-INF/sym/rt.jar/java/util/Map$Entry.class)]]
[loading ZipFileIndexFileObject[/usr/lib/jvm/java-8-openjdk-amd64/lib/ct.sym(META-INF/sym/rt.jar/java/lang/annotation/Retention.class)]]
[loading ZipFileIndexFileObject[/usr/lib/jvm/java-8-openjdk-amd64/lib/ct.sym(META-INF/sym/rt.jar/java/lang/annotation/RetentionPolicy.class)]]
[loading ZipFileIndexFileObject[/usr/lib/jvm/java-8-openjdk-amd64/lib/ct.sym(META-INF/sym/rt.jar/java/lang/annotation/Target.class)]]
[loading ZipFileIndexFileObject[/usr/lib/jvm/java-8-openjdk-amd64/lib/ct.sym(META-INF/sym/rt.jar/java/lang/annotation/ElementType.class)]]
[loading ZipFileIndexFileObject[/usr/lib/jvm/java-8-openjdk-amd64/lib/ct.sym(META-INF/sym/rt.jar/java/lang/annotation/Annotation.class)]]
[checking com.zrlog.util.I18nUtil]
[loading ZipFileIndexFileObject[/usr/lib/jvm/java-8-openjdk-amd64/lib/ct.sym(META-INF/sym/rt.jar/java/lang/AutoCloseable.class)]]
[loading ZipFileIndexFileObject[/usr/lib/jvm/java-8-openjdk-amd64/lib/ct.sym(META-INF/sym/rt.jar/java/util/AbstractMap.class)]]
[loading ZipFileIndexFileObject[/usr/lib/jvm/java-8-openjdk-amd64/lib/ct.sym(META-INF/sym/rt.jar/java/lang/reflect/GenericDeclaration.class)]]
[loading ZipFileIndexFileObject[/usr/lib/jvm/java-8-openjdk-amd64/lib/ct.sym(META-INF/sym/rt.jar/java/lang/reflect/AnnotatedElement.class)]]
[loading ZipFileIndexFileObject[/usr/lib/jvm/java-8-openjdk-amd64/lib/ct.sym(META-INF/sym/rt.jar/java/lang/reflect/Type.class)]]
[loading ZipFileIndexFileObject[/usr/lib/jvm/java-8-openjdk-amd64/lib/ct.sym(META-INF/sym/rt.jar/java/lang/Byte.class)]]
[loading ZipFileIndexFileObject[/usr/lib/jvm/java-8-openjdk-amd64/lib/ct.sym(META-INF/sym/rt.jar/java/lang/Character.class)]]
[loading ZipFileIndexFileObject[/usr/lib/jvm/java-8-openjdk-amd64/lib/ct.sym(META-INF/sym/rt.jar/java/lang/Short.class)]]
[loading ZipFileIndexFileObject[/usr/lib/jvm/java-8-openjdk-amd64/lib/ct.sym(META-INF/sym/rt.jar/java/lang/Float.class)]]
[loading ZipFileIndexFileObject[/usr/lib/jvm/java-8-openjdk-amd64/lib/ct.sym(META-INF/sym/rt.jar/java/lang/Double.class)]]
[loading ZipFileIndexFileObject[/usr/lib/jvm/java-8-openjdk-amd64/lib/ct.sym(META-INF/sym/rt.jar/java/lang/Void.class)]]
[loading ZipFileIndexFileObject[/usr/lib/jvm/java-8-openjdk-amd64/lib/ct.sym(META-INF/sym/rt.jar/java/lang/CharSequence.class)]]
[loading ZipFileIndexFileObject[/usr/lib/jvm/java-8-openjdk-amd64/lib/ct.sym(META-INF/sym/rt.jar/java/util/function/Function.class)]]
[loading ZipFileIndexFileObject[/usr/lib/jvm/java-8-openjdk-amd64/lib/ct.sym(META-INF/sym/rt.jar/java/util/Hashtable.class)]]
[loading ZipFileIndexFileObject[/usr/lib/jvm/java-8-openjdk-amd64/lib/ct.sym(META-INF/sym/rt.jar/java/util/Dictionary.class)]]
[loading ZipFileIndexFileObject[/usr/lib/jvm/java-8-openjdk-amd64/lib/ct.sym(META-INF/sym/rt.jar/java/io/Reader.class)]]
[loading ZipFileIndexFileObject[/usr/lib/jvm/java-8-openjdk-amd64/lib/ct.sym(META-INF/sym/rt.jar/java/lang/Exception.class)]]
[loading ZipFileIndexFileObject[/usr/lib/jvm/java-8-openjdk-amd64/lib/ct.sym(META-INF/sym/rt.jar/java/lang/Throwable.class)]]
[loading ZipFileIndexFileObject[/home/js/.m2/repository/org/slf4j/slf4j-api/1.7.12/slf4j-api-1.7.12.jar(org/slf4j/Marker.class)]]
[loading ZipFileIndexFileObject[/usr/lib/jvm/java-8-openjdk-amd64/lib/ct.sym(META-INF/sym/rt.jar/java/io/Closeable.class)]]
[loading ZipFileIndexFileObject[/usr/lib/jvm/java-8-openjdk-amd64/lib/ct.sym(META-INF/sym/rt.jar/java/net/URI.class)]]
[loading ZipFileIndexFileObject[/usr/lib/jvm/java-8-openjdk-amd64/lib/ct.sym(META-INF/sym/rt.jar/java/io/FileDescriptor.class)]]
[loading ZipFileIndexFileObject[/home/js/.m2/repository/com/google/code/gson/gson/2.8.6/gson-2.8.6.jar(com/google/gson/JsonElement.class)]]
[loading ZipFileIndexFileObject[/usr/lib/jvm/java-8-openjdk-amd64/lib/ct.sym(META-INF/sym/rt.jar/java/lang/Error.class)]]
[loading ZipFileIndexFileObject[/usr/lib/jvm/java-8-openjdk-amd64/lib/ct.sym(META-INF/sym/rt.jar/java/lang/RuntimeException.class)]]
[loading ZipFileIndexFileObject[/usr/lib/jvm/java-8-openjdk-amd64/lib/ct.sym(META-INF/sym/rt.jar/java/lang/invoke/LambdaMetafactory.class)]]
[loading ZipFileIndexFileObject[/usr/lib/jvm/java-8-openjdk-amd64/lib/ct.sym(META-INF/sym/rt.jar/java/lang/invoke/MethodHandles.class)]]
[loading ZipFileIndexFileObject[/usr/lib/jvm/java-8-openjdk-amd64/lib/ct.sym(META-INF/sym/rt.jar/java/lang/invoke/MethodHandles$Lookup.class)]]
[loading ZipFileIndexFileObject[/usr/lib/jvm/java-8-openjdk-amd64/lib/ct.sym(META-INF/sym/rt.jar/java/lang/invoke/MethodType.class)]]
[loading ZipFileIndexFileObject[/usr/lib/jvm/java-8-openjdk-amd64/lib/ct.sym(META-INF/sym/rt.jar/java/lang/invoke/MethodHandle.class)]]
[loading ZipFileIndexFileObject[/usr/lib/jvm/java-8-openjdk-amd64/lib/ct.sym(META-INF/sym/rt.jar/java/util/Iterator.class)]]
[loading ZipFileIndexFileObject[/usr/lib/jvm/java-8-openjdk-amd64/lib/ct.sym(META-INF/sym/rt.jar/java/lang/StringBuilder.class)]]
[loading ZipFileIndexFileObject[/usr/lib/jvm/java-8-openjdk-amd64/lib/ct.sym(META-INF/sym/rt.jar/java/lang/AbstractStringBuilder.class)]]
[loading ZipFileIndexFileObject[/usr/lib/jvm/java-8-openjdk-amd64/lib/ct.sym(META-INF/sym/rt.jar/java/lang/Appendable.class)]]
[loading ZipFileIndexFileObject[/usr/lib/jvm/java-8-openjdk-amd64/lib/ct.sym(META-INF/sym/rt.jar/java/lang/StringBuffer.class)]]
[loading ZipFileIndexFileObject[/usr/lib/jvm/java-8-openjdk-amd64/lib/ct.sym(META-INF/sym/rt.jar/java/lang/invoke/CallSite.class)]]
[wrote RegularFileObject[/home/js/dev/repo/ridill/zrlog/common/target/classes/com/zrlog/util/I18nUtil.class]]
[checking com.zrlog.common.Constants]
[loading ZipFileIndexFileObject[/usr/lib/jvm/java-8-openjdk-amd64/lib/ct.sym(META-INF/sym/rt.jar/java/lang/Number.class)]]
[loading ZipFileIndexFileObject[/usr/lib/jvm/java-8-openjdk-amd64/lib/ct.sym(META-INF/sym/rt.jar/java/lang/NumberFormatException.class)]]
[loading ZipFileIndexFileObject[/usr/lib/jvm/java-8-openjdk-amd64/lib/ct.sym(META-INF/sym/rt.jar/java/lang/IllegalArgumentException.class)]]
[wrote RegularFileObject[/home/js/dev/repo/ridill/zrlog/common/target/classes/com/zrlog/common/Constants.class]]
[checking com.zrlog.common.type.AutoUpgradeVersionType]
[loading ZipFileIndexFileObject[/usr/lib/jvm/java-8-openjdk-amd64/lib/ct.sym(META-INF/sym/rt.jar/java/lang/CloneNotSupportedException.class)]]
[wrote RegularFileObject[/home/js/dev/repo/ridill/zrlog/common/target/classes/com/zrlog/common/type/AutoUpgradeVersionType.class]]
[checking com.zrlog.util.ParseUtil]
[loading ZipFileIndexFileObject[/usr/lib/jvm/java-8-openjdk-amd64/lib/ct.sym(META-INF/sym/rt.jar/java/lang/Math.class)]]
[loading ZipFileIndexFileObject[/home/js/.m2/repository/org/jsoup/jsoup/1.12.1/jsoup-1.12.1.jar(org/jsoup/nodes/LeafNode.class)]]
[loading ZipFileIndexFileObject[/usr/lib/jvm/java-8-openjdk-amd64/lib/ct.sym(META-INF/sym/rt.jar/java/util/AbstractSet.class)]]
[loading ZipFileIndexFileObject[/usr/lib/jvm/java-8-openjdk-amd64/lib/ct.sym(META-INF/sym/rt.jar/java/lang/System.class)]]
[loading ZipFileIndexFileObject[/usr/lib/jvm/java-8-openjdk-amd64/lib/ct.sym(META-INF/sym/rt.jar/java/io/PrintStream.class)]]
[loading ZipFileIndexFileObject[/usr/lib/jvm/java-8-openjdk-amd64/lib/ct.sym(META-INF/sym/rt.jar/java/io/FilterOutputStream.class)]]
[loading ZipFileIndexFileObject[/usr/lib/jvm/java-8-openjdk-amd64/lib/ct.sym(META-INF/sym/rt.jar/java/io/OutputStream.class)]]
[loading ZipFileIndexFileObject[/usr/lib/jvm/java-8-openjdk-amd64/lib/ct.sym(META-INF/sym/rt.jar/java/io/Flushable.class)]]
[wrote RegularFileObject[/home/js/dev/repo/ridill/zrlog/common/target/classes/com/zrlog/util/ParseUtil.class]]
[checking com.zrlog.common.response.UploadFileResponse]
[checking com.zrlog.common.response.StandardResponse]
[wrote RegularFileObject[/home/js/dev/repo/ridill/zrlog/common/target/classes/com/zrlog/common/response/UploadFileResponse.class]]
[wrote RegularFileObject[/home/js/dev/repo/ridill/zrlog/common/target/classes/com/zrlog/common/response/StandardResponse.class]]
[checking com.zrlog.common.request.UpdateAdminRequest]
[wrote RegularFileObject[/home/js/dev/repo/ridill/zrlog/common/target/classes/com/zrlog/common/request/UpdateAdminRequest.class]]
[checking com.zrlog.common.response.DeleteLogResponse]
[wrote RegularFileObject[/home/js/dev/repo/ridill/zrlog/common/target/classes/com/zrlog/common/response/DeleteLogResponse.class]]
[checking com.zrlog.common.response.UploadTemplateResponse]
[wrote RegularFileObject[/home/js/dev/repo/ridill/zrlog/common/target/classes/com/zrlog/common/response/UploadTemplateResponse.class]]
[checking com.zrlog.common.vo.TemplateVO]
[wrote RegularFileObject[/home/js/dev/repo/ridill/zrlog/common/target/classes/com/zrlog/common/vo/TemplateVO.class]]
[checking com.zrlog.common.request.UpdateArticleRequest]
[checking com.zrlog.common.request.CreateArticleRequest]
[wrote RegularFileObject[/home/js/dev/repo/ridill/zrlog/common/target/classes/com/zrlog/common/request/UpdateArticleRequest.class]]
[wrote RegularFileObject[/home/js/dev/repo/ridill/zrlog/common/target/classes/com/zrlog/common/request/CreateArticleRequest.class]]
[checking com.zrlog.common.response.DownloadUpdatePackageResponse]
[wrote RegularFileObject[/home/js/dev/repo/ridill/zrlog/common/target/classes/com/zrlog/common/response/DownloadUpdatePackageResponse.class]]
[checking com.zrlog.web.util.WebTools]
[wrote RegularFileObject[/home/js/dev/repo/ridill/zrlog/common/target/classes/com/zrlog/web/util/WebTools.class]]
[checking com.zrlog.common.response.VersionResponse]
[wrote RegularFileObject[/home/js/dev/repo/ridill/zrlog/common/target/classes/com/zrlog/common/response/VersionResponse.class]]
[checking com.zrlog.common.response.ArticleResponseEntry]
[wrote RegularFileObject[/home/js/dev/repo/ridill/zrlog/common/target/classes/com/zrlog/common/response/ArticleResponseEntry.class]]
[checking com.zrlog.util.PagerUtil]
[wrote RegularFileObject[/home/js/dev/repo/ridill/zrlog/common/target/classes/com/zrlog/util/PagerUtil.class]]
[checking com.zrlog.util.PagerVO]
[wrote RegularFileObject[/home/js/dev/repo/ridill/zrlog/common/target/classes/com/zrlog/util/PagerVO$PageEntry.class]]
[wrote RegularFileObject[/home/js/dev/repo/ridill/zrlog/common/target/classes/com/zrlog/util/PagerVO.class]]
[checking com.zrlog.common.request.ReadCommentRequest]
[wrote RegularFileObject[/home/js/dev/repo/ridill/zrlog/common/target/classes/com/zrlog/common/request/ReadCommentRequest.class]]
[checking com.zrlog.common.vo.Version]
[wrote RegularFileObject[/home/js/dev/repo/ridill/zrlog/common/target/classes/com/zrlog/common/vo/Version.class]]
[checking com.zrlog.common.request.ChangePasswordRequest]
[wrote RegularFileObject[/home/js/dev/repo/ridill/zrlog/common/target/classes/com/zrlog/common/request/ChangePasswordRequest.class]]
[checking com.zrlog.common.vo.OutlineVO]
[loading ZipFileIndexFileObject[/usr/lib/jvm/java-8-openjdk-amd64/lib/ct.sym(META-INF/sym/rt.jar/java/util/Comparator.class)]]
[loading ZipFileIndexFileObject[/usr/lib/jvm/java-8-openjdk-amd64/lib/ct.sym(META-INF/sym/rt.jar/java/util/function/UnaryOperator.class)]]
[loading ZipFileIndexFileObject[/usr/lib/jvm/java-8-openjdk-amd64/lib/ct.sym(META-INF/sym/rt.jar/java/util/function/Predicate.class)]]
[loading ZipFileIndexFileObject[/usr/lib/jvm/java-8-openjdk-amd64/lib/ct.sym(META-INF/sym/rt.jar/java/util/Spliterator.class)]]
[loading ZipFileIndexFileObject[/usr/lib/jvm/java-8-openjdk-amd64/lib/ct.sym(META-INF/sym/rt.jar/java/util/function/Consumer.class)]]
[loading ZipFileIndexFileObject[/usr/lib/jvm/java-8-openjdk-amd64/lib/ct.sym(META-INF/sym/rt.jar/java/util/ListIterator.class)]]
[loading ZipFileIndexFileObject[/usr/lib/jvm/java-8-openjdk-amd64/lib/ct.sym(META-INF/sym/rt.jar/java/util/stream/Stream.class)]]
[wrote RegularFileObject[/home/js/dev/repo/ridill/zrlog/common/target/classes/com/zrlog/common/vo/OutlineVO.class]]
[checking com.zrlog.common.vo.Outline]
[wrote RegularFileObject[/home/js/dev/repo/ridill/zrlog/common/target/classes/com/zrlog/common/vo/Outline.class]]
[checking com.zrlog.common.response.PageableResponse]
[wrote RegularFileObject[/home/js/dev/repo/ridill/zrlog/common/target/classes/com/zrlog/common/response/PageableResponse.class]]
[checking com.zrlog.common.response.LoadFileResponse]
[wrote RegularFileObject[/home/js/dev/repo/ridill/zrlog/common/target/classes/com/zrlog/common/response/LoadFileResponse.class]]
[checking com.zrlog.common.vo.AdminTokenVO]
[wrote RegularFileObject[/home/js/dev/repo/ridill/zrlog/common/target/classes/com/zrlog/common/vo/AdminTokenVO.class]]
[checking com.zrlog.util.OutlineUtil]
[wrote RegularFileObject[/home/js/dev/repo/ridill/zrlog/common/target/classes/com/zrlog/util/OutlineUtil.class]]
[checking com.zrlog.common.response.ApiStandardResponse]
[wrote RegularFileObject[/home/js/dev/repo/ridill/zrlog/common/target/classes/com/zrlog/common/response/ApiStandardResponse.class]]
[checking com.zrlog.common.type.TestConnectDbResult]
[wrote RegularFileObject[/home/js/dev/repo/ridill/zrlog/common/target/classes/com/zrlog/common/type/TestConnectDbResult.class]]
[checking com.zrlog.common.response.ListFileResponse]
[wrote RegularFileObject[/home/js/dev/repo/ridill/zrlog/common/target/classes/com/zrlog/common/response/ListFileResponse.class]]
[checking com.zrlog.web.util.PluginHelper]
[loading ZipFileIndexFileObject[/usr/lib/jvm/java-8-openjdk-amd64/lib/ct.sym(META-INF/sym/rt.jar/java/lang/ReflectiveOperationException.class)]]
[loading ZipFileIndexFileObject[/home/js/.m2/repository/com/hibegin/common-util/0.0.10/common-util-0.0.10.jar(com/hibegin/common/util/http/handle/HttpHandle.class)]]
[loading ZipFileIndexFileObject[/home/js/.m2/repository/javax/servlet/javax.servlet-api/3.1.0/javax.servlet-api-3.1.0.jar(javax/servlet/ServletInputStream.class)]]
[loading ZipFileIndexFileObject[/home/js/.m2/repository/org/apache/httpcomponents/httpcore/4.4.6/httpcore-4.4.6.jar(org/apache/http/HttpResponse.class)]]
[loading ZipFileIndexFileObject[/home/js/.m2/repository/org/apache/httpcomponents/httpcore/4.4.6/httpcore-4.4.6.jar(org/apache/http/HttpMessage.class)]]
[loading ZipFileIndexFileObject[/home/js/.m2/repository/org/apache/httpcomponents/httpcore/4.4.6/httpcore-4.4.6.jar(org/apache/http/HttpEntity.class)]]
[loading ZipFileIndexFileObject[/home/js/.m2/repository/org/apache/httpcomponents/httpcore/4.4.6/httpcore-4.4.6.jar(org/apache/http/StatusLine.class)]]
[loading ZipFileIndexFileObject[/home/js/.m2/repository/javax/servlet/javax.servlet-api/3.1.0/javax.servlet-api-3.1.0.jar(javax/servlet/ServletResponse.class)]]
[loading ZipFileIndexFileObject[/home/js/.m2/repository/javax/servlet/javax.servlet-api/3.1.0/javax.servlet-api-3.1.0.jar(javax/servlet/ServletOutputStream.class)]]
[loading ZipFileIndexFileObject[/usr/lib/jvm/java-8-openjdk-amd64/lib/ct.sym(META-INF/sym/rt.jar/java/lang/UnsupportedOperationException.class)]]
[wrote RegularFileObject[/home/js/dev/repo/ridill/zrlog/common/target/classes/com/zrlog/web/util/PluginHelper.class]]
[checking com.zrlog.common.response.ExceptionResponse]
[wrote RegularFileObject[/home/js/dev/repo/ridill/zrlog/common/target/classes/com/zrlog/common/response/ExceptionResponse.class]]
[checking com.zrlog.common.response.CreateOrUpdateArticleResponse]
[wrote RegularFileObject[/home/js/dev/repo/ridill/zrlog/common/target/classes/com/zrlog/common/response/CreateOrUpdateArticleResponse.class]]
[checking com.zrlog.common.response.LoginResponse]
[wrote RegularFileObject[/home/js/dev/repo/ridill/zrlog/common/target/classes/com/zrlog/common/response/LoginResponse.class]]
[checking com.zrlog.util.BlogBuildInfoUtil]
[loading ZipFileIndexFileObject[/usr/lib/jvm/java-8-openjdk-amd64/lib/ct.sym(META-INF/sym/rt.jar/java/text/DateFormat.class)]]
[loading ZipFileIndexFileObject[/usr/lib/jvm/java-8-openjdk-amd64/lib/ct.sym(META-INF/sym/rt.jar/java/text/Format.class)]]
[wrote RegularFileObject[/home/js/dev/repo/ridill/zrlog/common/target/classes/com/zrlog/util/BlogBuildInfoUtil.class]]
[checking com.zrlog.common.response.UpgradeProcessResponse]
[wrote RegularFileObject[/home/js/dev/repo/ridill/zrlog/common/target/classes/com/zrlog/common/response/UpgradeProcessResponse.class]]
[checking com.zrlog.common.response.UpdateRecordResponse]
[wrote RegularFileObject[/home/js/dev/repo/ridill/zrlog/common/target/classes/com/zrlog/common/response/UpdateRecordResponse.class]]
[checking com.zrlog.common.request.CreateCommentRequest]
[wrote RegularFileObject[/home/js/dev/repo/ridill/zrlog/common/target/classes/com/zrlog/common/request/CreateCommentRequest.class]]
[checking com.zrlog.common.response.CreateCommentResponse]
[wrote RegularFileObject[/home/js/dev/repo/ridill/zrlog/common/target/classes/com/zrlog/common/response/CreateCommentResponse.class]]
[checking com.zrlog.util.ThumbnailUtil]
[loading ZipFileIndexFileObject[/usr/lib/jvm/java-8-openjdk-amd64/lib/ct.sym(META-INF/sym/rt.jar/java/awt/image/BufferedImage.class)]]
[loading ZipFileIndexFileObject[/usr/lib/jvm/java-8-openjdk-amd64/lib/ct.sym(META-INF/sym/rt.jar/java/net/URL.class)]]
[loading ZipFileIndexFileObject[/home/js/.m2/repository/net/coobird/thumbnailator/0.4.8/thumbnailator-0.4.8.jar(net/coobird/thumbnailator/Thumbnails$Builder.class)]]
[wrote RegularFileObject[/home/js/dev/repo/ridill/zrlog/common/target/classes/com/zrlog/util/ThumbnailUtil.class]]
[checking com.zrlog.common.response.CheckVersionResponse]
[wrote RegularFileObject[/home/js/dev/repo/ridill/zrlog/common/target/classes/com/zrlog/common/response/CheckVersionResponse.class]]
[checking com.zrlog.common.request.LoginRequest]
[wrote RegularFileObject[/home/js/dev/repo/ridill/zrlog/common/target/classes/com/zrlog/common/request/LoginRequest.class]]
[checking com.zrlog.common.request.PageableRequest]
[wrote RegularFileObject[/home/js/dev/repo/ridill/zrlog/common/target/classes/com/zrlog/common/request/PageableRequest.class]]
[checking com.zrlog.common.response.WebSiteSettingUpdateResponse]
[wrote RegularFileObject[/home/js/dev/repo/ridill/zrlog/common/target/classes/com/zrlog/common/response/WebSiteSettingUpdateResponse.class]]
[checking com.zrlog.util.ZrLogUtil]
[loading ZipFileIndexFileObject[/home/js/.m2/repository/com/google/code/gson/gson/2.8.6/gson-2.8.6.jar(com/google/gson/JsonSyntaxException.class)]]
[loading ZipFileIndexFileObject[/home/js/.m2/repository/com/google/code/gson/gson/2.8.6/gson-2.8.6.jar(com/google/gson/JsonIOException.class)]]
[loading ZipFileIndexFileObject[/home/js/.m2/repository/com/google/code/gson/gson/2.8.6/gson-2.8.6.jar(com/google/gson/stream/JsonReader.class)]]
[loading ZipFileIndexFileObject[/usr/lib/jvm/java-8-openjdk-amd64/lib/ct.sym(META-INF/sym/rt.jar/java/util/Arrays.class)]]
[loading ZipFileIndexFileObject[/usr/lib/jvm/java-8-openjdk-amd64/lib/ct.sym(META-INF/sym/rt.jar/java/sql/PreparedStatement.class)]]
[loading ZipFileIndexFileObject[/usr/lib/jvm/java-8-openjdk-amd64/lib/ct.sym(META-INF/sym/rt.jar/java/sql/Wrapper.class)]]
[loading ZipFileIndexFileObject[/usr/lib/jvm/java-8-openjdk-amd64/lib/ct.sym(META-INF/sym/rt.jar/java/sql/Statement.class)]]
[loading ZipFileIndexFileObject[/usr/lib/jvm/java-8-openjdk-amd64/lib/ct.sym(META-INF/sym/rt.jar/java/lang/InterruptedException.class)]]
[loading ZipFileIndexFileObject[/usr/lib/jvm/java-8-openjdk-amd64/lib/ct.sym(META-INF/sym/rt.jar/java/sql/SQLException.class)]]
[loading ZipFileIndexFileObject[/usr/lib/jvm/java-8-openjdk-amd64/lib/ct.sym(META-INF/sym/rt.jar/java/sql/ResultSet.class)]]
[loading ZipFileIndexFileObject[/usr/lib/jvm/java-8-openjdk-amd64/lib/ct.sym(META-INF/sym/rt.jar/java/sql/DriverManager.class)]]
[loading ZipFileIndexFileObject[/usr/lib/jvm/java-8-openjdk-amd64/lib/ct.sym(META-INF/sym/rt.jar/java/lang/ClassNotFoundException.class)]]
[loading ZipFileIndexFileObject[/usr/lib/jvm/java-8-openjdk-amd64/lib/ct.sym(META-INF/sym/rt.jar/java/util/function/ToIntFunction.class)]]
[loading ZipFileIndexFileObject[/usr/lib/jvm/java-8-openjdk-amd64/lib/ct.sym(META-INF/sym/rt.jar/java/util/AbstractMap$SimpleEntry.class)]]
[loading ZipFileIndexFileObject[/home/js/.m2/repository/eu/bitwalker/UserAgentUtils/1.21/UserAgentUtils-1.21.jar(eu/bitwalker/useragentutils/Browser.class)]]
[loading ZipFileIndexFileObject[/home/js/.m2/repository/com/google/code/gson/gson/2.8.6/gson-2.8.6.jar(com/google/gson/JsonParseException.class)]]
[wrote RegularFileObject[/home/js/dev/repo/ridill/zrlog/common/target/classes/com/zrlog/util/ZrLogUtil.class]]
[checking com.zrlog.common.request.UpgradeSettingRequest]
[wrote RegularFileObject[/home/js/dev/repo/ridill/zrlog/common/target/classes/com/zrlog/common/request/UpgradeSettingRequest.class]]
[total 649ms]
