[parsing started RegularFileObject[/home/js/dev/repo/ridill/zrlog/data/src/main/java/com/zrlog/model/WebSite.java]]
[parsing completed 15ms]
[parsing started RegularFileObject[/home/js/dev/repo/ridill/zrlog/data/src/main/java/com/zrlog/model/ModelUtil.java]]
[parsing completed 1ms]
[parsing started RegularFileObject[/home/js/dev/repo/ridill/zrlog/data/src/main/java/com/zrlog/model/Tag.java]]
[parsing completed 4ms]
[parsing started RegularFileObject[/home/js/dev/repo/ridill/zrlog/data/src/main/java/com/zrlog/model/Log.java]]
[parsing completed 7ms]
[parsing started RegularFileObject[/home/js/dev/repo/ridill/zrlog/data/src/main/java/com/zrlog/model/Comment.java]]
[parsing completed 1ms]
[parsing started RegularFileObject[/home/js/dev/repo/ridill/zrlog/data/src/main/java/com/zrlog/model/Link.java]]
[parsing completed 1ms]
[parsing started RegularFileObject[/home/js/dev/repo/ridill/zrlog/data/src/main/java/com/zrlog/model/Plugin.java]]
[parsing completed 0ms]
[parsing started RegularFileObject[/home/js/dev/repo/ridill/zrlog/data/src/main/java/com/zrlog/model/Type.java]]
[parsing completed 1ms]
[parsing started RegularFileObject[/home/js/dev/repo/ridill/zrlog/data/src/main/java/com/zrlog/model/LogNav.java]]
[parsing completed 1ms]
[parsing started RegularFileObject[/home/js/dev/repo/ridill/zrlog/data/src/main/java/com/zrlog/model/User.java]]
[parsing completed 1ms]
[search path for source files: /home/js/dev/repo/ridill/zrlog/data/src/main/java,/home/js/dev/repo/ridill/zrlog/data/target/generated-sources/annotations]
[search path for class files: /usr/lib/jvm/java-8-openjdk-amd64/jre/lib/resources.jar,/usr/lib/jvm/java-8-openjdk-amd64/jre/lib/rt.jar,/usr/lib/jvm/java-8-openjdk-amd64/jre/lib/sunrsasign.jar,/usr/lib/jvm/java-8-openjdk-amd64/jre/lib/jsse.jar,/usr/lib/jvm/java-8-openjdk-amd64/jre/lib/jce.jar,/usr/lib/jvm/java-8-openjdk-amd64/jre/lib/charsets.jar,/usr/lib/jvm/java-8-openjdk-amd64/jre/lib/jfr.jar,/usr/lib/jvm/java-8-openjdk-amd64/jre/classes,/usr/lib/jvm/java-8-openjdk-amd64/jre/lib/ext/sunjce_provider.jar,/usr/lib/jvm/java-8-openjdk-amd64/jre/lib/ext/jaccess.jar,/usr/lib/jvm/java-8-openjdk-amd64/jre/lib/ext/nashorn.jar,/usr/lib/jvm/java-8-openjdk-amd64/jre/lib/ext/sunec.jar,/usr/lib/jvm/java-8-openjdk-amd64/jre/lib/ext/sunpkcs11.jar,/usr/lib/jvm/java-8-openjdk-amd64/jre/lib/ext/icedtea-sound.jar,/usr/lib/jvm/java-8-openjdk-amd64/jre/lib/ext/dnsns.jar,/usr/lib/jvm/java-8-openjdk-amd64/jre/lib/ext/zipfs.jar,/usr/lib/jvm/java-8-openjdk-amd64/jre/lib/ext/cldrdata.jar,/usr/lib/jvm/java-8-openjdk-amd64/jre/lib/ext/localedata.jar,/home/js/dev/repo/ridill/zrlog/data/target/classes,/home/js/dev/repo/ridill/zrlog/common/target/classes,/home/js/.m2/repository/com/hibegin/common-util/0.0.10/common-util-0.0.10.jar,/home/js/.m2/repository/com/google/code/gson/gson/2.8.6/gson-2.8.6.jar,/home/js/.m2/repository/org/jsoup/jsoup/1.12.1/jsoup-1.12.1.jar,/home/js/.m2/repository/net/coobird/thumbnailator/0.4.8/thumbnailator-0.4.8.jar,/home/js/.m2/repository/org/apache/httpcomponents/httpclient/4.5.3/httpclient-4.5.3.jar,/home/js/.m2/repository/org/apache/httpcomponents/httpcore/4.4.6/httpcore-4.4.6.jar,/home/js/.m2/repository/commons-logging/commons-logging/1.2/commons-logging-1.2.jar,/home/js/.m2/repository/commons-codec/commons-codec/1.9/commons-codec-1.9.jar,/home/js/.m2/repository/com/atlassian/commonmark/commonmark/0.11.0/commonmark-0.11.0.jar,/home/js/.m2/repository/eu/bitwalker/UserAgentUtils/1.21/UserAgentUtils-1.21.jar,/home/js/.m2/repository/com/zaxxer/HikariCP/3.4.1/HikariCP-3.4.1.jar,/home/js/.m2/repository/mysql/mysql-connector-java/8.0.17/mysql-connector-java-8.0.17.jar,/home/js/.m2/repository/com/google/protobuf/protobuf-java/3.6.1/protobuf-java-3.6.1.jar,/home/js/.m2/repository/com/jfinal/jfinal/4.8/jfinal-4.8.jar,/home/js/.m2/repository/org/slf4j/slf4j-api/1.7.12/slf4j-api-1.7.12.jar,/home/js/.m2/repository/org/slf4j/slf4j-log4j12/1.7.12/slf4j-log4j12-1.7.12.jar,/home/js/.m2/repository/log4j/log4j/1.2.17/log4j-1.2.17.jar,.]
[loading ZipFileIndexFileObject[/home/js/.m2/repository/com/jfinal/jfinal/4.8/jfinal-4.8.jar(com/jfinal/plugin/activerecord/Db.class)]]
[loading ZipFileIndexFileObject[/home/js/.m2/repository/com/jfinal/jfinal/4.8/jfinal-4.8.jar(com/jfinal/plugin/activerecord/Model.class)]]
[loading ZipFileIndexFileObject[/usr/lib/jvm/java-8-openjdk-amd64/lib/ct.sym(META-INF/sym/rt.jar/java/util/HashMap.class)]]
[loading ZipFileIndexFileObject[/usr/lib/jvm/java-8-openjdk-amd64/lib/ct.sym(META-INF/sym/rt.jar/java/util/List.class)]]
[loading ZipFileIndexFileObject[/usr/lib/jvm/java-8-openjdk-amd64/lib/ct.sym(META-INF/sym/rt.jar/java/util/Map.class)]]
[loading ZipFileIndexFileObject[/usr/lib/jvm/java-8-openjdk-amd64/lib/ct.sym(META-INF/sym/rt.jar/java/io/Serializable.class)]]
[loading ZipFileIndexFileObject[/usr/lib/jvm/java-8-openjdk-amd64/lib/ct.sym(META-INF/sym/rt.jar/java/lang/Object.class)]]
[loading ZipFileIndexFileObject[/usr/lib/jvm/java-8-openjdk-amd64/lib/ct.sym(META-INF/sym/rt.jar/java/lang/String.class)]]
[loading RegularFileObject[/home/js/dev/repo/ridill/zrlog/common/target/classes/com/zrlog/util/ParseUtil.class]]
[loading ZipFileIndexFileObject[/home/js/.m2/repository/com/hibegin/common-util/0.0.10/common-util-0.0.10.jar(com/hibegin/common/util/StringUtils.class)]]
[loading RegularFileObject[/home/js/dev/repo/ridill/zrlog/common/target/classes/com/zrlog/common/request/PageableRequest.class]]
[loading ZipFileIndexFileObject[/home/js/.m2/repository/org/slf4j/slf4j-api/1.7.12/slf4j-api-1.7.12.jar(org/slf4j/LoggerFactory.class)]]
[loading ZipFileIndexFileObject[/home/js/.m2/repository/org/slf4j/slf4j-api/1.7.12/slf4j-api-1.7.12.jar(org/slf4j/Logger.class)]]
[loading ZipFileIndexFileObject[/usr/lib/jvm/java-8-openjdk-amd64/lib/ct.sym(META-INF/sym/rt.jar/java/util/Set.class)]]
[loading ZipFileIndexFileObject[/usr/lib/jvm/java-8-openjdk-amd64/lib/ct.sym(META-INF/sym/rt.jar/java/math/BigDecimal.class)]]
[loading ZipFileIndexFileObject[/usr/lib/jvm/java-8-openjdk-amd64/lib/ct.sym(META-INF/sym/rt.jar/java/sql/Timestamp.class)]]
[loading ZipFileIndexFileObject[/usr/lib/jvm/java-8-openjdk-amd64/lib/ct.sym(META-INF/sym/rt.jar/java/text/SimpleDateFormat.class)]]
[loading ZipFileIndexFileObject[/usr/lib/jvm/java-8-openjdk-amd64/lib/ct.sym(META-INF/sym/rt.jar/java/lang/Long.class)]]
[loading ZipFileIndexFileObject[/usr/lib/jvm/java-8-openjdk-amd64/lib/ct.sym(META-INF/sym/rt.jar/java/util/Date.class)]]
[checking com.zrlog.model.WebSite]
[loading ZipFileIndexFileObject[/home/js/.m2/repository/com/jfinal/jfinal/4.8/jfinal-4.8.jar(com/jfinal/plugin/activerecord/DaoTemplate.class)]]
[loading ZipFileIndexFileObject[/home/js/.m2/repository/com/jfinal/jfinal/4.8/jfinal-4.8.jar(com/jfinal/plugin/activerecord/Page.class)]]
[loading ZipFileIndexFileObject[/usr/lib/jvm/java-8-openjdk-amd64/lib/ct.sym(META-INF/sym/rt.jar/java/lang/Class.class)]]
[loading ZipFileIndexFileObject[/usr/lib/jvm/java-8-openjdk-amd64/lib/ct.sym(META-INF/sym/rt.jar/java/util/Map$Entry.class)]]
[loading ZipFileIndexFileObject[/usr/lib/jvm/java-8-openjdk-amd64/lib/ct.sym(META-INF/sym/rt.jar/java/lang/AutoCloseable.class)]]
[loading ZipFileIndexFileObject[/usr/lib/jvm/java-8-openjdk-amd64/lib/ct.sym(META-INF/sym/rt.jar/java/util/AbstractMap.class)]]
[loading ZipFileIndexFileObject[/usr/lib/jvm/java-8-openjdk-amd64/lib/ct.sym(META-INF/sym/rt.jar/java/lang/Comparable.class)]]
[loading ZipFileIndexFileObject[/usr/lib/jvm/java-8-openjdk-amd64/lib/ct.sym(META-INF/sym/rt.jar/java/lang/CharSequence.class)]]
[loading ZipFileIndexFileObject[/home/js/.m2/repository/com/jfinal/jfinal/4.8/jfinal-4.8.jar(com/jfinal/plugin/activerecord/SqlPara.class)]]
[loading ZipFileIndexFileObject[/usr/lib/jvm/java-8-openjdk-amd64/lib/ct.sym(META-INF/sym/rt.jar/java/lang/Iterable.class)]]
[loading ZipFileIndexFileObject[/usr/lib/jvm/java-8-openjdk-amd64/lib/ct.sym(META-INF/sym/rt.jar/java/util/Collection.class)]]
[loading ZipFileIndexFileObject[/usr/lib/jvm/java-8-openjdk-amd64/lib/ct.sym(META-INF/sym/rt.jar/java/lang/Byte.class)]]
[loading ZipFileIndexFileObject[/usr/lib/jvm/java-8-openjdk-amd64/lib/ct.sym(META-INF/sym/rt.jar/java/lang/Character.class)]]
[loading ZipFileIndexFileObject[/usr/lib/jvm/java-8-openjdk-amd64/lib/ct.sym(META-INF/sym/rt.jar/java/lang/Short.class)]]
[loading ZipFileIndexFileObject[/usr/lib/jvm/java-8-openjdk-amd64/lib/ct.sym(META-INF/sym/rt.jar/java/lang/Float.class)]]
[loading ZipFileIndexFileObject[/usr/lib/jvm/java-8-openjdk-amd64/lib/ct.sym(META-INF/sym/rt.jar/java/lang/Integer.class)]]
[loading ZipFileIndexFileObject[/usr/lib/jvm/java-8-openjdk-amd64/lib/ct.sym(META-INF/sym/rt.jar/java/lang/Double.class)]]
[loading ZipFileIndexFileObject[/usr/lib/jvm/java-8-openjdk-amd64/lib/ct.sym(META-INF/sym/rt.jar/java/lang/Boolean.class)]]
[loading ZipFileIndexFileObject[/usr/lib/jvm/java-8-openjdk-amd64/lib/ct.sym(META-INF/sym/rt.jar/java/lang/Void.class)]]
[loading ZipFileIndexFileObject[/usr/lib/jvm/java-8-openjdk-amd64/lib/ct.sym(META-INF/sym/rt.jar/java/lang/Number.class)]]
[loading ZipFileIndexFileObject[/home/js/.m2/repository/com/jfinal/jfinal/4.8/jfinal-4.8.jar(com/jfinal/plugin/activerecord/Config.class)]]
[loading ZipFileIndexFileObject[/usr/lib/jvm/java-8-openjdk-amd64/lib/ct.sym(META-INF/sym/rt.jar/java/lang/NullPointerException.class)]]
[loading ZipFileIndexFileObject[/usr/lib/jvm/java-8-openjdk-amd64/lib/ct.sym(META-INF/sym/rt.jar/java/lang/RuntimeException.class)]]
[loading ZipFileIndexFileObject[/usr/lib/jvm/java-8-openjdk-amd64/lib/ct.sym(META-INF/sym/rt.jar/java/lang/Exception.class)]]
[loading ZipFileIndexFileObject[/usr/lib/jvm/java-8-openjdk-amd64/lib/ct.sym(META-INF/sym/rt.jar/java/lang/Throwable.class)]]
[loading ZipFileIndexFileObject[/usr/lib/jvm/java-8-openjdk-amd64/lib/ct.sym(META-INF/sym/rt.jar/java/lang/Error.class)]]
[loading ZipFileIndexFileObject[/usr/lib/jvm/java-8-openjdk-amd64/lib/ct.sym(META-INF/sym/rt.jar/java/util/Iterator.class)]]
[loading ZipFileIndexFileObject[/usr/lib/jvm/java-8-openjdk-amd64/lib/ct.sym(META-INF/sym/rt.jar/java/lang/StringBuilder.class)]]
[loading ZipFileIndexFileObject[/usr/lib/jvm/java-8-openjdk-amd64/lib/ct.sym(META-INF/sym/rt.jar/java/lang/AbstractStringBuilder.class)]]
[loading ZipFileIndexFileObject[/usr/lib/jvm/java-8-openjdk-amd64/lib/ct.sym(META-INF/sym/rt.jar/java/lang/Appendable.class)]]
[loading ZipFileIndexFileObject[/usr/lib/jvm/java-8-openjdk-amd64/lib/ct.sym(META-INF/sym/rt.jar/java/lang/StringBuffer.class)]]
[wrote RegularFileObject[/home/js/dev/repo/ridill/zrlog/data/target/classes/com/zrlog/model/WebSite.class]]
[checking com.zrlog.model.ModelUtil]
[wrote RegularFileObject[/home/js/dev/repo/ridill/zrlog/data/target/classes/com/zrlog/model/ModelUtil.class]]
[checking com.zrlog.model.Tag]
[loading ZipFileIndexFileObject[/usr/lib/jvm/java-8-openjdk-amd64/lib/ct.sym(META-INF/sym/rt.jar/java/util/HashSet.class)]]
[loading ZipFileIndexFileObject[/usr/lib/jvm/java-8-openjdk-amd64/lib/ct.sym(META-INF/sym/rt.jar/java/util/AbstractSet.class)]]
[loading ZipFileIndexFileObject[/usr/lib/jvm/java-8-openjdk-amd64/lib/ct.sym(META-INF/sym/rt.jar/java/util/AbstractCollection.class)]]
[loading ZipFileIndexFileObject[/usr/lib/jvm/java-8-openjdk-amd64/lib/ct.sym(META-INF/sym/rt.jar/java/util/function/BiFunction.class)]]
[loading ZipFileIndexFileObject[/home/js/.m2/repository/org/slf4j/slf4j-api/1.7.12/slf4j-api-1.7.12.jar(org/slf4j/Marker.class)]]
[loading ZipFileIndexFileObject[/usr/lib/jvm/java-8-openjdk-amd64/lib/ct.sym(META-INF/sym/rt.jar/java/lang/invoke/LambdaMetafactory.class)]]
[loading ZipFileIndexFileObject[/usr/lib/jvm/java-8-openjdk-amd64/lib/ct.sym(META-INF/sym/rt.jar/java/lang/invoke/MethodHandles.class)]]
[loading ZipFileIndexFileObject[/usr/lib/jvm/java-8-openjdk-amd64/lib/ct.sym(META-INF/sym/rt.jar/java/lang/invoke/MethodHandles$Lookup.class)]]
[loading ZipFileIndexFileObject[/usr/lib/jvm/java-8-openjdk-amd64/lib/ct.sym(META-INF/sym/rt.jar/java/lang/invoke/MethodType.class)]]
[loading ZipFileIndexFileObject[/usr/lib/jvm/java-8-openjdk-amd64/lib/ct.sym(META-INF/sym/rt.jar/java/lang/invoke/MethodHandle.class)]]
[loading ZipFileIndexFileObject[/usr/lib/jvm/java-8-openjdk-amd64/lib/ct.sym(META-INF/sym/rt.jar/java/lang/invoke/CallSite.class)]]
[wrote RegularFileObject[/home/js/dev/repo/ridill/zrlog/data/target/classes/com/zrlog/model/Tag.class]]
[checking com.zrlog.model.Log]
[loading ZipFileIndexFileObject[/usr/lib/jvm/java-8-openjdk-amd64/lib/ct.sym(META-INF/sym/rt.jar/java/util/ArrayList.class)]]
[loading ZipFileIndexFileObject[/usr/lib/jvm/java-8-openjdk-amd64/lib/ct.sym(META-INF/sym/rt.jar/java/util/AbstractList.class)]]
[loading ZipFileIndexFileObject[/usr/lib/jvm/java-8-openjdk-amd64/lib/ct.sym(META-INF/sym/rt.jar/java/sql/SQLException.class)]]
[loading ZipFileIndexFileObject[/usr/lib/jvm/java-8-openjdk-amd64/lib/ct.sym(META-INF/sym/rt.jar/java/util/LinkedHashMap.class)]]
[loading ZipFileIndexFileObject[/usr/lib/jvm/java-8-openjdk-amd64/lib/ct.sym(META-INF/sym/rt.jar/java/lang/Cloneable.class)]]
[loading ZipFileIndexFileObject[/usr/lib/jvm/java-8-openjdk-amd64/lib/ct.sym(META-INF/sym/rt.jar/java/text/DateFormat.class)]]
[loading ZipFileIndexFileObject[/usr/lib/jvm/java-8-openjdk-amd64/lib/ct.sym(META-INF/sym/rt.jar/java/text/Format.class)]]
[loading ZipFileIndexFileObject[/usr/lib/jvm/java-8-openjdk-amd64/lib/ct.sym(META-INF/sym/rt.jar/java/math/BigInteger.class)]]
[wrote RegularFileObject[/home/js/dev/repo/ridill/zrlog/data/target/classes/com/zrlog/model/Log.class]]
[checking com.zrlog.model.Comment]
[loading ZipFileIndexFileObject[/home/js/.m2/repository/com/jfinal/jfinal/4.8/jfinal-4.8.jar(com/jfinal/plugin/activerecord/Record.class)]]
[wrote RegularFileObject[/home/js/dev/repo/ridill/zrlog/data/target/classes/com/zrlog/model/Comment.class]]
[checking com.zrlog.model.Link]
[wrote RegularFileObject[/home/js/dev/repo/ridill/zrlog/data/target/classes/com/zrlog/model/Link.class]]
[checking com.zrlog.model.Plugin]
[wrote RegularFileObject[/home/js/dev/repo/ridill/zrlog/data/target/classes/com/zrlog/model/Plugin.class]]
[checking com.zrlog.model.Type]
[wrote RegularFileObject[/home/js/dev/repo/ridill/zrlog/data/target/classes/com/zrlog/model/Type.class]]
[checking com.zrlog.model.LogNav]
[wrote RegularFileObject[/home/js/dev/repo/ridill/zrlog/data/target/classes/com/zrlog/model/LogNav.class]]
[checking com.zrlog.model.User]
[wrote RegularFileObject[/home/js/dev/repo/ridill/zrlog/data/target/classes/com/zrlog/model/User.class]]
[total 466ms]
